[ 2016-04-14T12:51:30+08:00 ] 10.10.24.237 /index.php/admin/index/index.html
INFO: [ app_init ] --START--
INFO: Run Behavior\BuildLiteBehavior [ RunTime:0.000000s ]
INFO: [ app_init ] --END-- [ RunTime:0.000000s ]
INFO: [ app_begin ] --START--
INFO: Run Behavior\ReadHtmlCacheBehavior [ RunTime:0.000000s ]
INFO: [ app_begin ] --END-- [ RunTime:0.000000s ]
INFO: [ view_parse ] --START--
INFO: [ template_filter ] --START--
INFO: Run Behavior\ContentReplaceBehavior [ RunTime:0.000000s ]
INFO: [ template_filter ] --END-- [ RunTime:0.000000s ]
INFO: Run Behavior\ParseTemplateBehavior [ RunTime:0.006000s ]
INFO: [ view_parse ] --END-- [ RunTime:0.006000s ]
INFO: [ view_filter ] --START--
INFO: Run Behavior\WriteHtmlCacheBehavior [ RunTime:0.000000s ]
INFO: [ view_filter ] --END-- [ RunTime:0.000000s ]
INFO: [ app_end ] --START--
INFO: Run Behavior\ShowPageTraceBehavior [ RunTime:0.000000s ]
INFO: [ app_end ] --END-- [ RunTime:0.000000s ]

[ 2016-04-14T12:51:31+08:00 ] 10.10.24.237 /index.php/Admin/Index/body
INFO: [ app_init ] --START--
INFO: Run Behavior\BuildLiteBehavior [ RunTime:0.000000s ]
INFO: [ app_init ] --END-- [ RunTime:0.000000s ]
INFO: [ app_begin ] --START--
INFO: Run Behavior\ReadHtmlCacheBehavior [ RunTime:0.000000s ]
INFO: [ app_begin ] --END-- [ RunTime:0.000000s ]
INFO: [ view_parse ] --START--
INFO: [ template_filter ] --START--
INFO: Run Behavior\ContentReplaceBehavior [ RunTime:0.000000s ]
INFO: [ template_filter ] --END-- [ RunTime:0.000000s ]
INFO: Run Behavior\ParseTemplateBehavior [ RunTime:0.004000s ]
INFO: [ view_parse ] --END-- [ RunTime:0.004000s ]
INFO: [ view_filter ] --START--
INFO: Run Behavior\WriteHtmlCacheBehavior [ RunTime:0.000000s ]
INFO: [ view_filter ] --END-- [ RunTime:0.000000s ]
INFO: [ app_end ] --START--
INFO: Run Behavior\ShowPageTraceBehavior [ RunTime:0.000000s ]
INFO: [ app_end ] --END-- [ RunTime:0.000000s ]

[ 2016-04-14T12:51:35+08:00 ] 10.10.24.237 /index.php/admin/Merchant/submerchants
INFO: [ app_init ] --START--
INFO: Run Behavior\BuildLiteBehavior [ RunTime:0.000000s ]
INFO: [ app_init ] --END-- [ RunTime:0.000000s ]
INFO: [ app_begin ] --START--
INFO: Run Behavior\ReadHtmlCacheBehavior [ RunTime:0.001000s ]
INFO: [ app_begin ] --END-- [ RunTime:0.001000s ]
INFO: [ view_parse ] --START--
INFO: [ template_filter ] --START--
INFO: Run Behavior\ContentReplaceBehavior [ RunTime:0.000000s ]
INFO: [ template_filter ] --END-- [ RunTime:0.000000s ]
NOTIC: [8] Undefined variable: config E:\PhpstormProjects\pay\pay\Runtime\Cache\Admin\ef7d64741b9483391cc466c87cc5eab7.php 第 80 行.
NOTIC: [8] Undefined variable: config E:\PhpstormProjects\pay\pay\Runtime\Cache\Admin\ef7d64741b9483391cc466c87cc5eab7.php 第 86 行.
NOTIC: [8] Undefined variable: config E:\PhpstormProjects\pay\pay\Runtime\Cache\Admin\ef7d64741b9483391cc466c87cc5eab7.php 第 92 行.
NOTIC: [8] Undefined variable: config E:\PhpstormProjects\pay\pay\Runtime\Cache\Admin\ef7d64741b9483391cc466c87cc5eab7.php 第 98 行.
NOTIC: [8] Undefined variable: config E:\PhpstormProjects\pay\pay\Runtime\Cache\Admin\ef7d64741b9483391cc466c87cc5eab7.php 第 104 行.
INFO: Run Behavior\ParseTemplateBehavior [ RunTime:0.006000s ]
INFO: [ view_parse ] --END-- [ RunTime:0.006000s ]
INFO: [ view_filter ] --START--
INFO: Run Behavior\WriteHtmlCacheBehavior [ RunTime:0.001000s ]
INFO: [ view_filter ] --END-- [ RunTime:0.001000s ]
INFO: [ app_end ] --START--
INFO: Run Behavior\ShowPageTraceBehavior [ RunTime:0.000000s ]
INFO: [ app_end ] --END-- [ RunTime:0.000000s ]

[ 2016-04-14T12:51:36+08:00 ] 10.10.24.237 /index.php/admin/merchant/submerchants
INFO: [ app_init ] --START--
INFO: Run Behavior\BuildLiteBehavior [ RunTime:0.000000s ]
INFO: [ app_init ] --END-- [ RunTime:0.001000s ]
INFO: [ app_begin ] --START--
INFO: Run Behavior\ReadHtmlCacheBehavior [ RunTime:0.000000s ]
INFO: [ app_begin ] --END-- [ RunTime:0.000000s ]
SQL: SHOW COLUMNS FROM `tgyx_merchant` [ RunTime:0.0020s ]
SQL: SELECT COUNT(*) AS tp_count FROM `tgyx_merchant` WHERE ( 1=1 AND pid=5 AND (parent_id=0 OR id=0) ) LIMIT 1   [ RunTime:0.0010s ]
NOTIC: [8] Undefined index: sort E:\PhpstormProjects\pay\pay\Admin\Controller\MerchantController.class.php 第 135 行.
SQL: SELECT `id`,`username`,`merchantname`,`email`,`pid`,`salt`,`parent_id` FROM `tgyx_merchant` WHERE ( 1=1 AND pid=5 AND (parent_id=0 OR id=0) ) LIMIT 0,20   [ RunTime:0.0000s ]

[ 2016-04-14T12:51:49+08:00 ] 10.10.24.237 /index.php/admin/Order/proxyorders
INFO: [ app_init ] --START--
INFO: Run Behavior\BuildLiteBehavior [ RunTime:0.000000s ]
INFO: [ app_init ] --END-- [ RunTime:0.000000s ]
INFO: [ app_begin ] --START--
INFO: Run Behavior\ReadHtmlCacheBehavior [ RunTime:0.001000s ]
INFO: [ app_begin ] --END-- [ RunTime:0.001000s ]
SQL: SHOW COLUMNS FROM `tgyx_merchant` [ RunTime:0.0020s ]
SQL: SELECT `id`,`merchantname` FROM `tgyx_merchant` WHERE ( pid='5' )  [ RunTime:0.0000s ]
INFO: [ view_parse ] --START--
INFO: [ template_filter ] --START--
INFO: Run Behavior\ContentReplaceBehavior [ RunTime:0.000000s ]
INFO: [ template_filter ] --END-- [ RunTime:0.000000s ]
NOTIC: [8] Undefined index: pretend E:\PhpstormProjects\pay\pay\Runtime\Cache\Admin\24de6084d385774593bf25b1c094fa92.php 第 55 行.
INFO: Run Behavior\ParseTemplateBehavior [ RunTime:0.008000s ]
INFO: [ view_parse ] --END-- [ RunTime:0.008000s ]
INFO: [ view_filter ] --START--
INFO: Run Behavior\WriteHtmlCacheBehavior [ RunTime:0.000000s ]
INFO: [ view_filter ] --END-- [ RunTime:0.000000s ]
INFO: [ app_end ] --START--
INFO: Run Behavior\ShowPageTraceBehavior [ RunTime:0.001000s ]
INFO: [ app_end ] --END-- [ RunTime:0.001000s ]

[ 2016-04-14T12:51:50+08:00 ] 10.10.24.237 /index.php/admin/order/proxyorders
INFO: [ app_init ] --START--
INFO: Run Behavior\BuildLiteBehavior [ RunTime:0.001000s ]
INFO: [ app_init ] --END-- [ RunTime:0.001000s ]
INFO: [ app_begin ] --START--
INFO: Run Behavior\ReadHtmlCacheBehavior [ RunTime:0.000000s ]
INFO: [ app_begin ] --END-- [ RunTime:0.000000s ]
SQL: SHOW COLUMNS FROM `tgyx_order` [ RunTime:0.0230s ]
SQL: SELECT COUNT(*) AS tp_count FROM `tgyx_order` WHERE ( 1=1 AND is_pay=1 AND pmid=5 ) LIMIT 1   [ RunTime:0.0000s ]
NOTIC: [8] Undefined index: sort E:\PhpstormProjects\pay\pay\Admin\Controller\OrderController.class.php 第 89 行.
SQL: SELECT * FROM `tgyx_order` WHERE ( 1=1 AND is_pay=1 AND pmid=5 ) ORDER BY id desc LIMIT 0,20   [ RunTime:0.0010s ]

[ 2016-04-14T12:52:04+08:00 ] 10.10.24.237 /index.php/admin/Order/proxystatistics
INFO: [ app_init ] --START--
INFO: Run Behavior\BuildLiteBehavior [ RunTime:0.000000s ]
INFO: [ app_init ] --END-- [ RunTime:0.001000s ]
INFO: [ app_begin ] --START--
INFO: Run Behavior\ReadHtmlCacheBehavior [ RunTime:0.000000s ]
INFO: [ app_begin ] --END-- [ RunTime:0.000000s ]
SQL: SHOW COLUMNS FROM `tgyx_merchant` [ RunTime:0.0030s ]
SQL: SELECT `id`,`merchantname` FROM `tgyx_merchant` WHERE ( pid='5' )  [ RunTime:0.0010s ]
INFO: [ view_parse ] --START--
INFO: [ template_filter ] --START--
INFO: Run Behavior\ContentReplaceBehavior [ RunTime:0.000000s ]
INFO: [ template_filter ] --END-- [ RunTime:0.000000s ]
NOTIC: [8] Undefined index: pretend E:\PhpstormProjects\pay\pay\Runtime\Cache\Admin\e746e7ff4e2d37d9711b64ba3b986349.php 第 52 行.
NOTIC: [8] Undefined index: pretend E:\PhpstormProjects\pay\pay\Runtime\Cache\Admin\e746e7ff4e2d37d9711b64ba3b986349.php 第 91 行.
INFO: Run Behavior\ParseTemplateBehavior [ RunTime:0.011001s ]
INFO: [ view_parse ] --END-- [ RunTime:0.011001s ]
INFO: [ view_filter ] --START--
INFO: Run Behavior\WriteHtmlCacheBehavior [ RunTime:0.000000s ]
INFO: [ view_filter ] --END-- [ RunTime:0.000000s ]
INFO: [ app_end ] --START--
INFO: Run Behavior\ShowPageTraceBehavior [ RunTime:0.000000s ]
INFO: [ app_end ] --END-- [ RunTime:0.000000s ]

[ 2016-04-14T12:52:06+08:00 ] 10.10.24.237 /index.php/admin/Order/proxystatistics
INFO: [ app_init ] --START--
INFO: Run Behavior\BuildLiteBehavior [ RunTime:0.000000s ]
INFO: [ app_init ] --END-- [ RunTime:0.001001s ]
INFO: [ app_begin ] --START--
INFO: Run Behavior\ReadHtmlCacheBehavior [ RunTime:0.000000s ]
INFO: [ app_begin ] --END-- [ RunTime:0.000000s ]
SQL: SHOW COLUMNS FROM `tgyx_order` [ RunTime:0.0030s ]
SQL: SELECT FROM_UNIXTIME(create_time,'%Y-%m-%d %H') as labels,COUNT(id) as total,SUM(total_fee)/100 as total_fee,SUM(refund_fee)/100 as total_refund FROM tgyx_order where is_pay=1 AND 1=1 AND pmid=5 AND FROM_UNIXTIME(create_time,'%Y%m%d')>=FROM_UNIXTIME(1460476800,'%Y%m%d') AND FROM_UNIXTIME(create_time,'%Y%m%d')<=FROM_UNIXTIME(1460563200,'%Y%m%d') GROUP BY labels [ RunTime:0.0020s ]

[ 2016-04-14T12:52:07+08:00 ] 10.10.24.237 /index.php/admin/Order/proxystatistics
INFO: [ app_init ] --START--
INFO: Run Behavior\BuildLiteBehavior [ RunTime:0.000000s ]
INFO: [ app_init ] --END-- [ RunTime:0.000000s ]
INFO: [ app_begin ] --START--
INFO: Run Behavior\ReadHtmlCacheBehavior [ RunTime:0.001000s ]
INFO: [ app_begin ] --END-- [ RunTime:0.001000s ]
SQL: SHOW COLUMNS FROM `tgyx_order` [ RunTime:0.0030s ]
SQL: SELECT FROM_UNIXTIME(create_time,'%Y-%m-%d') as labels,COUNT(id) as total,SUM(total_fee)/100 as total_fee,SUM(refund_fee)/100 as total_refund FROM tgyx_order where is_pay=1 AND 1=1 AND pmid=5 AND FROM_UNIXTIME(create_time,'%Y%m')>=FROM_UNIXTIME(1456761600,'%Y%m') AND FROM_UNIXTIME(create_time,'%Y%m')<=FROM_UNIXTIME(1459440000,'%Y%m') GROUP BY labels [ RunTime:0.0020s ]

[ 2016-04-14T12:52:16+08:00 ] 10.10.24.237 /index.php/admin/Order/proxyorders
INFO: [ app_init ] --START--
INFO: Run Behavior\BuildLiteBehavior [ RunTime:0.000000s ]
INFO: [ app_init ] --END-- [ RunTime:0.001000s ]
INFO: [ app_begin ] --START--
INFO: Run Behavior\ReadHtmlCacheBehavior [ RunTime:0.000000s ]
INFO: [ app_begin ] --END-- [ RunTime:0.000000s ]
SQL: SHOW COLUMNS FROM `tgyx_merchant` [ RunTime:0.0020s ]
SQL: SELECT `id`,`merchantname` FROM `tgyx_merchant` WHERE ( pid='5' )  [ RunTime:0.0010s ]
INFO: [ view_parse ] --START--
INFO: [ template_filter ] --START--
INFO: Run Behavior\ContentReplaceBehavior [ RunTime:0.001000s ]
INFO: [ template_filter ] --END-- [ RunTime:0.001000s ]
NOTIC: [8] Undefined index: pretend E:\PhpstormProjects\pay\pay\Runtime\Cache\Admin\24de6084d385774593bf25b1c094fa92.php 第 55 行.
INFO: Run Behavior\ParseTemplateBehavior [ RunTime:0.009001s ]
INFO: [ view_parse ] --END-- [ RunTime:0.009001s ]
INFO: [ view_filter ] --START--
INFO: Run Behavior\WriteHtmlCacheBehavior [ RunTime:0.000000s ]
INFO: [ view_filter ] --END-- [ RunTime:0.000000s ]
INFO: [ app_end ] --START--
INFO: Run Behavior\ShowPageTraceBehavior [ RunTime:0.000000s ]
INFO: [ app_end ] --END-- [ RunTime:0.000000s ]

[ 2016-04-14T12:52:18+08:00 ] 10.10.24.237 /index.php/admin/order/proxyorders
INFO: [ app_init ] --START--
INFO: Run Behavior\BuildLiteBehavior [ RunTime:0.000000s ]
INFO: [ app_init ] --END-- [ RunTime:0.001000s ]
INFO: [ app_begin ] --START--
INFO: Run Behavior\ReadHtmlCacheBehavior [ RunTime:0.001000s ]
INFO: [ app_begin ] --END-- [ RunTime:0.001000s ]
SQL: SHOW COLUMNS FROM `tgyx_order` [ RunTime:0.0020s ]
SQL: SELECT COUNT(*) AS tp_count FROM `tgyx_order` WHERE ( 1=1 AND is_pay=1 AND pmid=5 ) LIMIT 1   [ RunTime:0.0000s ]
NOTIC: [8] Undefined index: sort E:\PhpstormProjects\pay\pay\Admin\Controller\OrderController.class.php 第 89 行.
SQL: SELECT * FROM `tgyx_order` WHERE ( 1=1 AND is_pay=1 AND pmid=5 ) ORDER BY id desc LIMIT 0,20   [ RunTime:0.0000s ]

[ 2016-04-14T12:52:20+08:00 ] 10.10.24.237 /index.php/admin/Merchant/submerchants
INFO: [ app_init ] --START--
INFO: Run Behavior\BuildLiteBehavior [ RunTime:0.000000s ]
INFO: [ app_init ] --END-- [ RunTime:0.001000s ]
INFO: [ app_begin ] --START--
INFO: Run Behavior\ReadHtmlCacheBehavior [ RunTime:0.000000s ]
INFO: [ app_begin ] --END-- [ RunTime:0.000000s ]
INFO: [ view_parse ] --START--
INFO: [ template_filter ] --START--
INFO: Run Behavior\ContentReplaceBehavior [ RunTime:0.000000s ]
INFO: [ template_filter ] --END-- [ RunTime:0.000000s ]
NOTIC: [8] Undefined variable: config E:\PhpstormProjects\pay\pay\Runtime\Cache\Admin\ef7d64741b9483391cc466c87cc5eab7.php 第 80 行.
NOTIC: [8] Undefined variable: config E:\PhpstormProjects\pay\pay\Runtime\Cache\Admin\ef7d64741b9483391cc466c87cc5eab7.php 第 86 行.
NOTIC: [8] Undefined variable: config E:\PhpstormProjects\pay\pay\Runtime\Cache\Admin\ef7d64741b9483391cc466c87cc5eab7.php 第 92 行.
NOTIC: [8] Undefined variable: config E:\PhpstormProjects\pay\pay\Runtime\Cache\Admin\ef7d64741b9483391cc466c87cc5eab7.php 第 98 行.
NOTIC: [8] Undefined variable: config E:\PhpstormProjects\pay\pay\Runtime\Cache\Admin\ef7d64741b9483391cc466c87cc5eab7.php 第 104 行.
INFO: Run Behavior\ParseTemplateBehavior [ RunTime:0.006000s ]
INFO: [ view_parse ] --END-- [ RunTime:0.006000s ]
INFO: [ view_filter ] --START--
INFO: Run Behavior\WriteHtmlCacheBehavior [ RunTime:0.000000s ]
INFO: [ view_filter ] --END-- [ RunTime:0.000000s ]
INFO: [ app_end ] --START--
INFO: Run Behavior\ShowPageTraceBehavior [ RunTime:0.000000s ]
INFO: [ app_end ] --END-- [ RunTime:0.000000s ]

[ 2016-04-14T12:52:22+08:00 ] 10.10.24.237 /index.php/admin/merchant/submerchants
INFO: [ app_init ] --START--
INFO: Run Behavior\BuildLiteBehavior [ RunTime:0.000000s ]
INFO: [ app_init ] --END-- [ RunTime:0.001000s ]
INFO: [ app_begin ] --START--
INFO: Run Behavior\ReadHtmlCacheBehavior [ RunTime:0.001000s ]
INFO: [ app_begin ] --END-- [ RunTime:0.001000s ]
SQL: SHOW COLUMNS FROM `tgyx_merchant` [ RunTime:0.0020s ]
SQL: SELECT COUNT(*) AS tp_count FROM `tgyx_merchant` WHERE ( 1=1 AND pid=5 AND (parent_id=0 OR id=0) ) LIMIT 1   [ RunTime:0.0010s ]
NOTIC: [8] Undefined index: sort E:\PhpstormProjects\pay\pay\Admin\Controller\MerchantController.class.php 第 135 行.
SQL: SELECT `id`,`username`,`merchantname`,`email`,`pid`,`salt`,`parent_id` FROM `tgyx_merchant` WHERE ( 1=1 AND pid=5 AND (parent_id=0 OR id=0) ) LIMIT 0,20   [ RunTime:0.0000s ]

[ 2016-04-14T12:52:28+08:00 ] 10.10.24.237 /index.php/admin/merchant/submerchants?id=14&pid=5
INFO: [ app_init ] --START--
INFO: Run Behavior\BuildLiteBehavior [ RunTime:0.000000s ]
INFO: [ app_init ] --END-- [ RunTime:0.001000s ]
INFO: [ app_begin ] --START--
INFO: Run Behavior\ReadHtmlCacheBehavior [ RunTime:0.001000s ]
INFO: [ app_begin ] --END-- [ RunTime:0.001000s ]
SQL: SHOW COLUMNS FROM `tgyx_merchant` [ RunTime:0.0030s ]
SQL: SELECT `pid`,`parent_id` FROM `tgyx_merchant` WHERE ( id='14' ) LIMIT 1   [ RunTime:0.0010s ]
INFO: [ view_parse ] --START--
INFO: [ template_filter ] --START--
INFO: Run Behavior\ContentReplaceBehavior [ RunTime:0.000000s ]
INFO: [ template_filter ] --END-- [ RunTime:0.000000s ]
NOTIC: [8] Undefined variable: config E:\PhpstormProjects\pay\pay\Runtime\Cache\Admin\ef7d64741b9483391cc466c87cc5eab7.php 第 80 行.
NOTIC: [8] Undefined variable: config E:\PhpstormProjects\pay\pay\Runtime\Cache\Admin\ef7d64741b9483391cc466c87cc5eab7.php 第 86 行.
NOTIC: [8] Undefined variable: config E:\PhpstormProjects\pay\pay\Runtime\Cache\Admin\ef7d64741b9483391cc466c87cc5eab7.php 第 92 行.
NOTIC: [8] Undefined variable: config E:\PhpstormProjects\pay\pay\Runtime\Cache\Admin\ef7d64741b9483391cc466c87cc5eab7.php 第 98 行.
NOTIC: [8] Undefined variable: config E:\PhpstormProjects\pay\pay\Runtime\Cache\Admin\ef7d64741b9483391cc466c87cc5eab7.php 第 104 行.
INFO: Run Behavior\ParseTemplateBehavior [ RunTime:0.009001s ]
INFO: [ view_parse ] --END-- [ RunTime:0.010001s ]
INFO: [ view_filter ] --START--
INFO: Run Behavior\WriteHtmlCacheBehavior [ RunTime:0.000000s ]
INFO: [ view_filter ] --END-- [ RunTime:0.000000s ]
INFO: [ app_end ] --START--
INFO: Run Behavior\ShowPageTraceBehavior [ RunTime:0.000000s ]
INFO: [ app_end ] --END-- [ RunTime:0.000000s ]

[ 2016-04-14T12:52:31+08:00 ] 10.10.24.237 /index.php/admin/merchant/submerchants
INFO: [ app_init ] --START--
INFO: Run Behavior\BuildLiteBehavior [ RunTime:0.000000s ]
INFO: [ app_init ] --END-- [ RunTime:0.001000s ]
INFO: [ app_begin ] --START--
INFO: Run Behavior\ReadHtmlCacheBehavior [ RunTime:0.001000s ]
INFO: [ app_begin ] --END-- [ RunTime:0.001000s ]
SQL: SHOW COLUMNS FROM `tgyx_merchant` [ RunTime:0.0020s ]
SQL: SELECT COUNT(*) AS tp_count FROM `tgyx_merchant` WHERE ( 1=1 AND pid=5 AND (parent_id=14 OR id=14) ) LIMIT 1   [ RunTime:0.0010s ]
NOTIC: [8] Undefined index: sort E:\PhpstormProjects\pay\pay\Admin\Controller\MerchantController.class.php 第 135 行.
SQL: SELECT `id`,`username`,`merchantname`,`email`,`pid`,`salt`,`parent_id` FROM `tgyx_merchant` WHERE ( 1=1 AND pid=5 AND (parent_id=14 OR id=14) ) LIMIT 0,20   [ RunTime:0.0000s ]

[ 2016-04-14T12:52:42+08:00 ] 10.10.24.237 /index.php/admin/Store/stores?mid=15
INFO: [ app_init ] --START--
INFO: Run Behavior\BuildLiteBehavior [ RunTime:0.000000s ]
INFO: [ app_init ] --END-- [ RunTime:0.001000s ]
INFO: [ app_begin ] --START--
INFO: Run Behavior\ReadHtmlCacheBehavior [ RunTime:0.000000s ]
INFO: [ app_begin ] --END-- [ RunTime:0.000000s ]
SQL: SHOW COLUMNS FROM `tgyx_merchant` [ RunTime:0.0030s ]
SQL: SELECT `pid`,`parent_id` FROM `tgyx_merchant` WHERE ( id='15' ) LIMIT 1   [ RunTime:0.0010s ]
SQL: SHOW COLUMNS FROM `tgyx_merchant` [ RunTime:0.0030s ]
SQL: SELECT `id`,`merchantname` FROM `tgyx_merchant` WHERE ( id='15' OR parent_id='15' OR pid='15' )  [ RunTime:0.0010s ]
INFO: [ view_parse ] --START--
INFO: [ template_filter ] --START--
INFO: Run Behavior\ContentReplaceBehavior [ RunTime:0.000000s ]
INFO: [ template_filter ] --END-- [ RunTime:0.000000s ]
INFO: Run Behavior\ParseTemplateBehavior [ RunTime:0.013001s ]
INFO: [ view_parse ] --END-- [ RunTime:0.013001s ]
INFO: [ view_filter ] --START--
INFO: Run Behavior\WriteHtmlCacheBehavior [ RunTime:0.000000s ]
INFO: [ view_filter ] --END-- [ RunTime:0.001000s ]
INFO: [ app_end ] --START--
INFO: Run Behavior\ShowPageTraceBehavior [ RunTime:0.001000s ]
INFO: [ app_end ] --END-- [ RunTime:0.001000s ]

[ 2016-04-14T12:52:43+08:00 ] 10.10.24.237 /index.php/admin/store/stores
INFO: [ app_init ] --START--
INFO: Run Behavior\BuildLiteBehavior [ RunTime:0.000000s ]
INFO: [ app_init ] --END-- [ RunTime:0.000000s ]
INFO: [ app_begin ] --START--
INFO: Run Behavior\ReadHtmlCacheBehavior [ RunTime:0.000000s ]
INFO: [ app_begin ] --END-- [ RunTime:0.000000s ]
SQL: SHOW COLUMNS FROM `tgyx_store` [ RunTime:0.0030s ]
SQL: SELECT COUNT(*) AS tp_count FROM `tgyx_store` WHERE ( 1=1 AND mid=15 ) LIMIT 1   [ RunTime:0.0010s ]
NOTIC: [8] Undefined index: sort E:\PhpstormProjects\pay\pay\Admin\Controller\StoreController.class.php 第 29 行.
SQL: SELECT * FROM `tgyx_store` WHERE ( 1=1 AND mid=15 ) ORDER BY id desc LIMIT 0,20   [ RunTime:0.0000s ]

[ 2016-04-14T12:52:55+08:00 ] 10.10.24.237 /index.php/admin/Staff/staffs?mid=15&id=25
INFO: [ app_init ] --START--
INFO: Run Behavior\BuildLiteBehavior [ RunTime:0.000000s ]
INFO: [ app_init ] --END-- [ RunTime:0.001000s ]
INFO: [ app_begin ] --START--
INFO: Run Behavior\ReadHtmlCacheBehavior [ RunTime:0.000000s ]
INFO: [ app_begin ] --END-- [ RunTime:0.000000s ]
SQL: SHOW COLUMNS FROM `tgyx_merchant` [ RunTime:0.0030s ]
SQL: SELECT `pid`,`parent_id` FROM `tgyx_merchant` WHERE ( id='15' ) LIMIT 1   [ RunTime:0.0000s ]
SQL: SHOW COLUMNS FROM `tgyx_store` [ RunTime:0.0020s ]
SQL: SELECT `id`,`mid`,`name` FROM `tgyx_store` WHERE ( mid = '15' )  [ RunTime:0.0010s ]
INFO: [ view_parse ] --START--
INFO: [ template_filter ] --START--
INFO: Run Behavior\ContentReplaceBehavior [ RunTime:0.000000s ]
INFO: [ template_filter ] --END-- [ RunTime:0.001000s ]
NOTIC: [8] Undefined index: pretend E:\PhpstormProjects\pay\pay\Runtime\Cache\Admin\e4bf5f20175bfa9eb54324e68e69ed93.php 第 54 行.
INFO: Run Behavior\ParseTemplateBehavior [ RunTime:0.010000s ]
INFO: [ view_parse ] --END-- [ RunTime:0.011001s ]
INFO: [ view_filter ] --START--
INFO: Run Behavior\WriteHtmlCacheBehavior [ RunTime:0.000000s ]
INFO: [ view_filter ] --END-- [ RunTime:0.000000s ]
INFO: [ app_end ] --START--
INFO: Run Behavior\ShowPageTraceBehavior [ RunTime:0.001000s ]
INFO: [ app_end ] --END-- [ RunTime:0.001000s ]

[ 2016-04-14T12:52:56+08:00 ] 10.10.24.237 /index.php/admin/Staff/staffs
INFO: [ app_init ] --START--
INFO: Run Behavior\BuildLiteBehavior [ RunTime:0.000000s ]
INFO: [ app_init ] --END-- [ RunTime:0.000000s ]
INFO: [ app_begin ] --START--
INFO: Run Behavior\ReadHtmlCacheBehavior [ RunTime:0.000000s ]
INFO: [ app_begin ] --END-- [ RunTime:0.000000s ]
SQL: SHOW COLUMNS FROM `tgyx_staff` [ RunTime:0.0030s ]
SQL: SELECT COUNT(*) AS tp_count FROM `tgyx_staff` WHERE ( 1=1 AND mid=15 AND store_id=25 ) LIMIT 1   [ RunTime:0.0000s ]
NOTIC: [8] Undefined index: sort E:\PhpstormProjects\pay\pay\Admin\Controller\StaffController.class.php 第 34 行.
SQL: SELECT `id`,`username`,`nickname`,`mid`,`auths`,`store_id`,`salt`,`merchantname` FROM `tgyx_staff` WHERE ( 1=1 AND mid=15 AND store_id=25 ) ORDER BY id desc LIMIT 0,20   [ RunTime:0.0010s ]

[ 2016-04-14T13:34:13+08:00 ] 10.10.24.237 /Index.php/admin/Index/index
INFO: [ app_init ] --START--
INFO: Run Behavior\BuildLiteBehavior [ RunTime:0.000000s ]
INFO: [ app_init ] --END-- [ RunTime:0.001000s ]
INFO: [ app_begin ] --START--
INFO: Run Behavior\ReadHtmlCacheBehavior [ RunTime:0.000000s ]
INFO: [ app_begin ] --END-- [ RunTime:0.000000s ]
INFO: [ view_parse ] --START--
INFO: [ template_filter ] --START--
INFO: Run Behavior\ContentReplaceBehavior [ RunTime:0.000000s ]
INFO: [ template_filter ] --END-- [ RunTime:0.000000s ]
INFO: Run Behavior\ParseTemplateBehavior [ RunTime:0.008001s ]
INFO: [ view_parse ] --END-- [ RunTime:0.008001s ]
INFO: [ view_filter ] --START--
INFO: Run Behavior\WriteHtmlCacheBehavior [ RunTime:0.001000s ]
INFO: [ view_filter ] --END-- [ RunTime:0.001000s ]
INFO: [ app_end ] --START--
INFO: Run Behavior\ShowPageTraceBehavior [ RunTime:0.001000s ]
INFO: [ app_end ] --END-- [ RunTime:0.001000s ]

[ 2016-04-14T13:34:13+08:00 ] 10.10.24.237 /index.php/Admin/Index/body
INFO: [ app_init ] --START--
INFO: Run Behavior\BuildLiteBehavior [ RunTime:0.000000s ]
INFO: [ app_init ] --END-- [ RunTime:0.000000s ]
INFO: [ app_begin ] --START--
INFO: Run Behavior\ReadHtmlCacheBehavior [ RunTime:0.001000s ]
INFO: [ app_begin ] --END-- [ RunTime:0.001000s ]
INFO: [ view_parse ] --START--
INFO: [ template_filter ] --START--
INFO: Run Behavior\ContentReplaceBehavior [ RunTime:0.000000s ]
INFO: [ template_filter ] --END-- [ RunTime:0.000000s ]
INFO: Run Behavior\ParseTemplateBehavior [ RunTime:0.004000s ]
INFO: [ view_parse ] --END-- [ RunTime:0.004000s ]
INFO: [ view_filter ] --START--
INFO: Run Behavior\WriteHtmlCacheBehavior [ RunTime:0.000000s ]
INFO: [ view_filter ] --END-- [ RunTime:0.000000s ]
INFO: [ app_end ] --START--
INFO: Run Behavior\ShowPageTraceBehavior [ RunTime:0.000000s ]
INFO: [ app_end ] --END-- [ RunTime:0.000000s ]

[ 2016-04-14T13:34:17+08:00 ] 10.10.24.237 /Index.php/admin/Merchant/submerchants
INFO: [ app_init ] --START--
INFO: Run Behavior\BuildLiteBehavior [ RunTime:0.000000s ]
INFO: [ app_init ] --END-- [ RunTime:0.000000s ]
INFO: [ app_begin ] --START--
INFO: Run Behavior\ReadHtmlCacheBehavior [ RunTime:0.000000s ]
INFO: [ app_begin ] --END-- [ RunTime:0.000000s ]
INFO: [ view_parse ] --START--
INFO: [ template_filter ] --START--
INFO: Run Behavior\ContentReplaceBehavior [ RunTime:0.000000s ]
INFO: [ template_filter ] --END-- [ RunTime:0.000000s ]
NOTIC: [8] Undefined variable: config E:\PhpstormProjects\pay\pay\Runtime\Cache\Admin\ef7d64741b9483391cc466c87cc5eab7.php 第 80 行.
NOTIC: [8] Undefined variable: config E:\PhpstormProjects\pay\pay\Runtime\Cache\Admin\ef7d64741b9483391cc466c87cc5eab7.php 第 86 行.
NOTIC: [8] Undefined variable: config E:\PhpstormProjects\pay\pay\Runtime\Cache\Admin\ef7d64741b9483391cc466c87cc5eab7.php 第 92 行.
NOTIC: [8] Undefined variable: config E:\PhpstormProjects\pay\pay\Runtime\Cache\Admin\ef7d64741b9483391cc466c87cc5eab7.php 第 98 行.
NOTIC: [8] Undefined variable: config E:\PhpstormProjects\pay\pay\Runtime\Cache\Admin\ef7d64741b9483391cc466c87cc5eab7.php 第 104 行.
INFO: Run Behavior\ParseTemplateBehavior [ RunTime:0.008000s ]
INFO: [ view_parse ] --END-- [ RunTime:0.008000s ]
INFO: [ view_filter ] --START--
INFO: Run Behavior\WriteHtmlCacheBehavior [ RunTime:0.000000s ]
INFO: [ view_filter ] --END-- [ RunTime:0.000000s ]
INFO: [ app_end ] --START--
INFO: Run Behavior\ShowPageTraceBehavior [ RunTime:0.000000s ]
INFO: [ app_end ] --END-- [ RunTime:0.000000s ]

[ 2016-04-14T13:34:18+08:00 ] 10.10.24.237 /Index.php/admin/merchant/submerchants
INFO: [ app_init ] --START--
INFO: Run Behavior\BuildLiteBehavior [ RunTime:0.000000s ]
INFO: [ app_init ] --END-- [ RunTime:0.001000s ]
INFO: [ app_begin ] --START--
INFO: Run Behavior\ReadHtmlCacheBehavior [ RunTime:0.000000s ]
INFO: [ app_begin ] --END-- [ RunTime:0.000000s ]
SQL: SHOW COLUMNS FROM `tgyx_merchant` [ RunTime:0.0020s ]
SQL: SELECT COUNT(*) AS tp_count FROM `tgyx_merchant` WHERE ( 1=1 AND pid=5 AND (parent_id=0 OR id=0) ) LIMIT 1   [ RunTime:0.0000s ]
NOTIC: [8] Undefined index: sort E:\PhpstormProjects\pay\pay\Admin\Controller\MerchantController.class.php 第 135 行.
SQL: SELECT `id`,`username`,`merchantname`,`email`,`pid`,`salt`,`parent_id` FROM `tgyx_merchant` WHERE ( 1=1 AND pid=5 AND (parent_id=0 OR id=0) ) LIMIT 0,20   [ RunTime:0.0010s ]

[ 2016-04-14T13:34:28+08:00 ] 10.10.24.237 /Index.php/admin/merchant/editPayconfig?mid=14
INFO: [ app_init ] --START--
INFO: Run Behavior\BuildLiteBehavior [ RunTime:0.000000s ]
INFO: [ app_init ] --END-- [ RunTime:0.000000s ]
INFO: [ app_begin ] --START--
INFO: Run Behavior\ReadHtmlCacheBehavior [ RunTime:0.001000s ]
INFO: [ app_begin ] --END-- [ RunTime:0.001000s ]
SQL: SHOW COLUMNS FROM `tgyx_payconfig` [ RunTime:0.0020s ]
SQL: SELECT * FROM `tgyx_payconfig` WHERE ( mid=14 ) LIMIT 1   [ RunTime:0.0010s ]

[ 2016-04-14T13:34:50+08:00 ] 10.10.24.237 /Index.php/admin/merchant/editPayconfig?mid=10
INFO: [ app_init ] --START--
INFO: Run Behavior\BuildLiteBehavior [ RunTime:0.000000s ]
INFO: [ app_init ] --END-- [ RunTime:0.001000s ]
INFO: [ app_begin ] --START--
INFO: Run Behavior\ReadHtmlCacheBehavior [ RunTime:0.002000s ]
INFO: [ app_begin ] --END-- [ RunTime:0.002000s ]
SQL: SHOW COLUMNS FROM `tgyx_payconfig` [ RunTime:0.0030s ]
SQL: SELECT * FROM `tgyx_payconfig` WHERE ( mid=10 ) LIMIT 1   [ RunTime:0.0010s ]

[ 2016-04-14T13:34:54+08:00 ] 10.10.24.237 /Index.php/admin/merchant/editPayconfig?mid=14
INFO: [ app_init ] --START--
INFO: Run Behavior\BuildLiteBehavior [ RunTime:0.000000s ]
INFO: [ app_init ] --END-- [ RunTime:0.000000s ]
INFO: [ app_begin ] --START--
INFO: Run Behavior\ReadHtmlCacheBehavior [ RunTime:0.001000s ]
INFO: [ app_begin ] --END-- [ RunTime:0.001000s ]
SQL: SHOW COLUMNS FROM `tgyx_payconfig` [ RunTime:0.0040s ]
SQL: SELECT * FROM `tgyx_payconfig` WHERE ( mid=14 ) LIMIT 1   [ RunTime:0.0010s ]

[ 2016-04-14T13:35:04+08:00 ] 10.10.24.237 /Index.php/admin/merchant/editPayconfig?mid=10
INFO: [ app_init ] --START--
INFO: Run Behavior\BuildLiteBehavior [ RunTime:0.000000s ]
INFO: [ app_init ] --END-- [ RunTime:0.002000s ]
INFO: [ app_begin ] --START--
INFO: Run Behavior\ReadHtmlCacheBehavior [ RunTime:0.001000s ]
INFO: [ app_begin ] --END-- [ RunTime:0.001000s ]
SQL: SHOW COLUMNS FROM `tgyx_payconfig` [ RunTime:0.0060s ]
SQL: SELECT * FROM `tgyx_payconfig` WHERE ( mid=10 ) LIMIT 1   [ RunTime:0.0020s ]

[ 2016-04-14T13:35:08+08:00 ] 10.10.24.237 /Index.php/admin/merchant/editPayconfig?mid=6
INFO: [ app_init ] --START--
INFO: Run Behavior\BuildLiteBehavior [ RunTime:0.000000s ]
INFO: [ app_init ] --END-- [ RunTime:0.001000s ]
INFO: [ app_begin ] --START--
INFO: Run Behavior\ReadHtmlCacheBehavior [ RunTime:0.001000s ]
INFO: [ app_begin ] --END-- [ RunTime:0.001000s ]
SQL: SHOW COLUMNS FROM `tgyx_payconfig` [ RunTime:0.0050s ]
SQL: SELECT * FROM `tgyx_payconfig` WHERE ( mid=6 ) LIMIT 1   [ RunTime:0.0020s ]

[ 2016-04-14T13:35:13+08:00 ] 10.10.24.237 /Index.php/admin/merchant/editPayconfig?mid=10
INFO: [ app_init ] --START--
INFO: Run Behavior\BuildLiteBehavior [ RunTime:0.000000s ]
INFO: [ app_init ] --END-- [ RunTime:0.001000s ]
INFO: [ app_begin ] --START--
INFO: Run Behavior\ReadHtmlCacheBehavior [ RunTime:0.001000s ]
INFO: [ app_begin ] --END-- [ RunTime:0.001000s ]
SQL: SHOW COLUMNS FROM `tgyx_payconfig` [ RunTime:0.0050s ]
SQL: SELECT * FROM `tgyx_payconfig` WHERE ( mid=10 ) LIMIT 1   [ RunTime:0.0020s ]

[ 2016-04-14T13:35:18+08:00 ] 10.10.24.237 /Index.php/admin/merchant/editPayconfig?mid=6
INFO: [ app_init ] --START--
INFO: Run Behavior\BuildLiteBehavior [ RunTime:0.000000s ]
INFO: [ app_init ] --END-- [ RunTime:0.001000s ]
INFO: [ app_begin ] --START--
INFO: Run Behavior\ReadHtmlCacheBehavior [ RunTime:0.001000s ]
INFO: [ app_begin ] --END-- [ RunTime:0.001000s ]
SQL: SHOW COLUMNS FROM `tgyx_payconfig` [ RunTime:0.0050s ]
SQL: SELECT * FROM `tgyx_payconfig` WHERE ( mid=6 ) LIMIT 1   [ RunTime:0.0020s ]

[ 2016-04-14T13:35:25+08:00 ] 10.10.24.237 /Index.php/admin/merchant/editPayconfig?mid=14
INFO: [ app_init ] --START--
INFO: Run Behavior\BuildLiteBehavior [ RunTime:0.000000s ]
INFO: [ app_init ] --END-- [ RunTime:0.001000s ]
INFO: [ app_begin ] --START--
INFO: Run Behavior\ReadHtmlCacheBehavior [ RunTime:0.001000s ]
INFO: [ app_begin ] --END-- [ RunTime:0.001000s ]
SQL: SHOW COLUMNS FROM `tgyx_payconfig` [ RunTime:0.0050s ]
SQL: SELECT * FROM `tgyx_payconfig` WHERE ( mid=14 ) LIMIT 1   [ RunTime:0.0020s ]

[ 2016-04-14T13:47:58+08:00 ] 10.10.24.237 /Index.php/admin/Merchant/submerchants
INFO: [ app_init ] --START--
INFO: Run Behavior\BuildLiteBehavior [ RunTime:0.000000s ]
INFO: [ app_init ] --END-- [ RunTime:0.001000s ]
INFO: [ app_begin ] --START--
INFO: Run Behavior\ReadHtmlCacheBehavior [ RunTime:0.001000s ]
INFO: [ app_begin ] --END-- [ RunTime:0.001000s ]
INFO: [ view_parse ] --START--
INFO: [ template_filter ] --START--
INFO: Run Behavior\ContentReplaceBehavior [ RunTime:0.000000s ]
INFO: [ template_filter ] --END-- [ RunTime:0.000000s ]
NOTIC: [8] Undefined variable: config E:\PhpstormProjects\pay\pay\Runtime\Cache\Admin\ef7d64741b9483391cc466c87cc5eab7.php 第 80 行.
NOTIC: [8] Undefined variable: config E:\PhpstormProjects\pay\pay\Runtime\Cache\Admin\ef7d64741b9483391cc466c87cc5eab7.php 第 86 行.
NOTIC: [8] Undefined variable: config E:\PhpstormProjects\pay\pay\Runtime\Cache\Admin\ef7d64741b9483391cc466c87cc5eab7.php 第 92 行.
NOTIC: [8] Undefined variable: config E:\PhpstormProjects\pay\pay\Runtime\Cache\Admin\ef7d64741b9483391cc466c87cc5eab7.php 第 98 行.
NOTIC: [8] Undefined variable: config E:\PhpstormProjects\pay\pay\Runtime\Cache\Admin\ef7d64741b9483391cc466c87cc5eab7.php 第 104 行.
INFO: Run Behavior\ParseTemplateBehavior [ RunTime:0.009001s ]
INFO: [ view_parse ] --END-- [ RunTime:0.010001s ]
INFO: [ view_filter ] --START--
INFO: Run Behavior\WriteHtmlCacheBehavior [ RunTime:0.000000s ]
INFO: [ view_filter ] --END-- [ RunTime:0.000000s ]
INFO: [ app_end ] --START--
INFO: Run Behavior\ShowPageTraceBehavior [ RunTime:0.001000s ]
INFO: [ app_end ] --END-- [ RunTime:0.001000s ]

[ 2016-04-14T13:48:00+08:00 ] 10.10.24.237 /Index.php/admin/merchant/submerchants
INFO: [ app_init ] --START--
INFO: Run Behavior\BuildLiteBehavior [ RunTime:0.000000s ]
INFO: [ app_init ] --END-- [ RunTime:0.001000s ]
INFO: [ app_begin ] --START--
INFO: Run Behavior\ReadHtmlCacheBehavior [ RunTime:0.000000s ]
INFO: [ app_begin ] --END-- [ RunTime:0.000000s ]
SQL: SHOW COLUMNS FROM `tgyx_merchant` [ RunTime:0.0080s ]
SQL: SELECT COUNT(*) AS tp_count FROM `tgyx_merchant` WHERE ( 1=1 AND pid=5 AND (parent_id=0 OR id=0) ) LIMIT 1   [ RunTime:0.0020s ]
NOTIC: [8] Undefined index: sort E:\PhpstormProjects\pay\pay\Admin\Controller\MerchantController.class.php 第 135 行.
SQL: SELECT `id`,`username`,`merchantname`,`email`,`pid`,`salt`,`parent_id` FROM `tgyx_merchant` WHERE ( 1=1 AND pid=5 AND (parent_id=0 OR id=0) ) LIMIT 0,20   [ RunTime:0.0000s ]

[ 2016-04-14T13:49:20+08:00 ] 10.10.24.237 /index.php/admin/index/index.html
INFO: [ app_init ] --START--
INFO: Run Behavior\BuildLiteBehavior [ RunTime:0.000000s ]
INFO: [ app_init ] --END-- [ RunTime:0.001000s ]
INFO: [ app_begin ] --START--
INFO: Run Behavior\ReadHtmlCacheBehavior [ RunTime:0.001000s ]
INFO: [ app_begin ] --END-- [ RunTime:0.001000s ]
INFO: [ view_parse ] --START--
INFO: [ template_filter ] --START--
INFO: Run Behavior\ContentReplaceBehavior [ RunTime:0.000000s ]
INFO: [ template_filter ] --END-- [ RunTime:0.000000s ]
INFO: Run Behavior\ParseTemplateBehavior [ RunTime:0.013001s ]
INFO: [ view_parse ] --END-- [ RunTime:0.013001s ]
INFO: [ view_filter ] --START--
INFO: Run Behavior\WriteHtmlCacheBehavior [ RunTime:0.000000s ]
INFO: [ view_filter ] --END-- [ RunTime:0.001000s ]
INFO: [ app_end ] --START--
INFO: Run Behavior\ShowPageTraceBehavior [ RunTime:0.001000s ]
INFO: [ app_end ] --END-- [ RunTime:0.001000s ]

[ 2016-04-14T13:49:29+08:00 ] 10.10.24.237 /index.php/Admin/Index/body
INFO: [ app_init ] --START--
INFO: Run Behavior\BuildLiteBehavior [ RunTime:0.000000s ]
INFO: [ app_init ] --END-- [ RunTime:0.002000s ]
INFO: [ app_begin ] --START--
INFO: Run Behavior\ReadHtmlCacheBehavior [ RunTime:0.001000s ]
INFO: [ app_begin ] --END-- [ RunTime:0.001000s ]
INFO: [ view_parse ] --START--
INFO: [ template_filter ] --START--
INFO: Run Behavior\ContentReplaceBehavior [ RunTime:0.000000s ]
INFO: [ template_filter ] --END-- [ RunTime:0.000000s ]
INFO: Run Behavior\ParseTemplateBehavior [ RunTime:0.006001s ]
INFO: [ view_parse ] --END-- [ RunTime:0.006001s ]
INFO: [ view_filter ] --START--
INFO: Run Behavior\WriteHtmlCacheBehavior [ RunTime:0.001000s ]
INFO: [ view_filter ] --END-- [ RunTime:0.001000s ]
INFO: [ app_end ] --START--
INFO: Run Behavior\ShowPageTraceBehavior [ RunTime:0.000000s ]
INFO: [ app_end ] --END-- [ RunTime:0.000000s ]

[ 2016-04-14T13:49:41+08:00 ] 10.10.24.237 /index.php/admin/Store/stores
INFO: [ app_init ] --START--
INFO: Run Behavior\BuildLiteBehavior [ RunTime:0.000000s ]
INFO: [ app_init ] --END-- [ RunTime:0.000000s ]
INFO: [ app_begin ] --START--
INFO: Run Behavior\ReadHtmlCacheBehavior [ RunTime:0.001000s ]
INFO: [ app_begin ] --END-- [ RunTime:0.001000s ]
SQL: SHOW COLUMNS FROM `tgyx_merchant` [ RunTime:0.0070s ]
SQL: SELECT `id`,`merchantname` FROM `tgyx_merchant` WHERE ( id='14' OR parent_id='14' OR pid='14' )  [ RunTime:0.0020s ]
INFO: [ view_parse ] --START--
INFO: [ template_filter ] --START--
INFO: Run Behavior\ContentReplaceBehavior [ RunTime:0.000000s ]
INFO: [ template_filter ] --END-- [ RunTime:0.000000s ]
INFO: Run Behavior\ParseTemplateBehavior [ RunTime:0.026002s ]
INFO: [ view_parse ] --END-- [ RunTime:0.026002s ]
INFO: [ view_filter ] --START--
INFO: Run Behavior\WriteHtmlCacheBehavior [ RunTime:0.001000s ]
INFO: [ view_filter ] --END-- [ RunTime:0.001000s ]
INFO: [ app_end ] --START--
INFO: Run Behavior\ShowPageTraceBehavior [ RunTime:0.001000s ]
INFO: [ app_end ] --END-- [ RunTime:0.001000s ]

[ 2016-04-14T13:49:44+08:00 ] 10.10.24.237 /index.php/admin/store/stores
INFO: [ app_init ] --START--
INFO: Run Behavior\BuildLiteBehavior [ RunTime:0.000000s ]
INFO: [ app_init ] --END-- [ RunTime:0.001000s ]
INFO: [ app_begin ] --START--
INFO: Run Behavior\ReadHtmlCacheBehavior [ RunTime:0.001000s ]
INFO: [ app_begin ] --END-- [ RunTime:0.001000s ]
SQL: SHOW COLUMNS FROM `tgyx_store` [ RunTime:0.0020s ]
SQL: SELECT COUNT(*) AS tp_count FROM `tgyx_store` WHERE ( 1=1 AND mid=14 ) LIMIT 1   [ RunTime:0.0010s ]
NOTIC: [8] Undefined index: sort E:\PhpstormProjects\pay\pay\Admin\Controller\StoreController.class.php 第 29 行.
SQL: SELECT * FROM `tgyx_store` WHERE ( 1=1 AND mid=14 ) ORDER BY id desc LIMIT 0,20   [ RunTime:0.0000s ]

[ 2016-04-14T13:51:26+08:00 ] 10.10.24.237 /index.php/admin/store/stores
INFO: [ app_init ] --START--
INFO: Run Behavior\BuildLiteBehavior [ RunTime:0.000000s ]
INFO: [ app_init ] --END-- [ RunTime:0.001000s ]
INFO: [ app_begin ] --START--
INFO: Run Behavior\ReadHtmlCacheBehavior [ RunTime:0.000000s ]
INFO: [ app_begin ] --END-- [ RunTime:0.000000s ]
SQL: SHOW COLUMNS FROM `tgyx_store` [ RunTime:0.0070s ]
SQL: SELECT COUNT(*) AS tp_count FROM `tgyx_store` WHERE ( 1=1 AND mid=15 ) LIMIT 1   [ RunTime:0.0020s ]
SQL: SELECT * FROM `tgyx_store` WHERE ( 1=1 AND mid=15 ) ORDER BY merchantname desc LIMIT 0,20   [ RunTime:0.0010s ]

[ 2016-04-14T13:51:39+08:00 ] 10.10.24.237 /index.php/admin/Merchant/submerchants
INFO: [ app_init ] --START--
INFO: Run Behavior\BuildLiteBehavior [ RunTime:0.000000s ]
INFO: [ app_init ] --END-- [ RunTime:0.000000s ]
INFO: [ app_begin ] --START--
INFO: Run Behavior\ReadHtmlCacheBehavior [ RunTime:0.001000s ]
INFO: [ app_begin ] --END-- [ RunTime:0.001000s ]
INFO: [ view_parse ] --START--
INFO: [ template_filter ] --START--
INFO: Run Behavior\ContentReplaceBehavior [ RunTime:0.000000s ]
INFO: [ template_filter ] --END-- [ RunTime:0.000000s ]
NOTIC: [8] Undefined variable: config E:\PhpstormProjects\pay\pay\Runtime\Cache\Admin\ef7d64741b9483391cc466c87cc5eab7.php 第 80 行.
NOTIC: [8] Undefined variable: config E:\PhpstormProjects\pay\pay\Runtime\Cache\Admin\ef7d64741b9483391cc466c87cc5eab7.php 第 86 行.
NOTIC: [8] Undefined variable: config E:\PhpstormProjects\pay\pay\Runtime\Cache\Admin\ef7d64741b9483391cc466c87cc5eab7.php 第 92 行.
NOTIC: [8] Undefined variable: config E:\PhpstormProjects\pay\pay\Runtime\Cache\Admin\ef7d64741b9483391cc466c87cc5eab7.php 第 98 行.
NOTIC: [8] Undefined variable: config E:\PhpstormProjects\pay\pay\Runtime\Cache\Admin\ef7d64741b9483391cc466c87cc5eab7.php 第 104 行.
INFO: Run Behavior\ParseTemplateBehavior [ RunTime:0.012001s ]
INFO: [ view_parse ] --END-- [ RunTime:0.012001s ]
INFO: [ view_filter ] --START--
INFO: Run Behavior\WriteHtmlCacheBehavior [ RunTime:0.000000s ]
INFO: [ view_filter ] --END-- [ RunTime:0.000000s ]
INFO: [ app_end ] --START--
INFO: Run Behavior\ShowPageTraceBehavior [ RunTime:0.000000s ]
INFO: [ app_end ] --END-- [ RunTime:0.001000s ]

[ 2016-04-14T13:51:41+08:00 ] 10.10.24.237 /index.php/admin/merchant/submerchants
INFO: [ app_init ] --START--
INFO: Run Behavior\BuildLiteBehavior [ RunTime:0.000000s ]
INFO: [ app_init ] --END-- [ RunTime:0.001000s ]
INFO: [ app_begin ] --START--
INFO: Run Behavior\ReadHtmlCacheBehavior [ RunTime:0.001000s ]
INFO: [ app_begin ] --END-- [ RunTime:0.001000s ]
SQL: SHOW COLUMNS FROM `tgyx_merchant` [ RunTime:0.0060s ]
SQL: SELECT COUNT(*) AS tp_count FROM `tgyx_merchant` WHERE ( 1=1 AND pid=5 AND (parent_id=14 OR id=14) ) LIMIT 1   [ RunTime:0.0010s ]
NOTIC: [8] Undefined index: sort E:\PhpstormProjects\pay\pay\Admin\Controller\MerchantController.class.php 第 135 行.
SQL: SELECT `id`,`username`,`merchantname`,`email`,`pid`,`salt`,`parent_id` FROM `tgyx_merchant` WHERE ( 1=1 AND pid=5 AND (parent_id=14 OR id=14) ) LIMIT 0,20   [ RunTime:0.0000s ]

[ 2016-04-14T13:52:09+08:00 ] 10.10.24.237 /index.php/admin/Store/stores
INFO: [ app_init ] --START--
INFO: Run Behavior\BuildLiteBehavior [ RunTime:0.000000s ]
INFO: [ app_init ] --END-- [ RunTime:0.000000s ]
INFO: [ app_begin ] --START--
INFO: Run Behavior\ReadHtmlCacheBehavior [ RunTime:0.001000s ]
INFO: [ app_begin ] --END-- [ RunTime:0.001000s ]
SQL: SHOW COLUMNS FROM `tgyx_merchant` [ RunTime:0.0070s ]
SQL: SELECT `id`,`merchantname` FROM `tgyx_merchant` WHERE ( id='14' OR parent_id='14' OR pid='14' )  [ RunTime:0.0030s ]
INFO: [ view_parse ] --START--
INFO: [ template_filter ] --START--
INFO: Run Behavior\ContentReplaceBehavior [ RunTime:0.000000s ]
INFO: [ template_filter ] --END-- [ RunTime:0.001000s ]
INFO: Run Behavior\ParseTemplateBehavior [ RunTime:0.022001s ]
INFO: [ view_parse ] --END-- [ RunTime:0.023001s ]
INFO: [ view_filter ] --START--
INFO: Run Behavior\WriteHtmlCacheBehavior [ RunTime:0.001000s ]
INFO: [ view_filter ] --END-- [ RunTime:0.001000s ]
INFO: [ app_end ] --START--
INFO: Run Behavior\ShowPageTraceBehavior [ RunTime:0.002000s ]
INFO: [ app_end ] --END-- [ RunTime:0.002000s ]

[ 2016-04-14T13:52:11+08:00 ] 10.10.24.237 /index.php/admin/store/stores
INFO: [ app_init ] --START--
INFO: Run Behavior\BuildLiteBehavior [ RunTime:0.000000s ]
INFO: [ app_init ] --END-- [ RunTime:0.001000s ]
INFO: [ app_begin ] --START--
INFO: Run Behavior\ReadHtmlCacheBehavior [ RunTime:0.001000s ]
INFO: [ app_begin ] --END-- [ RunTime:0.002000s ]
SQL: SHOW COLUMNS FROM `tgyx_store` [ RunTime:0.0060s ]
SQL: SELECT COUNT(*) AS tp_count FROM `tgyx_store` WHERE ( 1=1 AND mid=14 ) LIMIT 1   [ RunTime:0.0010s ]
NOTIC: [8] Undefined index: sort E:\PhpstormProjects\pay\pay\Admin\Controller\StoreController.class.php 第 29 行.
SQL: SELECT * FROM `tgyx_store` WHERE ( 1=1 AND mid=14 ) ORDER BY id desc LIMIT 0,20   [ RunTime:0.0000s ]

[ 2016-04-14T13:53:47+08:00 ] 10.10.24.237 /index.php/admin/store/stores
INFO: [ app_init ] --START--
INFO: Run Behavior\BuildLiteBehavior [ RunTime:0.000000s ]
INFO: [ app_init ] --END-- [ RunTime:0.002000s ]
INFO: [ app_begin ] --START--
INFO: Run Behavior\ReadHtmlCacheBehavior [ RunTime:0.001000s ]
INFO: [ app_begin ] --END-- [ RunTime:0.002000s ]
SQL: SHOW COLUMNS FROM `tgyx_store` [ RunTime:0.0070s ]
SQL: SELECT COUNT(*) AS tp_count FROM `tgyx_store` WHERE ( 1=1 AND mid=14 ) LIMIT 1   [ RunTime:0.0020s ]
SQL: SELECT * FROM `tgyx_store` WHERE ( 1=1 AND mid=14 ) ORDER BY name desc LIMIT 0,20   [ RunTime:0.0010s ]

[ 2016-04-14T13:54:47+08:00 ] 10.10.24.237 /index.php/admin/Merchant/submerchants
INFO: [ app_init ] --START--
INFO: Run Behavior\BuildLiteBehavior [ RunTime:0.000000s ]
INFO: [ app_init ] --END-- [ RunTime:0.002001s ]
INFO: [ app_begin ] --START--
INFO: Run Behavior\ReadHtmlCacheBehavior [ RunTime:0.002000s ]
INFO: [ app_begin ] --END-- [ RunTime:0.002000s ]
INFO: [ view_parse ] --START--
INFO: [ template_filter ] --START--
INFO: Run Behavior\ContentReplaceBehavior [ RunTime:0.001000s ]
INFO: [ template_filter ] --END-- [ RunTime:0.001000s ]
NOTIC: [8] Undefined variable: config E:\PhpstormProjects\pay\pay\Runtime\Cache\Admin\ef7d64741b9483391cc466c87cc5eab7.php 第 80 行.
NOTIC: [8] Undefined variable: config E:\PhpstormProjects\pay\pay\Runtime\Cache\Admin\ef7d64741b9483391cc466c87cc5eab7.php 第 86 行.
NOTIC: [8] Undefined variable: config E:\PhpstormProjects\pay\pay\Runtime\Cache\Admin\ef7d64741b9483391cc466c87cc5eab7.php 第 92 行.
NOTIC: [8] Undefined variable: config E:\PhpstormProjects\pay\pay\Runtime\Cache\Admin\ef7d64741b9483391cc466c87cc5eab7.php 第 98 行.
NOTIC: [8] Undefined variable: config E:\PhpstormProjects\pay\pay\Runtime\Cache\Admin\ef7d64741b9483391cc466c87cc5eab7.php 第 104 行.
INFO: Run Behavior\ParseTemplateBehavior [ RunTime:0.021001s ]
INFO: [ view_parse ] --END-- [ RunTime:0.021001s ]
INFO: [ view_filter ] --START--
INFO: Run Behavior\WriteHtmlCacheBehavior [ RunTime:0.000000s ]
INFO: [ view_filter ] --END-- [ RunTime:0.000000s ]
INFO: [ app_end ] --START--
INFO: Run Behavior\ShowPageTraceBehavior [ RunTime:0.000000s ]
INFO: [ app_end ] --END-- [ RunTime:0.000000s ]

[ 2016-04-14T13:54:49+08:00 ] 10.10.24.237 /index.php/admin/merchant/submerchants
INFO: [ app_init ] --START--
INFO: Run Behavior\BuildLiteBehavior [ RunTime:0.000000s ]
INFO: [ app_init ] --END-- [ RunTime:0.001000s ]
INFO: [ app_begin ] --START--
INFO: Run Behavior\ReadHtmlCacheBehavior [ RunTime:0.001000s ]
INFO: [ app_begin ] --END-- [ RunTime:0.001000s ]
SQL: SHOW COLUMNS FROM `tgyx_merchant` [ RunTime:0.0070s ]
SQL: SELECT COUNT(*) AS tp_count FROM `tgyx_merchant` WHERE ( 1=1 AND pid=5 AND (parent_id=14 OR id=14) ) LIMIT 1   [ RunTime:0.0020s ]
NOTIC: [8] Undefined index: sort E:\PhpstormProjects\pay\pay\Admin\Controller\MerchantController.class.php 第 135 行.
SQL: SELECT `id`,`username`,`merchantname`,`email`,`pid`,`salt`,`parent_id` FROM `tgyx_merchant` WHERE ( 1=1 AND pid=5 AND (parent_id=14 OR id=14) ) LIMIT 0,20   [ RunTime:0.0000s ]

[ 2016-04-14T13:54:55+08:00 ] 10.10.24.237 /index.php/admin/Store/stores
INFO: [ app_init ] --START--
INFO: Run Behavior\BuildLiteBehavior [ RunTime:0.000000s ]
INFO: [ app_init ] --END-- [ RunTime:0.001000s ]
INFO: [ app_begin ] --START--
INFO: Run Behavior\ReadHtmlCacheBehavior [ RunTime:0.002000s ]
INFO: [ app_begin ] --END-- [ RunTime:0.002000s ]
SQL: SHOW COLUMNS FROM `tgyx_merchant` [ RunTime:0.0070s ]
SQL: SELECT `id`,`merchantname` FROM `tgyx_merchant` WHERE ( id='14' OR parent_id='14' OR pid='14' )  [ RunTime:0.0020s ]
INFO: [ view_parse ] --START--
INFO: [ template_filter ] --START--
INFO: Run Behavior\ContentReplaceBehavior [ RunTime:0.001000s ]
INFO: [ template_filter ] --END-- [ RunTime:0.001000s ]
INFO: Run Behavior\ParseTemplateBehavior [ RunTime:0.028002s ]
INFO: [ view_parse ] --END-- [ RunTime:0.028002s ]
INFO: [ view_filter ] --START--
INFO: Run Behavior\WriteHtmlCacheBehavior [ RunTime:0.001000s ]
INFO: [ view_filter ] --END-- [ RunTime:0.001000s ]
INFO: [ app_end ] --START--
INFO: Run Behavior\ShowPageTraceBehavior [ RunTime:0.002000s ]
INFO: [ app_end ] --END-- [ RunTime:0.002000s ]

[ 2016-04-14T13:54:57+08:00 ] 10.10.24.237 /index.php/admin/store/stores
INFO: [ app_init ] --START--
INFO: Run Behavior\BuildLiteBehavior [ RunTime:0.000000s ]
INFO: [ app_init ] --END-- [ RunTime:0.001000s ]
INFO: [ app_begin ] --START--
INFO: Run Behavior\ReadHtmlCacheBehavior [ RunTime:0.001000s ]
INFO: [ app_begin ] --END-- [ RunTime:0.001000s ]
SQL: SHOW COLUMNS FROM `tgyx_store` [ RunTime:0.0070s ]
SQL: SELECT COUNT(*) AS tp_count FROM `tgyx_store` WHERE ( 1=1 AND mid=14 ) LIMIT 1   [ RunTime:0.0020s ]
NOTIC: [8] Undefined index: sort E:\PhpstormProjects\pay\pay\Admin\Controller\StoreController.class.php 第 29 行.
SQL: SELECT * FROM `tgyx_store` WHERE ( 1=1 AND mid=14 ) ORDER BY id desc LIMIT 0,20   [ RunTime:0.0000s ]

[ 2016-04-14T13:55:02+08:00 ] 10.10.24.237 /index.php/admin/Merchant/submerchants
INFO: [ app_init ] --START--
INFO: Run Behavior\BuildLiteBehavior [ RunTime:0.000000s ]
INFO: [ app_init ] --END-- [ RunTime:0.001000s ]
INFO: [ app_begin ] --START--
INFO: Run Behavior\ReadHtmlCacheBehavior [ RunTime:0.002000s ]
INFO: [ app_begin ] --END-- [ RunTime:0.002000s ]
INFO: [ view_parse ] --START--
INFO: [ template_filter ] --START--
INFO: Run Behavior\ContentReplaceBehavior [ RunTime:0.000000s ]
INFO: [ template_filter ] --END-- [ RunTime:0.000000s ]
NOTIC: [8] Undefined variable: config E:\PhpstormProjects\pay\pay\Runtime\Cache\Admin\ef7d64741b9483391cc466c87cc5eab7.php 第 80 行.
NOTIC: [8] Undefined variable: config E:\PhpstormProjects\pay\pay\Runtime\Cache\Admin\ef7d64741b9483391cc466c87cc5eab7.php 第 86 行.
NOTIC: [8] Undefined variable: config E:\PhpstormProjects\pay\pay\Runtime\Cache\Admin\ef7d64741b9483391cc466c87cc5eab7.php 第 92 行.
NOTIC: [8] Undefined variable: config E:\PhpstormProjects\pay\pay\Runtime\Cache\Admin\ef7d64741b9483391cc466c87cc5eab7.php 第 98 行.
NOTIC: [8] Undefined variable: config E:\PhpstormProjects\pay\pay\Runtime\Cache\Admin\ef7d64741b9483391cc466c87cc5eab7.php 第 104 行.
INFO: Run Behavior\ParseTemplateBehavior [ RunTime:0.012001s ]
INFO: [ view_parse ] --END-- [ RunTime:0.012001s ]
INFO: [ view_filter ] --START--
INFO: Run Behavior\WriteHtmlCacheBehavior [ RunTime:0.000000s ]
INFO: [ view_filter ] --END-- [ RunTime:0.000000s ]
INFO: [ app_end ] --START--
INFO: Run Behavior\ShowPageTraceBehavior [ RunTime:0.000000s ]
INFO: [ app_end ] --END-- [ RunTime:0.000000s ]

[ 2016-04-14T13:55:04+08:00 ] 10.10.24.237 /index.php/admin/merchant/submerchants
INFO: [ app_init ] --START--
INFO: Run Behavior\BuildLiteBehavior [ RunTime:0.000000s ]
INFO: [ app_init ] --END-- [ RunTime:0.001000s ]
INFO: [ app_begin ] --START--
INFO: Run Behavior\ReadHtmlCacheBehavior [ RunTime:0.002001s ]
INFO: [ app_begin ] --END-- [ RunTime:0.002001s ]
SQL: SHOW COLUMNS FROM `tgyx_merchant` [ RunTime:0.0060s ]
SQL: SELECT COUNT(*) AS tp_count FROM `tgyx_merchant` WHERE ( 1=1 AND pid=5 AND (parent_id=14 OR id=14) ) LIMIT 1   [ RunTime:0.0020s ]
NOTIC: [8] Undefined index: sort E:\PhpstormProjects\pay\pay\Admin\Controller\MerchantController.class.php 第 135 行.
SQL: SELECT `id`,`username`,`merchantname`,`email`,`pid`,`salt`,`parent_id` FROM `tgyx_merchant` WHERE ( 1=1 AND pid=5 AND (parent_id=14 OR id=14) ) LIMIT 0,20   [ RunTime:0.0000s ]

[ 2016-04-14T13:56:08+08:00 ] 10.10.24.237 /index.php/admin/Staff/staffs
INFO: [ app_init ] --START--
INFO: Run Behavior\BuildLiteBehavior [ RunTime:0.000000s ]
INFO: [ app_init ] --END-- [ RunTime:0.001000s ]
INFO: [ app_begin ] --START--
INFO: Run Behavior\ReadHtmlCacheBehavior [ RunTime:0.001000s ]
INFO: [ app_begin ] --END-- [ RunTime:0.001000s ]
SQL: SHOW COLUMNS FROM `tgyx_store` [ RunTime:0.0060s ]
SQL: SELECT `id`,`mid`,`name` FROM `tgyx_store` WHERE ( mid = '14' )  [ RunTime:0.0030s ]
INFO: [ view_parse ] --START--
INFO: [ template_filter ] --START--
INFO: Run Behavior\ContentReplaceBehavior [ RunTime:0.000000s ]
INFO: [ template_filter ] --END-- [ RunTime:0.001000s ]
NOTIC: [8] Undefined index: pretend E:\PhpstormProjects\pay\pay\Runtime\Cache\Admin\e4bf5f20175bfa9eb54324e68e69ed93.php 第 54 行.
INFO: Run Behavior\ParseTemplateBehavior [ RunTime:0.025001s ]
INFO: [ view_parse ] --END-- [ RunTime:0.026001s ]
INFO: [ view_filter ] --START--
INFO: Run Behavior\WriteHtmlCacheBehavior [ RunTime:0.001000s ]
INFO: [ view_filter ] --END-- [ RunTime:0.001000s ]
INFO: [ app_end ] --START--
INFO: Run Behavior\ShowPageTraceBehavior [ RunTime:0.001000s ]
INFO: [ app_end ] --END-- [ RunTime:0.001000s ]

[ 2016-04-14T13:56:10+08:00 ] 10.10.24.237 /index.php/admin/Staff/staffs
INFO: [ app_init ] --START--
INFO: Run Behavior\BuildLiteBehavior [ RunTime:0.000000s ]
INFO: [ app_init ] --END-- [ RunTime:0.001001s ]
INFO: [ app_begin ] --START--
INFO: Run Behavior\ReadHtmlCacheBehavior [ RunTime:0.001000s ]
INFO: [ app_begin ] --END-- [ RunTime:0.001000s ]
SQL: SHOW COLUMNS FROM `tgyx_staff` [ RunTime:0.0070s ]
SQL: SELECT COUNT(*) AS tp_count FROM `tgyx_staff` WHERE ( 1=1 AND mid=14 ) LIMIT 1   [ RunTime:0.0020s ]
NOTIC: [8] Undefined index: sort E:\PhpstormProjects\pay\pay\Admin\Controller\StaffController.class.php 第 34 行.
SQL: SELECT `id`,`username`,`nickname`,`mid`,`auths`,`store_id`,`salt`,`merchantname` FROM `tgyx_staff` WHERE ( 1=1 AND mid=14 ) ORDER BY id desc LIMIT 0,20   [ RunTime:0.0010s ]

[ 2016-04-14T13:57:01+08:00 ] 10.10.24.237 /index.php/admin/Merchant/submerchants
INFO: [ app_init ] --START--
INFO: Run Behavior\BuildLiteBehavior [ RunTime:0.001000s ]
INFO: [ app_init ] --END-- [ RunTime:0.002001s ]
INFO: [ app_begin ] --START--
INFO: Run Behavior\ReadHtmlCacheBehavior [ RunTime:0.001000s ]
INFO: [ app_begin ] --END-- [ RunTime:0.002000s ]
INFO: [ view_parse ] --START--
INFO: [ template_filter ] --START--
INFO: Run Behavior\ContentReplaceBehavior [ RunTime:0.000000s ]
INFO: [ template_filter ] --END-- [ RunTime:0.000000s ]
NOTIC: [8] Undefined variable: config E:\PhpstormProjects\pay\pay\Runtime\Cache\Admin\ef7d64741b9483391cc466c87cc5eab7.php 第 80 行.
NOTIC: [8] Undefined variable: config E:\PhpstormProjects\pay\pay\Runtime\Cache\Admin\ef7d64741b9483391cc466c87cc5eab7.php 第 86 行.
NOTIC: [8] Undefined variable: config E:\PhpstormProjects\pay\pay\Runtime\Cache\Admin\ef7d64741b9483391cc466c87cc5eab7.php 第 92 行.
NOTIC: [8] Undefined variable: config E:\PhpstormProjects\pay\pay\Runtime\Cache\Admin\ef7d64741b9483391cc466c87cc5eab7.php 第 98 行.
NOTIC: [8] Undefined variable: config E:\PhpstormProjects\pay\pay\Runtime\Cache\Admin\ef7d64741b9483391cc466c87cc5eab7.php 第 104 行.
INFO: Run Behavior\ParseTemplateBehavior [ RunTime:0.018001s ]
INFO: [ view_parse ] --END-- [ RunTime:0.018001s ]
INFO: [ view_filter ] --START--
INFO: Run Behavior\WriteHtmlCacheBehavior [ RunTime:0.001000s ]
INFO: [ view_filter ] --END-- [ RunTime:0.001000s ]
INFO: [ app_end ] --START--
INFO: Run Behavior\ShowPageTraceBehavior [ RunTime:0.001000s ]
INFO: [ app_end ] --END-- [ RunTime:0.001000s ]

[ 2016-04-14T13:57:03+08:00 ] 10.10.24.237 /index.php/admin/merchant/submerchants
INFO: [ app_init ] --START--
INFO: Run Behavior\BuildLiteBehavior [ RunTime:0.000000s ]
INFO: [ app_init ] --END-- [ RunTime:0.000000s ]
INFO: [ app_begin ] --START--
INFO: Run Behavior\ReadHtmlCacheBehavior [ RunTime:0.001000s ]
INFO: [ app_begin ] --END-- [ RunTime:0.001000s ]
SQL: SHOW COLUMNS FROM `tgyx_merchant` [ RunTime:0.0070s ]
SQL: SELECT COUNT(*) AS tp_count FROM `tgyx_merchant` WHERE ( 1=1 AND pid=5 AND (parent_id=14 OR id=14) ) LIMIT 1   [ RunTime:0.0020s ]
NOTIC: [8] Undefined index: sort E:\PhpstormProjects\pay\pay\Admin\Controller\MerchantController.class.php 第 135 行.
SQL: SELECT `id`,`username`,`merchantname`,`email`,`pid`,`salt`,`parent_id` FROM `tgyx_merchant` WHERE ( 1=1 AND pid=5 AND (parent_id=14 OR id=14) ) LIMIT 0,20   [ RunTime:0.0010s ]

[ 2016-04-14T13:57:14+08:00 ] 10.10.24.237 /index.php/admin/Staff/staffs
INFO: [ app_init ] --START--
INFO: Run Behavior\BuildLiteBehavior [ RunTime:0.000000s ]
INFO: [ app_init ] --END-- [ RunTime:0.001000s ]
INFO: [ app_begin ] --START--
INFO: Run Behavior\ReadHtmlCacheBehavior [ RunTime:0.001000s ]
INFO: [ app_begin ] --END-- [ RunTime:0.001000s ]
SQL: SHOW COLUMNS FROM `tgyx_store` [ RunTime:0.0060s ]
SQL: SELECT `id`,`mid`,`name` FROM `tgyx_store` WHERE ( mid = '14' )  [ RunTime:0.0020s ]
INFO: [ view_parse ] --START--
INFO: [ template_filter ] --START--
INFO: Run Behavior\ContentReplaceBehavior [ RunTime:0.000000s ]
INFO: [ template_filter ] --END-- [ RunTime:0.000000s ]
NOTIC: [8] Undefined index: pretend E:\PhpstormProjects\pay\pay\Runtime\Cache\Admin\e4bf5f20175bfa9eb54324e68e69ed93.php 第 54 行.
INFO: Run Behavior\ParseTemplateBehavior [ RunTime:0.025001s ]
INFO: [ view_parse ] --END-- [ RunTime:0.025001s ]
INFO: [ view_filter ] --START--
INFO: Run Behavior\WriteHtmlCacheBehavior [ RunTime:0.001000s ]
INFO: [ view_filter ] --END-- [ RunTime:0.001000s ]
INFO: [ app_end ] --START--
INFO: Run Behavior\ShowPageTraceBehavior [ RunTime:0.002000s ]
INFO: [ app_end ] --END-- [ RunTime:0.002000s ]

[ 2016-04-14T13:57:16+08:00 ] 10.10.24.237 /index.php/admin/Staff/staffs
INFO: [ app_init ] --START--
INFO: Run Behavior\BuildLiteBehavior [ RunTime:0.001000s ]
INFO: [ app_init ] --END-- [ RunTime:0.001000s ]
INFO: [ app_begin ] --START--
INFO: Run Behavior\ReadHtmlCacheBehavior [ RunTime:0.001000s ]
INFO: [ app_begin ] --END-- [ RunTime:0.001000s ]
SQL: SHOW COLUMNS FROM `tgyx_store` [ RunTime:0.0070s ]
SQL: SELECT `id`,`mid`,`name` FROM `tgyx_store` WHERE ( mid = '14' )  [ RunTime:0.0010s ]
INFO: [ view_parse ] --START--
INFO: [ template_filter ] --START--
INFO: Run Behavior\ContentReplaceBehavior [ RunTime:0.000000s ]
INFO: [ template_filter ] --END-- [ RunTime:0.000000s ]
NOTIC: [8] Undefined index: pretend E:\PhpstormProjects\pay\pay\Runtime\Cache\Admin\e4bf5f20175bfa9eb54324e68e69ed93.php 第 54 行.
INFO: Run Behavior\ParseTemplateBehavior [ RunTime:0.019001s ]
INFO: [ view_parse ] --END-- [ RunTime:0.019001s ]
INFO: [ view_filter ] --START--
INFO: Run Behavior\WriteHtmlCacheBehavior [ RunTime:0.001000s ]
INFO: [ view_filter ] --END-- [ RunTime:0.001000s ]
INFO: [ app_end ] --START--
INFO: Run Behavior\ShowPageTraceBehavior [ RunTime:0.001000s ]
INFO: [ app_end ] --END-- [ RunTime:0.001000s ]

[ 2016-04-14T13:57:19+08:00 ] 10.10.24.237 /index.php/admin/Staff/staffs
INFO: [ app_init ] --START--
INFO: Run Behavior\BuildLiteBehavior [ RunTime:0.000000s ]
INFO: [ app_init ] --END-- [ RunTime:0.001000s ]
INFO: [ app_begin ] --START--
INFO: Run Behavior\ReadHtmlCacheBehavior [ RunTime:0.000000s ]
INFO: [ app_begin ] --END-- [ RunTime:0.001000s ]
SQL: SHOW COLUMNS FROM `tgyx_staff` [ RunTime:0.0060s ]
SQL: SELECT COUNT(*) AS tp_count FROM `tgyx_staff` WHERE ( 1=1 AND mid=14 ) LIMIT 1   [ RunTime:0.0020s ]
NOTIC: [8] Undefined index: sort E:\PhpstormProjects\pay\pay\Admin\Controller\StaffController.class.php 第 34 行.
SQL: SELECT `id`,`username`,`nickname`,`mid`,`auths`,`store_id`,`salt`,`merchantname` FROM `tgyx_staff` WHERE ( 1=1 AND mid=14 ) ORDER BY id desc LIMIT 0,20   [ RunTime:0.0000s ]

[ 2016-04-14T13:57:25+08:00 ] 10.10.24.237 /index.php/admin/Staff/staffs
INFO: [ app_init ] --START--
INFO: Run Behavior\BuildLiteBehavior [ RunTime:0.000000s ]
INFO: [ app_init ] --END-- [ RunTime:0.001000s ]
INFO: [ app_begin ] --START--
INFO: Run Behavior\ReadHtmlCacheBehavior [ RunTime:0.001000s ]
INFO: [ app_begin ] --END-- [ RunTime:0.001000s ]
SQL: SHOW COLUMNS FROM `tgyx_staff` [ RunTime:0.0050s ]
SQL: SELECT COUNT(*) AS tp_count FROM `tgyx_staff` WHERE ( 1=1 AND mid=14 ) LIMIT 1   [ RunTime:0.0010s ]
SQL: SELECT `id`,`username`,`nickname`,`mid`,`auths`,`store_id`,`salt`,`merchantname` FROM `tgyx_staff` WHERE ( 1=1 AND mid=14 ) ORDER BY merchantname desc LIMIT 0,20   [ RunTime:0.0000s ]

[ 2016-04-14T13:57:40+08:00 ] 10.10.24.237 /index.php/admin/Store/stores
INFO: [ app_init ] --START--
INFO: Run Behavior\BuildLiteBehavior [ RunTime:0.000000s ]
INFO: [ app_init ] --END-- [ RunTime:0.001000s ]
INFO: [ app_begin ] --START--
INFO: Run Behavior\ReadHtmlCacheBehavior [ RunTime:0.001000s ]
INFO: [ app_begin ] --END-- [ RunTime:0.001000s ]
SQL: SHOW COLUMNS FROM `tgyx_merchant` [ RunTime:0.0070s ]
SQL: SELECT `id`,`merchantname` FROM `tgyx_merchant` WHERE ( id='14' OR parent_id='14' OR pid='14' )  [ RunTime:0.0020s ]
INFO: [ view_parse ] --START--
INFO: [ template_filter ] --START--
INFO: Run Behavior\ContentReplaceBehavior [ RunTime:0.001000s ]
INFO: [ template_filter ] --END-- [ RunTime:0.001000s ]
INFO: Run Behavior\ParseTemplateBehavior [ RunTime:0.021001s ]
INFO: [ view_parse ] --END-- [ RunTime:0.021001s ]
INFO: [ view_filter ] --START--
INFO: Run Behavior\WriteHtmlCacheBehavior [ RunTime:0.000000s ]
INFO: [ view_filter ] --END-- [ RunTime:0.000000s ]
INFO: [ app_end ] --START--
INFO: Run Behavior\ShowPageTraceBehavior [ RunTime:0.000000s ]
INFO: [ app_end ] --END-- [ RunTime:0.000000s ]

[ 2016-04-14T13:57:42+08:00 ] 10.10.24.237 /index.php/admin/store/stores
INFO: [ app_init ] --START--
INFO: Run Behavior\BuildLiteBehavior [ RunTime:0.001000s ]
INFO: [ app_init ] --END-- [ RunTime:0.002000s ]
INFO: [ app_begin ] --START--
INFO: Run Behavior\ReadHtmlCacheBehavior [ RunTime:0.000000s ]
INFO: [ app_begin ] --END-- [ RunTime:0.001000s ]
SQL: SHOW COLUMNS FROM `tgyx_store` [ RunTime:0.0060s ]
SQL: SELECT COUNT(*) AS tp_count FROM `tgyx_store` WHERE ( 1=1 AND mid=14 ) LIMIT 1   [ RunTime:0.0020s ]
NOTIC: [8] Undefined index: sort E:\PhpstormProjects\pay\pay\Admin\Controller\StoreController.class.php 第 29 行.
SQL: SELECT * FROM `tgyx_store` WHERE ( 1=1 AND mid=14 ) ORDER BY id desc LIMIT 0,20   [ RunTime:0.0000s ]

[ 2016-04-14T13:57:52+08:00 ] 10.10.24.237 /index.php/admin/Store/stores
INFO: [ app_init ] --START--
INFO: Run Behavior\BuildLiteBehavior [ RunTime:0.000000s ]
INFO: [ app_init ] --END-- [ RunTime:0.001000s ]
INFO: [ app_begin ] --START--
INFO: Run Behavior\ReadHtmlCacheBehavior [ RunTime:0.002000s ]
INFO: [ app_begin ] --END-- [ RunTime:0.002000s ]
SQL: SHOW COLUMNS FROM `tgyx_merchant` [ RunTime:0.0070s ]
SQL: SELECT `id`,`merchantname` FROM `tgyx_merchant` WHERE ( id='14' OR parent_id='14' OR pid='14' )  [ RunTime:0.0010s ]
INFO: [ view_parse ] --START--
INFO: [ template_filter ] --START--
INFO: Run Behavior\ContentReplaceBehavior [ RunTime:0.000000s ]
INFO: [ template_filter ] --END-- [ RunTime:0.000000s ]
INFO: Run Behavior\ParseTemplateBehavior [ RunTime:0.023002s ]
INFO: [ view_parse ] --END-- [ RunTime:0.023002s ]
INFO: [ view_filter ] --START--
INFO: Run Behavior\WriteHtmlCacheBehavior [ RunTime:0.001000s ]
INFO: [ view_filter ] --END-- [ RunTime:0.001000s ]
INFO: [ app_end ] --START--
INFO: Run Behavior\ShowPageTraceBehavior [ RunTime:0.001000s ]
INFO: [ app_end ] --END-- [ RunTime:0.001000s ]

[ 2016-04-14T13:57:55+08:00 ] 10.10.24.237 /index.php/admin/store/stores
INFO: [ app_init ] --START--
INFO: Run Behavior\BuildLiteBehavior [ RunTime:0.000000s ]
INFO: [ app_init ] --END-- [ RunTime:0.000000s ]
INFO: [ app_begin ] --START--
INFO: Run Behavior\ReadHtmlCacheBehavior [ RunTime:0.001000s ]
INFO: [ app_begin ] --END-- [ RunTime:0.001000s ]
SQL: SHOW COLUMNS FROM `tgyx_store` [ RunTime:0.0060s ]
SQL: SELECT COUNT(*) AS tp_count FROM `tgyx_store` WHERE ( 1=1 AND mid=14 ) LIMIT 1   [ RunTime:0.0020s ]
NOTIC: [8] Undefined index: sort E:\PhpstormProjects\pay\pay\Admin\Controller\StoreController.class.php 第 29 行.
SQL: SELECT * FROM `tgyx_store` WHERE ( 1=1 AND mid=14 ) ORDER BY id desc LIMIT 0,20   [ RunTime:0.0010s ]

[ 2016-04-14T13:58:37+08:00 ] 10.10.24.237 /index.php/admin/index/index.html
INFO: [ app_init ] --START--
INFO: Run Behavior\BuildLiteBehavior [ RunTime:0.001000s ]
INFO: [ app_init ] --END-- [ RunTime:0.002000s ]
INFO: [ app_begin ] --START--
INFO: Run Behavior\ReadHtmlCacheBehavior [ RunTime:0.001001s ]
INFO: [ app_begin ] --END-- [ RunTime:0.001001s ]
INFO: [ view_parse ] --START--
INFO: [ template_filter ] --START--
INFO: Run Behavior\ContentReplaceBehavior [ RunTime:0.000000s ]
INFO: [ template_filter ] --END-- [ RunTime:0.000000s ]
INFO: Run Behavior\ParseTemplateBehavior [ RunTime:0.018001s ]
INFO: [ view_parse ] --END-- [ RunTime:0.018001s ]
INFO: [ view_filter ] --START--
INFO: Run Behavior\WriteHtmlCacheBehavior [ RunTime:0.000000s ]
INFO: [ view_filter ] --END-- [ RunTime:0.001000s ]
INFO: [ app_end ] --START--
INFO: Run Behavior\ShowPageTraceBehavior [ RunTime:0.000000s ]
INFO: [ app_end ] --END-- [ RunTime:0.000000s ]

[ 2016-04-14T13:58:38+08:00 ] 10.10.24.237 /index.php/Admin/Index/body
INFO: [ app_init ] --START--
INFO: Run Behavior\BuildLiteBehavior [ RunTime:0.000000s ]
INFO: [ app_init ] --END-- [ RunTime:0.001000s ]
INFO: [ app_begin ] --START--
INFO: Run Behavior\ReadHtmlCacheBehavior [ RunTime:0.001000s ]
INFO: [ app_begin ] --END-- [ RunTime:0.001000s ]
INFO: [ view_parse ] --START--
INFO: [ template_filter ] --START--
INFO: Run Behavior\ContentReplaceBehavior [ RunTime:0.000000s ]
INFO: [ template_filter ] --END-- [ RunTime:0.000000s ]
INFO: Run Behavior\ParseTemplateBehavior [ RunTime:0.008001s ]
INFO: [ view_parse ] --END-- [ RunTime:0.008001s ]
INFO: [ view_filter ] --START--
INFO: Run Behavior\WriteHtmlCacheBehavior [ RunTime:0.001000s ]
INFO: [ view_filter ] --END-- [ RunTime:0.001000s ]
INFO: [ app_end ] --START--
INFO: Run Behavior\ShowPageTraceBehavior [ RunTime:0.001000s ]
INFO: [ app_end ] --END-- [ RunTime:0.001000s ]

[ 2016-04-14T13:58:52+08:00 ] 10.10.24.237 /index.php/admin/Staff/staffs
INFO: [ app_init ] --START--
INFO: Run Behavior\BuildLiteBehavior [ RunTime:0.000000s ]
INFO: [ app_init ] --END-- [ RunTime:0.001000s ]
INFO: [ app_begin ] --START--
INFO: Run Behavior\ReadHtmlCacheBehavior [ RunTime:0.001000s ]
INFO: [ app_begin ] --END-- [ RunTime:0.001000s ]
SQL: SHOW COLUMNS FROM `tgyx_store` [ RunTime:0.0070s ]
SQL: SELECT `id`,`mid`,`name` FROM `tgyx_store` WHERE ( mid = '15' )  [ RunTime:0.0030s ]
INFO: [ view_parse ] --START--
INFO: [ template_filter ] --START--
INFO: Run Behavior\ContentReplaceBehavior [ RunTime:0.000000s ]
INFO: [ template_filter ] --END-- [ RunTime:0.000000s ]
NOTIC: [8] Undefined index: pretend E:\PhpstormProjects\pay\pay\Runtime\Cache\Admin\e4bf5f20175bfa9eb54324e68e69ed93.php 第 54 行.
NOTIC: [8] Undefined variable: store_id E:\PhpstormProjects\pay\pay\Runtime\Cache\Admin\e4bf5f20175bfa9eb54324e68e69ed93.php 第 55 行.
NOTIC: [8] Undefined variable: store_id E:\PhpstormProjects\pay\pay\Runtime\Cache\Admin\e4bf5f20175bfa9eb54324e68e69ed93.php 第 55 行.
INFO: Run Behavior\ParseTemplateBehavior [ RunTime:0.025001s ]
INFO: [ view_parse ] --END-- [ RunTime:0.025001s ]
INFO: [ view_filter ] --START--
INFO: Run Behavior\WriteHtmlCacheBehavior [ RunTime:0.001000s ]
INFO: [ view_filter ] --END-- [ RunTime:0.001000s ]
INFO: [ app_end ] --START--
INFO: Run Behavior\ShowPageTraceBehavior [ RunTime:0.002000s ]
INFO: [ app_end ] --END-- [ RunTime:0.002000s ]

[ 2016-04-14T13:58:54+08:00 ] 10.10.24.237 /index.php/admin/Staff/staffs
INFO: [ app_init ] --START--
INFO: Run Behavior\BuildLiteBehavior [ RunTime:0.000000s ]
INFO: [ app_init ] --END-- [ RunTime:0.001000s ]
INFO: [ app_begin ] --START--
INFO: Run Behavior\ReadHtmlCacheBehavior [ RunTime:0.001000s ]
INFO: [ app_begin ] --END-- [ RunTime:0.001000s ]
SQL: SHOW COLUMNS FROM `tgyx_staff` [ RunTime:0.0060s ]
SQL: SELECT COUNT(*) AS tp_count FROM `tgyx_staff` WHERE ( 1=1 AND mid=15 ) LIMIT 1   [ RunTime:0.0020s ]
NOTIC: [8] Undefined index: sort E:\PhpstormProjects\pay\pay\Admin\Controller\StaffController.class.php 第 34 行.
SQL: SELECT `id`,`username`,`nickname`,`mid`,`auths`,`store_id`,`salt`,`merchantname` FROM `tgyx_staff` WHERE ( 1=1 AND mid=15 ) ORDER BY id desc LIMIT 0,20   [ RunTime:0.0010s ]

[ 2016-04-14T14:00:02+08:00 ] 10.10.24.237 /index.php/admin/Pageinfo/pageinfo
INFO: [ app_init ] --START--
INFO: Run Behavior\BuildLiteBehavior [ RunTime:0.000000s ]
INFO: [ app_init ] --END-- [ RunTime:0.001000s ]
INFO: [ app_begin ] --START--
INFO: Run Behavior\ReadHtmlCacheBehavior [ RunTime:0.002000s ]
INFO: [ app_begin ] --END-- [ RunTime:0.002000s ]
SQL: SHOW COLUMNS FROM `tgyx_pageinfo` [ RunTime:0.0070s ]
SQL: SELECT * FROM `tgyx_pageinfo` WHERE ( mid=15 ) LIMIT 1   [ RunTime:0.0020s ]
INFO: [ view_parse ] --START--
INFO: [ template_filter ] --START--
INFO: Run Behavior\ContentReplaceBehavior [ RunTime:0.000000s ]
INFO: [ template_filter ] --END-- [ RunTime:0.000000s ]
INFO: Run Behavior\ParseTemplateBehavior [ RunTime:0.030002s ]
INFO: [ view_parse ] --END-- [ RunTime:0.030002s ]
INFO: [ view_filter ] --START--
INFO: Run Behavior\WriteHtmlCacheBehavior [ RunTime:0.000000s ]
INFO: [ view_filter ] --END-- [ RunTime:0.000000s ]
INFO: [ app_end ] --START--
INFO: Run Behavior\ShowPageTraceBehavior [ RunTime:0.001000s ]
INFO: [ app_end ] --END-- [ RunTime:0.001000s ]

[ 2016-04-14T14:14:53+08:00 ] 10.10.24.237 /index.php/admin/index/index.html
INFO: [ app_init ] --START--
INFO: Run Behavior\BuildLiteBehavior [ RunTime:0.000000s ]
INFO: [ app_init ] --END-- [ RunTime:0.001000s ]
INFO: [ app_begin ] --START--
INFO: Run Behavior\ReadHtmlCacheBehavior [ RunTime:0.001000s ]
INFO: [ app_begin ] --END-- [ RunTime:0.001000s ]
INFO: [ view_parse ] --START--
INFO: [ template_filter ] --START--
INFO: Run Behavior\ContentReplaceBehavior [ RunTime:0.000000s ]
INFO: [ template_filter ] --END-- [ RunTime:0.000000s ]
INFO: Run Behavior\ParseTemplateBehavior [ RunTime:0.017001s ]
INFO: [ view_parse ] --END-- [ RunTime:0.018001s ]
INFO: [ view_filter ] --START--
INFO: Run Behavior\WriteHtmlCacheBehavior [ RunTime:0.000000s ]
INFO: [ view_filter ] --END-- [ RunTime:0.001000s ]
INFO: [ app_end ] --START--
INFO: Run Behavior\ShowPageTraceBehavior [ RunTime:0.000000s ]
INFO: [ app_end ] --END-- [ RunTime:0.001000s ]

[ 2016-04-14T14:14:54+08:00 ] 10.10.24.237 /index.php/Admin/Index/body
INFO: [ app_init ] --START--
INFO: Run Behavior\BuildLiteBehavior [ RunTime:0.000000s ]
INFO: [ app_init ] --END-- [ RunTime:0.000000s ]
INFO: [ app_begin ] --START--
INFO: Run Behavior\ReadHtmlCacheBehavior [ RunTime:0.001000s ]
INFO: [ app_begin ] --END-- [ RunTime:0.001000s ]
INFO: [ view_parse ] --START--
INFO: [ template_filter ] --START--
INFO: Run Behavior\ContentReplaceBehavior [ RunTime:0.000000s ]
INFO: [ template_filter ] --END-- [ RunTime:0.000000s ]
INFO: Run Behavior\ParseTemplateBehavior [ RunTime:0.004001s ]
INFO: [ view_parse ] --END-- [ RunTime:0.004001s ]
INFO: [ view_filter ] --START--
INFO: Run Behavior\WriteHtmlCacheBehavior [ RunTime:0.000000s ]
INFO: [ view_filter ] --END-- [ RunTime:0.000000s ]
INFO: [ app_end ] --START--
INFO: Run Behavior\ShowPageTraceBehavior [ RunTime:0.000000s ]
INFO: [ app_end ] --END-- [ RunTime:0.000000s ]

[ 2016-04-14T14:14:58+08:00 ] 10.10.24.237 /index.php/admin/Order/proxystatistics
INFO: [ app_init ] --START--
INFO: Run Behavior\BuildLiteBehavior [ RunTime:0.000000s ]
INFO: [ app_init ] --END-- [ RunTime:0.001000s ]
INFO: [ app_begin ] --START--
INFO: Run Behavior\ReadHtmlCacheBehavior [ RunTime:0.002000s ]
INFO: [ app_begin ] --END-- [ RunTime:0.002000s ]
SQL: SHOW COLUMNS FROM `tgyx_merchant` [ RunTime:0.0060s ]
SQL: SELECT `id`,`merchantname` FROM `tgyx_merchant` WHERE ( pid='5' )  [ RunTime:0.0020s ]
INFO: [ view_parse ] --START--
INFO: [ template_filter ] --START--
INFO: Run Behavior\ContentReplaceBehavior [ RunTime:0.000000s ]
INFO: [ template_filter ] --END-- [ RunTime:0.000000s ]
NOTIC: [8] Undefined index: pretend E:\PhpstormProjects\pay\pay\Runtime\Cache\Admin\e746e7ff4e2d37d9711b64ba3b986349.php 第 52 行.
NOTIC: [8] Undefined index: pretend E:\PhpstormProjects\pay\pay\Runtime\Cache\Admin\e746e7ff4e2d37d9711b64ba3b986349.php 第 91 行.
INFO: Run Behavior\ParseTemplateBehavior [ RunTime:0.019001s ]
INFO: [ view_parse ] --END-- [ RunTime:0.019001s ]
INFO: [ view_filter ] --START--
INFO: Run Behavior\WriteHtmlCacheBehavior [ RunTime:0.001000s ]
INFO: [ view_filter ] --END-- [ RunTime:0.001000s ]
INFO: [ app_end ] --START--
INFO: Run Behavior\ShowPageTraceBehavior [ RunTime:0.001000s ]
INFO: [ app_end ] --END-- [ RunTime:0.001000s ]

[ 2016-04-14T14:14:59+08:00 ] 10.10.24.237 /index.php/admin/Order/proxystatistics
INFO: [ app_init ] --START--
INFO: Run Behavior\BuildLiteBehavior [ RunTime:0.000000s ]
INFO: [ app_init ] --END-- [ RunTime:0.000000s ]
INFO: [ app_begin ] --START--
INFO: Run Behavior\ReadHtmlCacheBehavior [ RunTime:0.001000s ]
INFO: [ app_begin ] --END-- [ RunTime:0.001000s ]
SQL: SHOW COLUMNS FROM `tgyx_order` [ RunTime:0.0050s ]
SQL: SELECT FROM_UNIXTIME(create_time,'%Y-%m-%d %H') as labels,COUNT(id) as total,SUM(total_fee)/100 as total_fee,SUM(refund_fee)/100 as total_refund FROM tgyx_order where is_pay=1 AND 1=1 AND pmid=5 AND FROM_UNIXTIME(create_time,'%Y%m%d')>=FROM_UNIXTIME(1460476800,'%Y%m%d') AND FROM_UNIXTIME(create_time,'%Y%m%d')<=FROM_UNIXTIME(1460563200,'%Y%m%d') GROUP BY labels [ RunTime:0.0020s ]

[ 2016-04-14T14:15:00+08:00 ] 10.10.24.237 /index.php/admin/Order/proxystatistics
INFO: [ app_init ] --START--
INFO: Run Behavior\BuildLiteBehavior [ RunTime:0.000000s ]
INFO: [ app_init ] --END-- [ RunTime:0.000000s ]
INFO: [ app_begin ] --START--
INFO: Run Behavior\ReadHtmlCacheBehavior [ RunTime:0.001000s ]
INFO: [ app_begin ] --END-- [ RunTime:0.001000s ]
SQL: SHOW COLUMNS FROM `tgyx_order` [ RunTime:0.0050s ]
SQL: SELECT FROM_UNIXTIME(create_time,'%Y-%m-%d') as labels,COUNT(id) as total,SUM(total_fee)/100 as total_fee,SUM(refund_fee)/100 as total_refund FROM tgyx_order where is_pay=1 AND 1=1 AND pmid=5 AND FROM_UNIXTIME(create_time,'%Y%m')>=FROM_UNIXTIME(1456761600,'%Y%m') AND FROM_UNIXTIME(create_time,'%Y%m')<=FROM_UNIXTIME(1459440000,'%Y%m') GROUP BY labels [ RunTime:0.0030s ]

[ 2016-04-14T14:15:07+08:00 ] 10.10.24.237 /index.php/admin/Order/proxystatistics
INFO: [ app_init ] --START--
INFO: Run Behavior\BuildLiteBehavior [ RunTime:0.000000s ]
INFO: [ app_init ] --END-- [ RunTime:0.000000s ]
INFO: [ app_begin ] --START--
INFO: Run Behavior\ReadHtmlCacheBehavior [ RunTime:0.000000s ]
INFO: [ app_begin ] --END-- [ RunTime:0.000000s ]
SQL: SHOW COLUMNS FROM `tgyx_order` [ RunTime:0.0050s ]
SQL: SELECT FROM_UNIXTIME(create_time,'%Y-%m-%d %H') as labels,COUNT(id) as total,SUM(total_fee)/100 as total_fee,SUM(refund_fee)/100 as total_refund FROM tgyx_order where is_pay=1 AND 1=1 AND pmid=5 AND FROM_UNIXTIME(create_time,'%Y%m%d')>=FROM_UNIXTIME(1459612800,'%Y%m%d') AND FROM_UNIXTIME(create_time,'%Y%m%d')<=FROM_UNIXTIME(1460563200,'%Y%m%d') GROUP BY labels [ RunTime:0.0010s ]

[ 2016-04-14T14:15:20+08:00 ] 10.10.24.237 /index.php/admin/Order/proxystatistics
INFO: [ app_init ] --START--
INFO: Run Behavior\BuildLiteBehavior [ RunTime:0.000000s ]
INFO: [ app_init ] --END-- [ RunTime:0.001000s ]
INFO: [ app_begin ] --START--
INFO: Run Behavior\ReadHtmlCacheBehavior [ RunTime:0.001000s ]
INFO: [ app_begin ] --END-- [ RunTime:0.001000s ]
SQL: SHOW COLUMNS FROM `tgyx_order` [ RunTime:0.0060s ]
SQL: SELECT FROM_UNIXTIME(create_time,'%Y-%m-%d %H') as labels,COUNT(id) as total,SUM(total_fee)/100 as total_fee,SUM(refund_fee)/100 as total_refund FROM tgyx_order where is_pay=1 AND 1=1 AND pmid=5 AND FROM_UNIXTIME(create_time,'%Y%m%d')>=FROM_UNIXTIME(1460044800,'%Y%m%d') AND FROM_UNIXTIME(create_time,'%Y%m%d')<=FROM_UNIXTIME(1460131200,'%Y%m%d') GROUP BY labels [ RunTime:0.0020s ]

[ 2016-04-14T14:15:33+08:00 ] 10.10.24.237 /index.php/admin/Order/statistics
INFO: [ app_init ] --START--
INFO: Run Behavior\BuildLiteBehavior [ RunTime:0.000000s ]
INFO: [ app_init ] --END-- [ RunTime:0.000000s ]
INFO: [ app_begin ] --START--
INFO: Run Behavior\ReadHtmlCacheBehavior [ RunTime:0.000000s ]
INFO: [ app_begin ] --END-- [ RunTime:0.001000s ]
SQL: SHOW COLUMNS FROM `tgyx_store` [ RunTime:0.0070s ]
SQL: SELECT `id`,`mid`,`name` FROM `tgyx_store` WHERE ( mid = '15' )  [ RunTime:0.0020s ]
INFO: [ view_parse ] --START--
INFO: [ template_filter ] --START--
INFO: Run Behavior\ContentReplaceBehavior [ RunTime:0.000000s ]
INFO: [ template_filter ] --END-- [ RunTime:0.000000s ]
NOTIC: [8] Undefined index: pretend E:\PhpstormProjects\pay\pay\Runtime\Cache\Admin\17cc33539d07cc49b22bc5ba62005ff5.php 第 52 行.
NOTIC: [8] Undefined index: pretend E:\PhpstormProjects\pay\pay\Runtime\Cache\Admin\17cc33539d07cc49b22bc5ba62005ff5.php 第 91 行.
NOTIC: [8] Undefined index: pretend E:\PhpstormProjects\pay\pay\Runtime\Cache\Admin\17cc33539d07cc49b22bc5ba62005ff5.php 第 130 行.
INFO: Run Behavior\ParseTemplateBehavior [ RunTime:0.037002s ]
INFO: [ view_parse ] --END-- [ RunTime:0.037002s ]
INFO: [ view_filter ] --START--
INFO: Run Behavior\WriteHtmlCacheBehavior [ RunTime:0.000000s ]
INFO: [ view_filter ] --END-- [ RunTime:0.000000s ]
INFO: [ app_end ] --START--
INFO: Run Behavior\ShowPageTraceBehavior [ RunTime:0.001000s ]
INFO: [ app_end ] --END-- [ RunTime:0.001000s ]

[ 2016-04-14T14:15:37+08:00 ] 10.10.24.237 /index.php/admin/Order/statistics
INFO: [ app_init ] --START--
INFO: Run Behavior\BuildLiteBehavior [ RunTime:0.000000s ]
INFO: [ app_init ] --END-- [ RunTime:0.000000s ]
INFO: [ app_begin ] --START--
INFO: Run Behavior\ReadHtmlCacheBehavior [ RunTime:0.001000s ]
INFO: [ app_begin ] --END-- [ RunTime:0.001000s ]
SQL: SHOW COLUMNS FROM `tgyx_order` [ RunTime:0.0020s ]
SQL: SELECT FROM_UNIXTIME(create_time,'%Y-%m-%d %H') labels,COUNT(id) total,SUM(total_fee)/100 total_fee,SUM(refund_fee)/100 total_refund FROM tgyx_order where is_pay=1 AND 1=1 AND mid=15 AND FROM_UNIXTIME(create_time,'%Y%m%d')>=FROM_UNIXTIME(1460476800,'%Y%m%d') AND FROM_UNIXTIME(create_time,'%Y%m%d')<=FROM_UNIXTIME(1460563200,'%Y%m%d') GROUP BY labels [ RunTime:0.0010s ]

[ 2016-04-14T14:15:38+08:00 ] 10.10.24.237 /index.php/admin/Order/statistics
INFO: [ app_init ] --START--
INFO: Run Behavior\BuildLiteBehavior [ RunTime:0.000000s ]
INFO: [ app_init ] --END-- [ RunTime:0.001000s ]
INFO: [ app_begin ] --START--
INFO: Run Behavior\ReadHtmlCacheBehavior [ RunTime:0.000000s ]
INFO: [ app_begin ] --END-- [ RunTime:0.000000s ]
SQL: SHOW COLUMNS FROM `tgyx_order` [ RunTime:0.0070s ]
SQL: SELECT FROM_UNIXTIME(create_time,'%Y-%m-%d') labels,COUNT(id) total,SUM(total_fee)/100 total_fee,SUM(refund_fee)/100 total_refund FROM tgyx_order where is_pay=1 AND 1=1 AND mid=15 AND FROM_UNIXTIME(create_time,'%Y%m')>=FROM_UNIXTIME(1456761600,'%Y%m') AND FROM_UNIXTIME(create_time,'%Y%m')<=FROM_UNIXTIME(1459440000,'%Y%m') GROUP BY labels [ RunTime:0.0030s ]

[ 2016-04-14T14:15:39+08:00 ] 10.10.24.237 /index.php/admin/Order/statistics
INFO: [ app_init ] --START--
INFO: Run Behavior\BuildLiteBehavior [ RunTime:0.000000s ]
INFO: [ app_init ] --END-- [ RunTime:0.000000s ]
INFO: [ app_begin ] --START--
INFO: Run Behavior\ReadHtmlCacheBehavior [ RunTime:0.001000s ]
INFO: [ app_begin ] --END-- [ RunTime:0.001000s ]
SQL: SHOW COLUMNS FROM `tgyx_order` [ RunTime:0.0070s ]
SQL: SELECT FROM_UNIXTIME(create_time,'%Y-%m') labels,COUNT(id) total,SUM(total_fee)/100 total_fee,SUM(refund_fee)/100 total_refund FROM tgyx_order where is_pay=1 AND 1=1 AND mid=15 AND FROM_UNIXTIME(create_time,'%Y')>=FROM_UNIXTIME(1460636160,'%Y') AND FROM_UNIXTIME(create_time,'%Y')<=FROM_UNIXTIME(1460636160,'%Y') GROUP BY labels [ RunTime:0.0040s ]

[ 2016-04-14T14:16:34+08:00 ] 10.10.24.237 /index.php/admin/Order/proxyorders
INFO: [ app_init ] --START--
INFO: Run Behavior\BuildLiteBehavior [ RunTime:0.000000s ]
INFO: [ app_init ] --END-- [ RunTime:0.000000s ]
INFO: [ app_begin ] --START--
INFO: Run Behavior\ReadHtmlCacheBehavior [ RunTime:0.000000s ]
INFO: [ app_begin ] --END-- [ RunTime:0.000000s ]
SQL: SHOW COLUMNS FROM `tgyx_merchant` [ RunTime:0.0050s ]
SQL: SELECT `id`,`merchantname` FROM `tgyx_merchant` WHERE ( pid='5' )  [ RunTime:0.0010s ]
INFO: [ view_parse ] --START--
INFO: [ template_filter ] --START--
INFO: Run Behavior\ContentReplaceBehavior [ RunTime:0.000000s ]
INFO: [ template_filter ] --END-- [ RunTime:0.000000s ]
NOTIC: [8] Undefined index: pretend E:\PhpstormProjects\pay\pay\Runtime\Cache\Admin\24de6084d385774593bf25b1c094fa92.php 第 55 行.
INFO: Run Behavior\ParseTemplateBehavior [ RunTime:0.015001s ]
INFO: [ view_parse ] --END-- [ RunTime:0.015001s ]
INFO: [ view_filter ] --START--
INFO: Run Behavior\WriteHtmlCacheBehavior [ RunTime:0.001000s ]
INFO: [ view_filter ] --END-- [ RunTime:0.001000s ]
INFO: [ app_end ] --START--
INFO: Run Behavior\ShowPageTraceBehavior [ RunTime:0.001000s ]
INFO: [ app_end ] --END-- [ RunTime:0.002000s ]

[ 2016-04-14T14:16:35+08:00 ] 10.10.24.237 /index.php/admin/order/proxyorders
INFO: [ app_init ] --START--
INFO: Run Behavior\BuildLiteBehavior [ RunTime:0.000000s ]
INFO: [ app_init ] --END-- [ RunTime:0.000000s ]
INFO: [ app_begin ] --START--
INFO: Run Behavior\ReadHtmlCacheBehavior [ RunTime:0.001000s ]
INFO: [ app_begin ] --END-- [ RunTime:0.001000s ]
SQL: SHOW COLUMNS FROM `tgyx_order` [ RunTime:0.0030s ]
SQL: SELECT COUNT(*) AS tp_count FROM `tgyx_order` WHERE ( 1=1 AND is_pay=1 AND pmid=5 ) LIMIT 1   [ RunTime:0.0010s ]
NOTIC: [8] Undefined index: sort E:\PhpstormProjects\pay\pay\Admin\Controller\OrderController.class.php 第 89 行.
SQL: SELECT * FROM `tgyx_order` WHERE ( 1=1 AND is_pay=1 AND pmid=5 ) ORDER BY id desc LIMIT 0,20   [ RunTime:0.0010s ]

[ 2016-04-14T14:16:39+08:00 ] 10.10.24.237 /index.php/admin/Order/proxystatistics
INFO: [ app_init ] --START--
INFO: Run Behavior\BuildLiteBehavior [ RunTime:0.000000s ]
INFO: [ app_init ] --END-- [ RunTime:0.000000s ]
INFO: [ app_begin ] --START--
INFO: Run Behavior\ReadHtmlCacheBehavior [ RunTime:0.000000s ]
INFO: [ app_begin ] --END-- [ RunTime:0.000000s ]
SQL: SHOW COLUMNS FROM `tgyx_merchant` [ RunTime:0.0050s ]
SQL: SELECT `id`,`merchantname` FROM `tgyx_merchant` WHERE ( pid='5' )  [ RunTime:0.0020s ]
INFO: [ view_parse ] --START--
INFO: [ template_filter ] --START--
INFO: Run Behavior\ContentReplaceBehavior [ RunTime:0.000000s ]
INFO: [ template_filter ] --END-- [ RunTime:0.000000s ]
NOTIC: [8] Undefined index: pretend E:\PhpstormProjects\pay\pay\Runtime\Cache\Admin\e746e7ff4e2d37d9711b64ba3b986349.php 第 52 行.
NOTIC: [8] Undefined index: pretend E:\PhpstormProjects\pay\pay\Runtime\Cache\Admin\e746e7ff4e2d37d9711b64ba3b986349.php 第 91 行.
INFO: Run Behavior\ParseTemplateBehavior [ RunTime:0.015001s ]
INFO: [ view_parse ] --END-- [ RunTime:0.015001s ]
INFO: [ view_filter ] --START--
INFO: Run Behavior\WriteHtmlCacheBehavior [ RunTime:0.000000s ]
INFO: [ view_filter ] --END-- [ RunTime:0.000000s ]
INFO: [ app_end ] --START--
INFO: Run Behavior\ShowPageTraceBehavior [ RunTime:0.001000s ]
INFO: [ app_end ] --END-- [ RunTime:0.001000s ]

[ 2016-04-14T14:16:40+08:00 ] 10.10.24.237 /index.php/admin/Order/proxystatistics
INFO: [ app_init ] --START--
INFO: Run Behavior\BuildLiteBehavior [ RunTime:0.000000s ]
INFO: [ app_init ] --END-- [ RunTime:0.001000s ]
INFO: [ app_begin ] --START--
INFO: Run Behavior\ReadHtmlCacheBehavior [ RunTime:0.000000s ]
INFO: [ app_begin ] --END-- [ RunTime:0.000000s ]
SQL: SHOW COLUMNS FROM `tgyx_order` [ RunTime:0.0080s ]
SQL: SELECT FROM_UNIXTIME(create_time,'%Y-%m-%d %H') as labels,COUNT(id) as total,SUM(total_fee)/100 as total_fee,SUM(refund_fee)/100 as total_refund FROM tgyx_order where is_pay=1 AND 1=1 AND pmid=5 AND FROM_UNIXTIME(create_time,'%Y%m%d')>=FROM_UNIXTIME(1460476800,'%Y%m%d') AND FROM_UNIXTIME(create_time,'%Y%m%d')<=FROM_UNIXTIME(1460563200,'%Y%m%d') GROUP BY labels [ RunTime:0.0020s ]

[ 2016-04-14T14:16:41+08:00 ] 10.10.24.237 /index.php/admin/Order/proxystatistics
INFO: [ app_init ] --START--
INFO: Run Behavior\BuildLiteBehavior [ RunTime:0.000000s ]
INFO: [ app_init ] --END-- [ RunTime:0.001000s ]
INFO: [ app_begin ] --START--
INFO: Run Behavior\ReadHtmlCacheBehavior [ RunTime:0.000000s ]
INFO: [ app_begin ] --END-- [ RunTime:0.000000s ]
SQL: SHOW COLUMNS FROM `tgyx_order` [ RunTime:0.0050s ]
SQL: SELECT FROM_UNIXTIME(create_time,'%Y-%m-%d') as labels,COUNT(id) as total,SUM(total_fee)/100 as total_fee,SUM(refund_fee)/100 as total_refund FROM tgyx_order where is_pay=1 AND 1=1 AND pmid=5 AND FROM_UNIXTIME(create_time,'%Y%m')>=FROM_UNIXTIME(1456761600,'%Y%m') AND FROM_UNIXTIME(create_time,'%Y%m')<=FROM_UNIXTIME(1459440000,'%Y%m') GROUP BY labels [ RunTime:0.0010s ]

[ 2016-04-14T14:21:49+08:00 ] 10.10.24.237 /index.php/admin/Card/add
INFO: [ app_init ] --START--
INFO: Run Behavior\BuildLiteBehavior [ RunTime:0.000000s ]
INFO: [ app_init ] --END-- [ RunTime:0.001000s ]
INFO: [ app_begin ] --START--
INFO: Run Behavior\ReadHtmlCacheBehavior [ RunTime:0.001000s ]
INFO: [ app_begin ] --END-- [ RunTime:0.001000s ]
SQL: SHOW COLUMNS FROM `tgyx_wxcoupon_common` [ RunTime:0.0070s ]
SQL: SELECT * FROM `tgyx_wxcoupon_common` WHERE ( mid = 15 ) LIMIT 1   [ RunTime:0.0020s ]
SQL: SHOW COLUMNS FROM `tgyx_merchant` [ RunTime:0.0080s ]
SQL: SHOW COLUMNS FROM `tgyx_payconfig` [ RunTime:0.0100s ]
SQL: SELECT `id`,`pid` FROM `tgyx_merchant` WHERE ( id = '15' ) LIMIT 1   [ RunTime:0.0020s ]
SQL: SELECT `config` FROM `tgyx_payconfig` WHERE ( mid = '15' ) LIMIT 1   [ RunTime:0.0000s ]
SQL: SELECT `id`,`pid` FROM `tgyx_merchant` WHERE ( id = '5' ) LIMIT 1   [ RunTime:0.0010s ]
SQL: SELECT `config` FROM `tgyx_payconfig` WHERE ( mid = '5' ) LIMIT 1   [ RunTime:0.0010s ]
NOTIC: [8] Undefined index: wxshoplist E:\PhpstormProjects\pay\pay\Admin\Controller\CardController.class.php 第 59 行.
NOTIC: [8] curl_setopt(): CURLOPT_SSL_VERIFYHOST no longer accepts the value 1, value 2 will be used instead E:\PhpstormProjects\pay\pay\Util\CommonUtil.class.php 第 136 行.
INFO: [ view_parse ] --START--
INFO: [ template_filter ] --START--
INFO: Run Behavior\ContentReplaceBehavior [ RunTime:0.001000s ]
INFO: [ template_filter ] --END-- [ RunTime:0.001000s ]
INFO: Run Behavior\ParseTemplateBehavior [ RunTime:0.056003s ]
INFO: [ view_parse ] --END-- [ RunTime:0.056003s ]
INFO: [ view_filter ] --START--
INFO: Run Behavior\WriteHtmlCacheBehavior [ RunTime:0.001000s ]
INFO: [ view_filter ] --END-- [ RunTime:0.001000s ]
INFO: [ app_end ] --START--
INFO: Run Behavior\ShowPageTraceBehavior [ RunTime:0.001000s ]
INFO: [ app_end ] --END-- [ RunTime:0.001000s ]

