[ 2016-03-31T08:36:05+08:00 ] ::1 /
INFO: [ app_init ] --START--
INFO: Run Behavior\BuildLiteBehavior [ RunTime:0.000000s ]
INFO: [ app_init ] --END-- [ RunTime:0.062400s ]

[ 2016-03-31T08:36:07+08:00 ] ::1 /Index.php/Home/Index/login
INFO: [ app_init ] --START--
INFO: Run Behavior\BuildLiteBehavior [ RunTime:0.000000s ]
INFO: [ app_init ] --END-- [ RunTime:0.000000s ]

[ 2016-03-31T08:36:08+08:00 ] ::1 /Index.php/home/index/verify
INFO: [ app_init ] --START--
INFO: Run Behavior\BuildLiteBehavior [ RunTime:0.000000s ]
INFO: [ app_init ] --END-- [ RunTime:0.000000s ]

[ 2016-03-31T08:36:13+08:00 ] ::1 /Index.php/home/index/verify?t=Thu%20Mar%2031%202016%2008:36:13%20GMT+0800
INFO: [ app_init ] --START--
INFO: Run Behavior\BuildLiteBehavior [ RunTime:0.000000s ]
INFO: [ app_init ] --END-- [ RunTime:0.000000s ]

[ 2016-03-31T08:36:19+08:00 ] ::1 /Index.php/home/index/login
INFO: [ app_init ] --START--
INFO: Run Behavior\BuildLiteBehavior [ RunTime:0.000000s ]
INFO: [ app_init ] --END-- [ RunTime:0.000000s ]

[ 2016-03-31T08:56:11+08:00 ] 10.10.24.237 /
INFO: [ app_init ] --START--
INFO: Run Behavior\BuildLiteBehavior [ RunTime:0.000000s ]
INFO: [ app_init ] --END-- [ RunTime:0.001000s ]

[ 2016-03-31T08:56:14+08:00 ] 10.10.24.237 /Index.php/Home/Index/login
INFO: [ app_init ] --START--
INFO: Run Behavior\BuildLiteBehavior [ RunTime:0.000000s ]
INFO: [ app_init ] --END-- [ RunTime:0.000000s ]

[ 2016-03-31T08:56:14+08:00 ] 10.10.24.237 /Index.php/home/index/verify
INFO: [ app_init ] --START--
INFO: Run Behavior\BuildLiteBehavior [ RunTime:0.000000s ]
INFO: [ app_init ] --END-- [ RunTime:0.000000s ]

[ 2016-03-31T08:57:58+08:00 ] 10.10.24.237 /
INFO: [ app_init ] --START--
INFO: Run Behavior\BuildLiteBehavior [ RunTime:0.000000s ]
INFO: [ app_init ] --END-- [ RunTime:0.002000s ]

[ 2016-03-31T08:57:58+08:00 ] 10.10.24.237 /
INFO: [ app_init ] --START--
INFO: Run Behavior\BuildLiteBehavior [ RunTime:0.000000s ]
INFO: [ app_init ] --END-- [ RunTime:0.001000s ]

[ 2016-03-31T08:57:59+08:00 ] 10.10.24.237 /index.php/Home/Pay/wechatPay?mid=5&store_id=11
INFO: [ app_init ] --START--
INFO: Run Behavior\BuildLiteBehavior [ RunTime:0.000000s ]
INFO: [ app_init ] --END-- [ RunTime:0.001000s ]

[ 2016-03-31T08:58:01+08:00 ] 10.10.24.237 /index.php/Home/Pay/wechatPay?mid=5&store_id=11&code=0115cf4c28f8d4ee37c60a007c9798fX&state=wxpay
INFO: [ app_init ] --START--
INFO: Run Behavior\BuildLiteBehavior [ RunTime:0.000000s ]
INFO: [ app_init ] --END-- [ RunTime:0.001000s ]

[ 2016-03-31T09:16:55+08:00 ] 10.10.24.237 /
INFO: [ app_init ] --START--
INFO: Run Behavior\BuildLiteBehavior [ RunTime:0.000000s ]
INFO: [ app_init ] --END-- [ RunTime:0.001000s ]

[ 2016-03-31T09:16:55+08:00 ] 10.10.24.237 /
INFO: [ app_init ] --START--
INFO: Run Behavior\BuildLiteBehavior [ RunTime:0.000000s ]
INFO: [ app_init ] --END-- [ RunTime:0.001000s ]

[ 2016-03-31T09:16:56+08:00 ] 10.10.24.237 /index.php/Home/Pay/wechatPay?mid=5&store_id=2
INFO: [ app_init ] --START--
INFO: Run Behavior\BuildLiteBehavior [ RunTime:0.000000s ]
INFO: [ app_init ] --END-- [ RunTime:0.001000s ]

[ 2016-03-31T09:17:03+08:00 ] 10.10.24.237 /index.php/Home/Pay/wechatPay?mid=5&store_id=11
INFO: [ app_init ] --START--
INFO: Run Behavior\BuildLiteBehavior [ RunTime:0.000000s ]
INFO: [ app_init ] --END-- [ RunTime:0.001000s ]

[ 2016-03-31T09:17:06+08:00 ] 10.10.24.237 /index.php/Home/Pay/wechatPay?mid=5&store_id=2
INFO: [ app_init ] --START--
INFO: Run Behavior\BuildLiteBehavior [ RunTime:0.000000s ]
INFO: [ app_init ] --END-- [ RunTime:0.001000s ]

[ 2016-03-31T09:17:20+08:00 ] 10.10.24.237 /index.php/Home/Pay/wechatPay?mid=5&amp;store_id=11
INFO: [ app_init ] --START--
INFO: Run Behavior\BuildLiteBehavior [ RunTime:0.000000s ]
INFO: [ app_init ] --END-- [ RunTime:0.001000s ]
INFO: [ app_begin ] --START--
INFO: Run Behavior\ReadHtmlCacheBehavior [ RunTime:0.001000s ]
INFO: [ app_begin ] --END-- [ RunTime:0.001000s ]
SQL: SHOW COLUMNS FROM `tgyx_lijian` [ RunTime:0.0060s ]
SQL: SELECT * FROM `tgyx_lijian` WHERE ( mid = '5' AND status = 1 ) LIMIT 1   [ RunTime:0.0020s ]
NOTIC: [8] Undefined offset: -1 E:\PhpstormProjects\pay\pay\Home\Controller\PayController.class.php 第 108 行.
NOTIC: [8] Undefined offset: -1 E:\PhpstormProjects\pay\pay\Home\Controller\PayController.class.php 第 109 行.
SQL: SHOW COLUMNS FROM `tgyx_fans` [ RunTime:0.0070s ]
SQL: SELECT * FROM `tgyx_fans` WHERE ( openid = 'ocMacs3nNC6aMryczG_eHO-v3Tz8' and mid = '5' ) LIMIT 1   [ RunTime:0.0030s ]
NOTIC: [8] Undefined index: goods_name E:\PhpstormProjects\pay\pay\Home\Controller\PayController.class.php 第 138 行.
SQL: SHOW COLUMNS FROM `tgyx_order` [ RunTime:0.0040s ]
SQL: INSERT INTO `tgyx_order` (`lijian_fee`,`order_no`,`mid`,`pmid`,`pay_way`,`pay_type`,`store_id`,`goods_name`,`total_fee`,`create_time`,`fans_id`,`fans_name`,`openid`,`is_subscribe`) VALUES (NULL,'201603310917205354990680','5','0','weixin','JSAPI','11','自定义扫码支付','1','1459387040','1','滔','ocMacs3nNC6aMryczG_eHO-v3Tz8','Y') [ RunTime:0.0450s ]
SQL: SHOW COLUMNS FROM `tgyx_merchant` [ RunTime:0.0070s ]
SQL: SHOW COLUMNS FROM `tgyx_payconfig` [ RunTime:0.0060s ]
SQL: SELECT `id`,`pid` FROM `tgyx_merchant` WHERE ( id = '5' ) LIMIT 1   [ RunTime:0.0010s ]
SQL: SELECT `config` FROM `tgyx_payconfig` WHERE ( mid = '5' ) LIMIT 1   [ RunTime:0.0010s ]
NOTIC: [8] Use of undefined constant mid - assumed 'mid' E:\PhpstormProjects\pay\pay\Home\Controller\PayController.class.php 第 148 行.
NOTIC: [8192] Function eregi() is deprecated E:\PhpstormProjects\pay\pay\Util\WeChatUtil.class.php 第 109 行.
NOTIC: [8] curl_setopt(): CURLOPT_SSL_VERIFYHOST no longer accepts the value 1, value 2 will be used instead E:\PhpstormProjects\pay\pay\Util\CommonUtil.class.php 第 136 行.

[ 2016-03-31T09:17:28+08:00 ] 10.10.24.237 /index.php/Home/Pay/paySuccess
INFO: [ app_init ] --START--
INFO: Run Behavior\BuildLiteBehavior [ RunTime:0.000000s ]
INFO: [ app_init ] --END-- [ RunTime:0.001001s ]

[ 2016-03-31T09:17:29+08:00 ] 10.10.24.237 /index.php/home/pay/paySuccess
INFO: [ app_init ] --START--
INFO: Run Behavior\BuildLiteBehavior [ RunTime:0.000000s ]
INFO: [ app_init ] --END-- [ RunTime:0.001000s ]

[ 2016-03-31T09:17:46+08:00 ] 10.10.24.237 /index.php/Home/Pay/paySuccess
INFO: [ app_init ] --START--
INFO: Run Behavior\BuildLiteBehavior [ RunTime:0.000000s ]
INFO: [ app_init ] --END-- [ RunTime:0.001000s ]

[ 2016-03-31T09:18:05+08:00 ] 10.10.24.237 /index.php/Home/Pay/paySuccess
INFO: [ app_init ] --START--
INFO: Run Behavior\BuildLiteBehavior [ RunTime:0.000000s ]
INFO: [ app_init ] --END-- [ RunTime:0.001000s ]

[ 2016-03-31T09:18:39+08:00 ] 10.10.24.237 /index.php/Home/Pay/paySuccess
INFO: [ app_init ] --START--
INFO: Run Behavior\BuildLiteBehavior [ RunTime:0.000000s ]
INFO: [ app_init ] --END-- [ RunTime:0.001000s ]

[ 2016-03-31T09:23:10+08:00 ] ::1 /
INFO: [ app_init ] --START--
INFO: Run Behavior\BuildLiteBehavior [ RunTime:0.000000s ]
INFO: [ app_init ] --END-- [ RunTime:0.000000s ]

[ 2016-03-31T09:23:12+08:00 ] ::1 /Index.php/Home/Index/login
INFO: [ app_init ] --START--
INFO: Run Behavior\BuildLiteBehavior [ RunTime:0.000000s ]
INFO: [ app_init ] --END-- [ RunTime:0.001000s ]

[ 2016-03-31T09:23:12+08:00 ] ::1 /Index.php/home/index/verify
INFO: [ app_init ] --START--
INFO: Run Behavior\BuildLiteBehavior [ RunTime:0.000000s ]
INFO: [ app_init ] --END-- [ RunTime:0.000000s ]

[ 2016-03-31T09:23:25+08:00 ] ::1 /Index.php/home/index/login
INFO: [ app_init ] --START--
INFO: Run Behavior\BuildLiteBehavior [ RunTime:0.000000s ]
INFO: [ app_init ] --END-- [ RunTime:0.000000s ]

[ 2016-03-31T09:25:59+08:00 ] ::1 /
INFO: [ app_init ] --START--
INFO: Run Behavior\BuildLiteBehavior [ RunTime:0.000000s ]
INFO: [ app_init ] --END-- [ RunTime:0.001000s ]

[ 2016-03-31T10:04:12+08:00 ] 127.0.0.1 /index.php/Home/Index/logout
INFO: [ app_init ] --START--
INFO: Run Behavior\BuildLiteBehavior [ RunTime:0.000000s ]
INFO: [ app_init ] --END-- [ RunTime:0.000000s ]

[ 2016-03-31T10:04:12+08:00 ] 127.0.0.1 /index.php/home/index/login.html
INFO: [ app_init ] --START--
INFO: Run Behavior\BuildLiteBehavior [ RunTime:0.000000s ]
INFO: [ app_init ] --END-- [ RunTime:0.000000s ]

[ 2016-03-31T10:04:12+08:00 ] 127.0.0.1 /index.php/home/index/verify
INFO: [ app_init ] --START--
INFO: Run Behavior\BuildLiteBehavior [ RunTime:0.000000s ]
INFO: [ app_init ] --END-- [ RunTime:0.001000s ]

[ 2016-03-31T10:04:20+08:00 ] 127.0.0.1 /index.php/home/index/verify?t=Thu%20Mar%2031%202016%2010:04:20%20GMT+0800
INFO: [ app_init ] --START--
INFO: Run Behavior\BuildLiteBehavior [ RunTime:0.000000s ]
INFO: [ app_init ] --END-- [ RunTime:0.000000s ]

[ 2016-03-31T10:04:25+08:00 ] 127.0.0.1 /index.php/home/index/login
INFO: [ app_init ] --START--
INFO: Run Behavior\BuildLiteBehavior [ RunTime:0.000000s ]
INFO: [ app_init ] --END-- [ RunTime:0.001000s ]

[ 2016-03-31T10:12:50+08:00 ] ::1 /index.php/Home/Index/logout
INFO: [ app_init ] --START--
INFO: Run Behavior\BuildLiteBehavior [ RunTime:0.000000s ]
INFO: [ app_init ] --END-- [ RunTime:0.001000s ]

[ 2016-03-31T10:12:50+08:00 ] ::1 /index.php/home/index/login.html
INFO: [ app_init ] --START--
INFO: Run Behavior\BuildLiteBehavior [ RunTime:0.000000s ]
INFO: [ app_init ] --END-- [ RunTime:0.000000s ]

[ 2016-03-31T10:12:50+08:00 ] ::1 /index.php/home/index/verify
INFO: [ app_init ] --START--
INFO: Run Behavior\BuildLiteBehavior [ RunTime:0.000000s ]
INFO: [ app_init ] --END-- [ RunTime:0.001000s ]

[ 2016-03-31T10:13:00+08:00 ] ::1 /index.php/home/index/login
INFO: [ app_init ] --START--
INFO: Run Behavior\BuildLiteBehavior [ RunTime:0.000000s ]
INFO: [ app_init ] --END-- [ RunTime:0.000000s ]

[ 2016-03-31T10:16:31+08:00 ] 127.0.0.1 /index.php/Home/Index/logout
INFO: [ app_init ] --START--
INFO: Run Behavior\BuildLiteBehavior [ RunTime:0.000000s ]
INFO: [ app_init ] --END-- [ RunTime:0.001000s ]

[ 2016-03-31T10:16:31+08:00 ] 127.0.0.1 /index.php/home/index/login.html
INFO: [ app_init ] --START--
INFO: Run Behavior\BuildLiteBehavior [ RunTime:0.000000s ]
INFO: [ app_init ] --END-- [ RunTime:0.000000s ]

[ 2016-03-31T10:16:31+08:00 ] 127.0.0.1 /index.php/home/index/verify
INFO: [ app_init ] --START--
INFO: Run Behavior\BuildLiteBehavior [ RunTime:0.000000s ]
INFO: [ app_init ] --END-- [ RunTime:0.000000s ]

[ 2016-03-31T10:21:55+08:00 ] 10.10.24.237 /index.php/Home/Pay/paySuccess
INFO: [ app_init ] --START--
INFO: Run Behavior\BuildLiteBehavior [ RunTime:0.000000s ]
INFO: [ app_init ] --END-- [ RunTime:0.001000s ]

[ 2016-03-31T10:42:43+08:00 ] 127.0.0.1 /index.php/home/index/login
INFO: [ app_init ] --START--
INFO: Run Behavior\BuildLiteBehavior [ RunTime:0.000000s ]
INFO: [ app_init ] --END-- [ RunTime:0.000000s ]

[ 2016-03-31T10:55:06+08:00 ] ::1 /index.php/Home/Index/logout
INFO: [ app_init ] --START--
INFO: Run Behavior\BuildLiteBehavior [ RunTime:0.000000s ]
INFO: [ app_init ] --END-- [ RunTime:0.001000s ]

[ 2016-03-31T10:55:06+08:00 ] ::1 /index.php/home/index/login.html
INFO: [ app_init ] --START--
INFO: Run Behavior\BuildLiteBehavior [ RunTime:0.000000s ]
INFO: [ app_init ] --END-- [ RunTime:0.000000s ]

[ 2016-03-31T10:55:06+08:00 ] ::1 /index.php/home/index/verify
INFO: [ app_init ] --START--
INFO: Run Behavior\BuildLiteBehavior [ RunTime:0.000000s ]
INFO: [ app_init ] --END-- [ RunTime:0.000000s ]

[ 2016-03-31T10:55:16+08:00 ] ::1 /index.php/home/index/login
INFO: [ app_init ] --START--
INFO: Run Behavior\BuildLiteBehavior [ RunTime:0.000000s ]
INFO: [ app_init ] --END-- [ RunTime:0.001001s ]

[ 2016-03-31T11:22:06+08:00 ] 10.10.24.237 /index.php/Home/Pay/paySuccess
INFO: [ app_init ] --START--
INFO: Run Behavior\BuildLiteBehavior [ RunTime:0.000000s ]
INFO: [ app_init ] --END-- [ RunTime:0.001000s ]

[ 2016-03-31T14:23:06+08:00 ] ::1 /index.php/Home/View/Pay/paySuccess.html
INFO: [ app_init ] --START--
INFO: Run Behavior\BuildLiteBehavior [ RunTime:0.000000s ]
INFO: [ app_init ] --END-- [ RunTime:0.000000s ]
ERR: 无法加载控制器:View

[ 2016-03-31T14:23:17+08:00 ] ::1 /index.php/Home/Pay/paySuccess.html
INFO: [ app_init ] --START--
INFO: Run Behavior\BuildLiteBehavior [ RunTime:0.000000s ]
INFO: [ app_init ] --END-- [ RunTime:0.000000s ]

[ 2016-03-31T14:23:26+08:00 ] ::1 /index.php/Home/Pay/paySuccess
INFO: [ app_init ] --START--
INFO: Run Behavior\BuildLiteBehavior [ RunTime:0.000000s ]
INFO: [ app_init ] --END-- [ RunTime:0.001000s ]

[ 2016-03-31T14:24:26+08:00 ] ::1 /index.php/Home/Pay/paySuccess
INFO: [ app_init ] --START--
INFO: Run Behavior\BuildLiteBehavior [ RunTime:0.000000s ]
INFO: [ app_init ] --END-- [ RunTime:0.001000s ]

[ 2016-03-31T14:25:23+08:00 ] ::1 /index.php/Home/Pay/paySuccess
INFO: [ app_init ] --START--
INFO: Run Behavior\BuildLiteBehavior [ RunTime:0.000000s ]
INFO: [ app_init ] --END-- [ RunTime:0.000000s ]

[ 2016-03-31T14:25:40+08:00 ] ::1 /index.php/Home/Pay/paySuccess
INFO: [ app_init ] --START--
INFO: Run Behavior\BuildLiteBehavior [ RunTime:0.000000s ]
INFO: [ app_init ] --END-- [ RunTime:0.001000s ]

[ 2016-03-31T14:28:20+08:00 ] ::1 /index.php/Home/staff/login
INFO: [ app_init ] --START--
INFO: Run Behavior\BuildLiteBehavior [ RunTime:0.000000s ]
INFO: [ app_init ] --END-- [ RunTime:0.001000s ]

[ 2016-03-31T14:30:05+08:00 ] ::1 /index.php/Home/staff/login
INFO: [ app_init ] --START--
INFO: Run Behavior\BuildLiteBehavior [ RunTime:0.000000s ]
INFO: [ app_init ] --END-- [ RunTime:0.000000s ]

[ 2016-03-31T14:31:04+08:00 ] ::1 /index.php/Home/staff/login
INFO: [ app_init ] --START--
INFO: Run Behavior\BuildLiteBehavior [ RunTime:0.000000s ]
INFO: [ app_init ] --END-- [ RunTime:0.000000s ]

[ 2016-03-31T14:31:19+08:00 ] ::1 /index.php/Home/staff/login
INFO: [ app_init ] --START--
INFO: Run Behavior\BuildLiteBehavior [ RunTime:0.000000s ]
INFO: [ app_init ] --END-- [ RunTime:0.001000s ]

[ 2016-03-31T14:31:25+08:00 ] ::1 /index.php/Home/staff/login
INFO: [ app_init ] --START--
INFO: Run Behavior\BuildLiteBehavior [ RunTime:0.000000s ]
INFO: [ app_init ] --END-- [ RunTime:0.000000s ]

[ 2016-03-31T14:31:43+08:00 ] ::1 /index.php/Home/staff/login
INFO: [ app_init ] --START--
INFO: Run Behavior\BuildLiteBehavior [ RunTime:0.000000s ]
INFO: [ app_init ] --END-- [ RunTime:0.000000s ]

[ 2016-03-31T14:32:13+08:00 ] ::1 /index.php/Home/staff/login
INFO: [ app_init ] --START--
INFO: Run Behavior\BuildLiteBehavior [ RunTime:0.000000s ]
INFO: [ app_init ] --END-- [ RunTime:0.000000s ]

[ 2016-03-31T14:32:56+08:00 ] ::1 /index.php/Home/staff/login
INFO: [ app_init ] --START--
INFO: Run Behavior\BuildLiteBehavior [ RunTime:0.000000s ]
INFO: [ app_init ] --END-- [ RunTime:0.000000s ]

[ 2016-03-31T14:33:41+08:00 ] ::1 /index.php/Home/staff/login
INFO: [ app_init ] --START--
INFO: Run Behavior\BuildLiteBehavior [ RunTime:0.000000s ]
INFO: [ app_init ] --END-- [ RunTime:0.001000s ]

[ 2016-03-31T14:33:50+08:00 ] ::1 /index.php/home/staff/login
INFO: [ app_init ] --START--
INFO: Run Behavior\BuildLiteBehavior [ RunTime:0.000000s ]
INFO: [ app_init ] --END-- [ RunTime:0.000000s ]

[ 2016-03-31T14:33:53+08:00 ] ::1 /index.php/home/staff/login
INFO: [ app_init ] --START--
INFO: Run Behavior\BuildLiteBehavior [ RunTime:0.000000s ]
INFO: [ app_init ] --END-- [ RunTime:0.000000s ]

[ 2016-03-31T14:34:43+08:00 ] ::1 /index.php/home/staff/login
INFO: [ app_init ] --START--
INFO: Run Behavior\BuildLiteBehavior [ RunTime:0.001000s ]
INFO: [ app_init ] --END-- [ RunTime:0.001000s ]

[ 2016-03-31T14:35:20+08:00 ] ::1 /index.php/home/staff/login
INFO: [ app_init ] --START--
INFO: Run Behavior\BuildLiteBehavior [ RunTime:0.000000s ]
INFO: [ app_init ] --END-- [ RunTime:0.000000s ]

[ 2016-03-31T14:35:40+08:00 ] ::1 /index.php/home/staff/login
INFO: [ app_init ] --START--
INFO: Run Behavior\BuildLiteBehavior [ RunTime:0.000000s ]
INFO: [ app_init ] --END-- [ RunTime:0.000000s ]

[ 2016-03-31T14:35:56+08:00 ] ::1 /index.php/home/staff/login
INFO: [ app_init ] --START--
INFO: Run Behavior\BuildLiteBehavior [ RunTime:0.000000s ]
INFO: [ app_init ] --END-- [ RunTime:0.000000s ]

[ 2016-03-31T14:37:38+08:00 ] ::1 /index.php/home/staff/login
INFO: [ app_init ] --START--
INFO: Run Behavior\BuildLiteBehavior [ RunTime:0.000000s ]
INFO: [ app_init ] --END-- [ RunTime:0.001000s ]

[ 2016-03-31T14:38:41+08:00 ] ::1 /index.php/home/staff/boundwx
INFO: [ app_init ] --START--
INFO: Run Behavior\BuildLiteBehavior [ RunTime:0.000000s ]
INFO: [ app_init ] --END-- [ RunTime:0.000000s ]

[ 2016-03-31T14:38:52+08:00 ] ::1 /index.php/home/staff/login
INFO: [ app_init ] --START--
INFO: Run Behavior\BuildLiteBehavior [ RunTime:0.000000s ]
INFO: [ app_init ] --END-- [ RunTime:0.000000s ]

[ 2016-03-31T14:41:44+08:00 ] ::1 /index.php/home/staff/login
INFO: [ app_init ] --START--
INFO: Run Behavior\BuildLiteBehavior [ RunTime:0.000000s ]
INFO: [ app_init ] --END-- [ RunTime:0.000000s ]

[ 2016-03-31T14:41:52+08:00 ] ::1 /index.php/home/staff/login
INFO: [ app_init ] --START--
INFO: Run Behavior\BuildLiteBehavior [ RunTime:0.000000s ]
INFO: [ app_init ] --END-- [ RunTime:0.001000s ]

[ 2016-03-31T14:42:03+08:00 ] ::1 /index.php/home/staff/boundwx?mid=5&store_id=11
INFO: [ app_init ] --START--
INFO: Run Behavior\BuildLiteBehavior [ RunTime:0.000000s ]
INFO: [ app_init ] --END-- [ RunTime:0.000000s ]

[ 2016-03-31T14:43:18+08:00 ] ::1 /index.php/home/staff/login
INFO: [ app_init ] --START--
INFO: Run Behavior\BuildLiteBehavior [ RunTime:0.000000s ]
INFO: [ app_init ] --END-- [ RunTime:0.000000s ]

[ 2016-03-31T14:43:27+08:00 ] ::1 /index.php/home/staff/login
INFO: [ app_init ] --START--
INFO: Run Behavior\BuildLiteBehavior [ RunTime:0.000000s ]
INFO: [ app_init ] --END-- [ RunTime:0.000000s ]

[ 2016-03-31T14:43:35+08:00 ] ::1 /index.php/home/staff/boundwx?mid=5&store_id=11
INFO: [ app_init ] --START--
INFO: Run Behavior\BuildLiteBehavior [ RunTime:0.000000s ]
INFO: [ app_init ] --END-- [ RunTime:0.000000s ]

[ 2016-03-31T14:47:27+08:00 ] 10.10.24.237 /index.php/home/staff/sign
INFO: [ app_init ] --START--
INFO: Run Behavior\BuildLiteBehavior [ RunTime:0.000000s ]
INFO: [ app_init ] --END-- [ RunTime:0.000000s ]

[ 2016-03-31T14:47:28+08:00 ] 10.10.24.237 /index.php/home/staff/login.html
INFO: [ app_init ] --START--
INFO: Run Behavior\BuildLiteBehavior [ RunTime:0.000000s ]
INFO: [ app_init ] --END-- [ RunTime:0.001000s ]

[ 2016-03-31T14:47:53+08:00 ] 10.10.24.237 /index.php/home/staff/login
INFO: [ app_init ] --START--
INFO: Run Behavior\BuildLiteBehavior [ RunTime:0.000000s ]
INFO: [ app_init ] --END-- [ RunTime:0.001000s ]

[ 2016-03-31T14:48:00+08:00 ] 10.10.24.237 /index.php/home/staff/boundwx?mid=5&store_id=11
INFO: [ app_init ] --START--
INFO: Run Behavior\BuildLiteBehavior [ RunTime:0.000000s ]
INFO: [ app_init ] --END-- [ RunTime:0.000000s ]

[ 2016-03-31T14:48:02+08:00 ] 10.10.24.237 /index.php/home/staff/boundwx?mid=5&store_id=11&code=03149a6e93e3f21966a49283e494ba64&state=wxpay
INFO: [ app_init ] --START--
INFO: Run Behavior\BuildLiteBehavior [ RunTime:0.000000s ]
INFO: [ app_init ] --END-- [ RunTime:0.000000s ]

[ 2016-03-31T14:48:05+08:00 ] 10.10.24.237 /index.php/home/staff/sign
INFO: [ app_init ] --START--
INFO: Run Behavior\BuildLiteBehavior [ RunTime:0.000000s ]
INFO: [ app_init ] --END-- [ RunTime:0.000000s ]

[ 2016-03-31T14:48:45+08:00 ] 10.10.24.237 /index.php/home/staff/sign
INFO: [ app_init ] --START--
INFO: Run Behavior\BuildLiteBehavior [ RunTime:0.000000s ]
INFO: [ app_init ] --END-- [ RunTime:0.001000s ]

[ 2016-03-31T15:55:46+08:00 ] ::1 /
INFO: [ app_init ] --START--
INFO: Run Behavior\BuildLiteBehavior [ RunTime:0.000000s ]
INFO: [ app_init ] --END-- [ RunTime:0.001000s ]

[ 2016-03-31T15:56:44+08:00 ] ::1 /
INFO: [ app_init ] --START--
INFO: Run Behavior\BuildLiteBehavior [ RunTime:0.000000s ]
INFO: [ app_init ] --END-- [ RunTime:0.001000s ]

[ 2016-03-31T15:57:01+08:00 ] ::1 /
INFO: [ app_init ] --START--
INFO: Run Behavior\BuildLiteBehavior [ RunTime:0.000000s ]
INFO: [ app_init ] --END-- [ RunTime:0.001000s ]

[ 2016-03-31T15:57:16+08:00 ] ::1 /
INFO: [ app_init ] --START--
INFO: Run Behavior\BuildLiteBehavior [ RunTime:0.000000s ]
INFO: [ app_init ] --END-- [ RunTime:0.000000s ]

[ 2016-03-31T15:57:17+08:00 ] ::1 /
INFO: [ app_init ] --START--
INFO: Run Behavior\BuildLiteBehavior [ RunTime:0.000000s ]
INFO: [ app_init ] --END-- [ RunTime:0.000000s ]

[ 2016-03-31T15:57:50+08:00 ] ::1 /
INFO: [ app_init ] --START--
INFO: Run Behavior\BuildLiteBehavior [ RunTime:0.000000s ]
INFO: [ app_init ] --END-- [ RunTime:0.001000s ]

[ 2016-03-31T15:58:01+08:00 ] ::1 /
INFO: [ app_init ] --START--
INFO: Run Behavior\BuildLiteBehavior [ RunTime:0.000000s ]
INFO: [ app_init ] --END-- [ RunTime:0.000000s ]

[ 2016-03-31T17:22:08+08:00 ] ::1 /index.php/Home/Staff/sign
INFO: [ app_init ] --START--
INFO: Run Behavior\BuildLiteBehavior [ RunTime:0.000000s ]
INFO: [ app_init ] --END-- [ RunTime:0.000000s ]

[ 2016-03-31T17:38:30+08:00 ] 127.0.0.1 /index.php/home/index/login.html
INFO: [ app_init ] --START--
INFO: Run Behavior\BuildLiteBehavior [ RunTime:0.000000s ]
INFO: [ app_init ] --END-- [ RunTime:0.001000s ]

[ 2016-03-31T17:38:30+08:00 ] 127.0.0.1 /index.php/home/index/verify
INFO: [ app_init ] --START--
INFO: Run Behavior\BuildLiteBehavior [ RunTime:0.000000s ]
INFO: [ app_init ] --END-- [ RunTime:0.000000s ]

[ 2016-03-31T17:39:15+08:00 ] 127.0.0.1 /index.php/home/index/login
INFO: [ app_init ] --START--
INFO: Run Behavior\BuildLiteBehavior [ RunTime:0.000000s ]
INFO: [ app_init ] --END-- [ RunTime:0.000000s ]

[ 2016-03-31T17:39:55+08:00 ] 127.0.0.1 /index.php/Home/Index/logout
INFO: [ app_init ] --START--
INFO: Run Behavior\BuildLiteBehavior [ RunTime:0.000000s ]
INFO: [ app_init ] --END-- [ RunTime:0.000000s ]

[ 2016-03-31T17:39:55+08:00 ] 127.0.0.1 /index.php/home/index/login.html
INFO: [ app_init ] --START--
INFO: Run Behavior\BuildLiteBehavior [ RunTime:0.000000s ]
INFO: [ app_init ] --END-- [ RunTime:0.000000s ]

[ 2016-03-31T17:39:55+08:00 ] 127.0.0.1 /index.php/home/index/verify
INFO: [ app_init ] --START--
INFO: Run Behavior\BuildLiteBehavior [ RunTime:0.000000s ]
INFO: [ app_init ] --END-- [ RunTime:0.000000s ]

[ 2016-03-31T17:40:09+08:00 ] 127.0.0.1 /index.php/home/index/login
INFO: [ app_init ] --START--
INFO: Run Behavior\BuildLiteBehavior [ RunTime:0.000000s ]
INFO: [ app_init ] --END-- [ RunTime:0.000000s ]

[ 2016-03-31T17:43:27+08:00 ] 127.0.0.1 /index.php/Home/Index/logout
INFO: [ app_init ] --START--
INFO: Run Behavior\BuildLiteBehavior [ RunTime:0.000000s ]
INFO: [ app_init ] --END-- [ RunTime:0.001000s ]

[ 2016-03-31T17:43:28+08:00 ] 127.0.0.1 /index.php/home/index/login.html
INFO: [ app_init ] --START--
INFO: Run Behavior\BuildLiteBehavior [ RunTime:0.000000s ]
INFO: [ app_init ] --END-- [ RunTime:0.001000s ]

[ 2016-03-31T17:43:28+08:00 ] 127.0.0.1 /index.php/home/index/verify
INFO: [ app_init ] --START--
INFO: Run Behavior\BuildLiteBehavior [ RunTime:0.000000s ]
INFO: [ app_init ] --END-- [ RunTime:0.001000s ]

[ 2016-03-31T17:43:49+08:00 ] 127.0.0.1 /index.php/home/index/login
INFO: [ app_init ] --START--
INFO: Run Behavior\BuildLiteBehavior [ RunTime:0.000000s ]
INFO: [ app_init ] --END-- [ RunTime:0.000000s ]

[ 2016-03-31T17:57:20+08:00 ] 127.0.0.1 /index.php/Home/Index/logout
INFO: [ app_init ] --START--
INFO: Run Behavior\BuildLiteBehavior [ RunTime:0.000000s ]
INFO: [ app_init ] --END-- [ RunTime:0.001000s ]

[ 2016-03-31T17:57:20+08:00 ] 127.0.0.1 /index.php/home/index/login.html
INFO: [ app_init ] --START--
INFO: Run Behavior\BuildLiteBehavior [ RunTime:0.000000s ]
INFO: [ app_init ] --END-- [ RunTime:0.001000s ]

[ 2016-03-31T17:57:20+08:00 ] 127.0.0.1 /index.php/home/index/verify
INFO: [ app_init ] --START--
INFO: Run Behavior\BuildLiteBehavior [ RunTime:0.000000s ]
INFO: [ app_init ] --END-- [ RunTime:0.000000s ]

[ 2016-03-31T18:05:24+08:00 ] 127.0.0.1 /index.php/home/order/storeStatistics
INFO: [ app_init ] --START--
INFO: Run Behavior\BuildLiteBehavior [ RunTime:0.000000s ]
INFO: [ app_init ] --END-- [ RunTime:0.001000s ]
ERR: 无法加载控制器:Order

[ 2016-03-31T18:05:35+08:00 ] 127.0.0.1 /index.php/home/staff/storeStatistics
INFO: [ app_init ] --START--
INFO: Run Behavior\BuildLiteBehavior [ RunTime:0.000000s ]
INFO: [ app_init ] --END-- [ RunTime:0.000000s ]

[ 2016-03-31T18:08:05+08:00 ] 127.0.0.1 /index.php/home/order/storeStatistics
INFO: [ app_init ] --START--
INFO: Run Behavior\BuildLiteBehavior [ RunTime:0.000000s ]
INFO: [ app_init ] --END-- [ RunTime:0.001000s ]
ERR: 无法加载控制器:Order

[ 2016-03-31T18:08:13+08:00 ] 127.0.0.1 /index.php/home/staff/storeStatistics
INFO: [ app_init ] --START--
INFO: Run Behavior\BuildLiteBehavior [ RunTime:0.000000s ]
INFO: [ app_init ] --END-- [ RunTime:0.001000s ]
ERR: 模板不存在:E:/PhpstormProjects/pay/pay/Home/View/Staff/storestatistics.html

[ 2016-03-31T18:08:58+08:00 ] 127.0.0.1 /index.php/home/staff/storeStatistics
INFO: [ app_init ] --START--
INFO: Run Behavior\BuildLiteBehavior [ RunTime:0.000000s ]
INFO: [ app_init ] --END-- [ RunTime:0.001000s ]

[ 2016-03-31T18:08:59+08:00 ] 127.0.0.1 /index.php/home/staff/storeStatistics
INFO: [ app_init ] --START--
INFO: Run Behavior\BuildLiteBehavior [ RunTime:0.000000s ]
INFO: [ app_init ] --END-- [ RunTime:0.000000s ]
INFO: [ app_begin ] --START--
INFO: Run Behavior\ReadHtmlCacheBehavior [ RunTime:0.000000s ]
INFO: [ app_begin ] --END-- [ RunTime:0.000000s ]
SQL: SHOW COLUMNS FROM `tgyx_order` [ RunTime:0.0030s ]
ERR: 1064:You have an error in your SQL syntax; check the manual that corresponds to your MySQL server version for the right syntax to use near ') LIMIT 1' at line 1
 [ SQL语句 ] : SELECT COUNT(*) AS tp_count FROM `tgyx_order` WHERE ( 1=1 AND is_pay=1 AND store_id= ) LIMIT 1  
ERR: 1064:You have an error in your SQL syntax; check the manual that corresponds to your MySQL server version for the right syntax to use near ') LIMIT 1' at line 1
 [ SQL语句 ] : SELECT COUNT(*) AS tp_count FROM `tgyx_order` WHERE ( 1=1 AND is_pay=1 AND store_id= ) LIMIT 1  

[ 2016-03-31T18:09:17+08:00 ] 127.0.0.1 /index.php/home/staff/storeStatistics
INFO: [ app_init ] --START--
INFO: Run Behavior\BuildLiteBehavior [ RunTime:0.000000s ]
INFO: [ app_init ] --END-- [ RunTime:0.001000s ]

[ 2016-03-31T18:09:17+08:00 ] 127.0.0.1 /index.php/home/staff/sign.html
INFO: [ app_init ] --START--
INFO: Run Behavior\BuildLiteBehavior [ RunTime:0.000000s ]
INFO: [ app_init ] --END-- [ RunTime:0.000000s ]

[ 2016-03-31T18:09:17+08:00 ] 127.0.0.1 /index.php/home/staff/login.html
INFO: [ app_init ] --START--
INFO: Run Behavior\BuildLiteBehavior [ RunTime:0.000000s ]
INFO: [ app_init ] --END-- [ RunTime:0.000000s ]

[ 2016-03-31T18:09:33+08:00 ] 127.0.0.1 /index.php/home/staff/login
INFO: [ app_init ] --START--
INFO: Run Behavior\BuildLiteBehavior [ RunTime:0.000000s ]
INFO: [ app_init ] --END-- [ RunTime:0.001000s ]

[ 2016-03-31T18:09:36+08:00 ] 127.0.0.1 /index.php/home/staff/boundwx?mid=5&store_id=11
INFO: [ app_init ] --START--
INFO: Run Behavior\BuildLiteBehavior [ RunTime:0.000000s ]
INFO: [ app_init ] --END-- [ RunTime:0.000000s ]

[ 2016-03-31T18:18:27+08:00 ] 10.10.24.237 /index.php/home/staff/sign
INFO: [ app_init ] --START--
INFO: Run Behavior\BuildLiteBehavior [ RunTime:0.000000s ]
INFO: [ app_init ] --END-- [ RunTime:0.001001s ]

[ 2016-03-31T18:19:02+08:00 ] 10.10.24.237 /index.php/home/staff/storeStatistics
INFO: [ app_init ] --START--
INFO: Run Behavior\BuildLiteBehavior [ RunTime:0.000000s ]
INFO: [ app_init ] --END-- [ RunTime:0.000000s ]

[ 2016-03-31T18:19:06+08:00 ] 10.10.24.237 /index.php/home/staff/storeStatistics
INFO: [ app_init ] --START--
INFO: Run Behavior\BuildLiteBehavior [ RunTime:0.000000s ]
INFO: [ app_init ] --END-- [ RunTime:0.001000s ]
INFO: [ app_begin ] --START--
INFO: Run Behavior\ReadHtmlCacheBehavior [ RunTime:0.001000s ]
INFO: [ app_begin ] --END-- [ RunTime:0.001000s ]
SQL: SHOW COLUMNS FROM `tgyx_order` [ RunTime:0.0080s ]
SQL: SELECT COUNT(*) AS tp_count FROM `tgyx_order` WHERE ( 1=1 AND is_pay=1 AND store_id=11 ) LIMIT 1   [ RunTime:0.0010s ]
SQL: SELECT * FROM `tgyx_order` WHERE ( 1=1 AND is_pay=1 AND store_id=11 ) ORDER BY id desc LIMIT 0,10   [ RunTime:0.0000s ]

[ 2016-03-31T18:21:21+08:00 ] 10.10.24.237 /index.php/home/staff/storeStatistics
INFO: [ app_init ] --START--
INFO: Run Behavior\BuildLiteBehavior [ RunTime:0.000000s ]
INFO: [ app_init ] --END-- [ RunTime:0.001000s ]

[ 2016-03-31T18:21:25+08:00 ] 10.10.24.237 /index.php/home/staff/storeStatistics
INFO: [ app_init ] --START--
INFO: Run Behavior\BuildLiteBehavior [ RunTime:0.000000s ]
INFO: [ app_init ] --END-- [ RunTime:0.001000s ]
INFO: [ app_begin ] --START--
INFO: Run Behavior\ReadHtmlCacheBehavior [ RunTime:0.001000s ]
INFO: [ app_begin ] --END-- [ RunTime:0.001000s ]
SQL: SHOW COLUMNS FROM `tgyx_order` [ RunTime:0.0080s ]
SQL: SELECT `order_no`,`total_fee`,`time_end` FROM `tgyx_order` WHERE ( 1=1 AND is_pay=1 AND store_id=11 ) ORDER BY id desc LIMIT 0,10   [ RunTime:0.0020s ]

[ 2016-03-31T18:25:00+08:00 ] 10.10.24.237 /index.php/home/staff/storeStatistics
INFO: [ app_init ] --START--
INFO: Run Behavior\BuildLiteBehavior [ RunTime:0.000000s ]
INFO: [ app_init ] --END-- [ RunTime:0.000000s ]

[ 2016-03-31T18:25:02+08:00 ] 10.10.24.237 /index.php/home/staff/storeStatistics
INFO: [ app_init ] --START--
INFO: Run Behavior\BuildLiteBehavior [ RunTime:0.000000s ]
INFO: [ app_init ] --END-- [ RunTime:0.000000s ]
INFO: [ app_begin ] --START--
INFO: Run Behavior\ReadHtmlCacheBehavior [ RunTime:0.001000s ]
INFO: [ app_begin ] --END-- [ RunTime:0.001000s ]
SQL: SHOW COLUMNS FROM `tgyx_order` [ RunTime:0.0080s ]
SQL: SELECT `id`,`order_no`,`total_fee`,`time_end` FROM `tgyx_order` WHERE ( 1=1 AND is_pay=1 AND store_id=11 ) ORDER BY id desc LIMIT 0,10   [ RunTime:0.0020s ]

[ 2016-03-31T18:25:15+08:00 ] 10.10.24.237 /index.php/home/staff/storeStatistics
INFO: [ app_init ] --START--
INFO: Run Behavior\BuildLiteBehavior [ RunTime:0.000000s ]
INFO: [ app_init ] --END-- [ RunTime:0.001000s ]

[ 2016-03-31T18:25:17+08:00 ] 10.10.24.237 /index.php/home/staff/storeStatistics
INFO: [ app_init ] --START--
INFO: Run Behavior\BuildLiteBehavior [ RunTime:0.000000s ]
INFO: [ app_init ] --END-- [ RunTime:0.001000s ]
INFO: [ app_begin ] --START--
INFO: Run Behavior\ReadHtmlCacheBehavior [ RunTime:0.001000s ]
INFO: [ app_begin ] --END-- [ RunTime:0.001000s ]
SQL: SHOW COLUMNS FROM `tgyx_order` [ RunTime:0.0070s ]
SQL: SELECT `id`,`order_no`,`total_fee`,`time_end` FROM `tgyx_order` WHERE ( 1=1 AND is_pay=1 AND store_id=11 ) ORDER BY id desc LIMIT 0,10   [ RunTime:0.0020s ]

[ 2016-03-31T18:26:54+08:00 ] 10.10.24.237 /index.php/home/staff/storeStatistics
INFO: [ app_init ] --START--
INFO: Run Behavior\BuildLiteBehavior [ RunTime:0.000000s ]
INFO: [ app_init ] --END-- [ RunTime:0.001000s ]

[ 2016-03-31T18:26:57+08:00 ] 10.10.24.237 /index.php/home/staff/storeStatistics
INFO: [ app_init ] --START--
INFO: Run Behavior\BuildLiteBehavior [ RunTime:0.000000s ]
INFO: [ app_init ] --END-- [ RunTime:0.000000s ]
INFO: [ app_begin ] --START--
INFO: Run Behavior\ReadHtmlCacheBehavior [ RunTime:0.000000s ]
INFO: [ app_begin ] --END-- [ RunTime:0.000000s ]
SQL: SHOW COLUMNS FROM `tgyx_order` [ RunTime:0.0080s ]
SQL: SELECT `id`,`order_no`,`total_fee`,`time_end` FROM `tgyx_order` WHERE ( 1=1 AND is_pay=1 AND store_id=11 ) ORDER BY id desc LIMIT 0,10   [ RunTime:0.0010s ]

[ 2016-03-31T18:27:49+08:00 ] 10.10.24.237 /index.php/home/staff/storeStatistics
INFO: [ app_init ] --START--
INFO: Run Behavior\BuildLiteBehavior [ RunTime:0.000000s ]
INFO: [ app_init ] --END-- [ RunTime:0.000000s ]

[ 2016-03-31T18:27:51+08:00 ] 10.10.24.237 /index.php/home/staff/storeStatistics
INFO: [ app_init ] --START--
INFO: Run Behavior\BuildLiteBehavior [ RunTime:0.000000s ]
INFO: [ app_init ] --END-- [ RunTime:0.000000s ]
INFO: [ app_begin ] --START--
INFO: Run Behavior\ReadHtmlCacheBehavior [ RunTime:0.001001s ]
INFO: [ app_begin ] --END-- [ RunTime:0.001001s ]
SQL: SHOW COLUMNS FROM `tgyx_order` [ RunTime:0.0080s ]
SQL: SELECT `id`,`order_no`,`total_fee`,`time_end` FROM `tgyx_order` WHERE ( 1=1 AND is_pay=1 AND store_id=11 ) ORDER BY id desc LIMIT 0,10   [ RunTime:0.0020s ]

[ 2016-03-31T18:29:24+08:00 ] 10.10.24.237 /index.php/home/staff/storeStatistics
INFO: [ app_init ] --START--
INFO: Run Behavior\BuildLiteBehavior [ RunTime:0.000000s ]
INFO: [ app_init ] --END-- [ RunTime:0.002000s ]

[ 2016-03-31T18:29:29+08:00 ] 10.10.24.237 /index.php/home/staff/storeStatistics
INFO: [ app_init ] --START--
INFO: Run Behavior\BuildLiteBehavior [ RunTime:0.000000s ]
INFO: [ app_init ] --END-- [ RunTime:0.001000s ]
INFO: [ app_begin ] --START--
INFO: Run Behavior\ReadHtmlCacheBehavior [ RunTime:0.000000s ]
INFO: [ app_begin ] --END-- [ RunTime:0.000000s ]
SQL: SHOW COLUMNS FROM `tgyx_order` [ RunTime:0.0060s ]
SQL: SELECT `id`,`order_no`,`total_fee`,`time_end` FROM `tgyx_order` WHERE ( 1=1 AND is_pay=1 AND store_id=11 ) ORDER BY id desc LIMIT 0,10   [ RunTime:0.0020s ]

[ 2016-03-31T18:30:03+08:00 ] 10.10.24.237 /index.php/home/staff/storeStatistics
INFO: [ app_init ] --START--
INFO: Run Behavior\BuildLiteBehavior [ RunTime:0.000000s ]
INFO: [ app_init ] --END-- [ RunTime:0.000000s ]

[ 2016-03-31T18:30:08+08:00 ] 10.10.24.237 /index.php/home/staff/storeStatistics
INFO: [ app_init ] --START--
INFO: Run Behavior\BuildLiteBehavior [ RunTime:0.000000s ]
INFO: [ app_init ] --END-- [ RunTime:0.001000s ]
INFO: [ app_begin ] --START--
INFO: Run Behavior\ReadHtmlCacheBehavior [ RunTime:0.001000s ]
INFO: [ app_begin ] --END-- [ RunTime:0.001000s ]
SQL: SHOW COLUMNS FROM `tgyx_order` [ RunTime:0.0070s ]
SQL: SELECT `id`,`order_no`,`total_fee`,`time_end` FROM `tgyx_order` WHERE ( 1=1 AND is_pay=1 AND store_id=11 ) ORDER BY id desc LIMIT 0,10   [ RunTime:0.0020s ]

[ 2016-03-31T18:32:26+08:00 ] 10.10.24.237 /index.php/home/staff/storeStatistics
INFO: [ app_init ] --START--
INFO: Run Behavior\BuildLiteBehavior [ RunTime:0.000000s ]
INFO: [ app_init ] --END-- [ RunTime:0.001000s ]

[ 2016-03-31T18:32:29+08:00 ] 10.10.24.237 /index.php/home/staff/storeStatistics
INFO: [ app_init ] --START--
INFO: Run Behavior\BuildLiteBehavior [ RunTime:0.000000s ]
INFO: [ app_init ] --END-- [ RunTime:0.001000s ]
INFO: [ app_begin ] --START--
INFO: Run Behavior\ReadHtmlCacheBehavior [ RunTime:0.001000s ]
INFO: [ app_begin ] --END-- [ RunTime:0.001000s ]
SQL: SHOW COLUMNS FROM `tgyx_order` [ RunTime:0.0080s ]
SQL: SELECT `id`,`order_no`,`total_fee`,`time_end` FROM `tgyx_order` WHERE ( 1=1 AND is_pay=1 AND store_id=11 ) ORDER BY id desc LIMIT 0,10   [ RunTime:0.0010s ]

[ 2016-03-31T18:33:02+08:00 ] 10.10.24.237 /index.php/home/staff/storeStatistics
INFO: [ app_init ] --START--
INFO: Run Behavior\BuildLiteBehavior [ RunTime:0.000000s ]
INFO: [ app_init ] --END-- [ RunTime:0.001000s ]

[ 2016-03-31T18:33:07+08:00 ] 10.10.24.237 /index.php/home/staff/storeStatistics
INFO: [ app_init ] --START--
INFO: Run Behavior\BuildLiteBehavior [ RunTime:0.000000s ]
INFO: [ app_init ] --END-- [ RunTime:0.001000s ]
INFO: [ app_begin ] --START--
INFO: Run Behavior\ReadHtmlCacheBehavior [ RunTime:0.000000s ]
INFO: [ app_begin ] --END-- [ RunTime:0.000000s ]
SQL: SHOW COLUMNS FROM `tgyx_order` [ RunTime:0.0060s ]
SQL: SELECT `id`,`order_no`,`total_fee`,`time_end` FROM `tgyx_order` WHERE ( 1=1 AND is_pay=1 AND store_id=11 ) ORDER BY id desc LIMIT 0,10   [ RunTime:0.0020s ]

[ 2016-03-31T18:33:10+08:00 ] 10.10.24.237 /index.php/home/staff/storeStatistics
INFO: [ app_init ] --START--
INFO: Run Behavior\BuildLiteBehavior [ RunTime:0.000000s ]
INFO: [ app_init ] --END-- [ RunTime:0.001000s ]
INFO: [ app_begin ] --START--
INFO: Run Behavior\ReadHtmlCacheBehavior [ RunTime:0.001000s ]
INFO: [ app_begin ] --END-- [ RunTime:0.001000s ]
SQL: SHOW COLUMNS FROM `tgyx_order` [ RunTime:0.0070s ]
SQL: SELECT `id`,`order_no`,`total_fee`,`time_end` FROM `tgyx_order` WHERE ( 1=1 AND is_pay=1 AND store_id=11 ) ORDER BY id desc LIMIT 10,10   [ RunTime:0.0030s ]

[ 2016-03-31T18:42:10+08:00 ] 10.10.24.237 /index.php/home/staff/storeStatistics
INFO: [ app_init ] --START--
INFO: Run Behavior\BuildLiteBehavior [ RunTime:0.000000s ]
INFO: [ app_init ] --END-- [ RunTime:0.001000s ]
ERR: 1064:You have an error in your SQL syntax; check the manual that corresponds to your MySQL server version for the right syntax to use near 'SUM(total_fee) as fees WHERE 1=1 AND is_pay=1 AND store_id=11 AND FROM_UNIXTIME(' at line 1
 [ SQL语句 ] : SELECT COUNT(id) as times SUM(total_fee) as fees WHERE 1=1 AND is_pay=1 AND store_id=11 AND FROM_UNIXTIME(create_time,'%Y%m%d')=FROM_UNIXTIME(1459420929,'%Y%m%d')

[ 2016-03-31T18:45:02+08:00 ] 10.10.24.237 /index.php/home/staff/storeStatistics
INFO: [ app_init ] --START--
INFO: Run Behavior\BuildLiteBehavior [ RunTime:0.000000s ]
INFO: [ app_init ] --END-- [ RunTime:0.002000s ]
ERR: 1064:You have an error in your SQL syntax; check the manual that corresponds to your MySQL server version for the right syntax to use near 'WHERE 1=1 AND is_pay=1 AND store_id=11 AND FROM_UNIXTIME(create_time,'%Y%m%d')=F' at line 1
 [ SQL语句 ] : SELECT COUNT(id) as times, SUM(total_fee) as fees WHERE 1=1 AND is_pay=1 AND store_id=11 AND FROM_UNIXTIME(create_time,'%Y%m%d')=FROM_UNIXTIME(1459421101,'%Y%m%d')

[ 2016-03-31T18:50:44+08:00 ] 10.10.24.237 /index.php/home/staff/storeStatistics
INFO: [ app_init ] --START--
INFO: Run Behavior\BuildLiteBehavior [ RunTime:0.000000s ]
INFO: [ app_init ] --END-- [ RunTime:0.001000s ]

[ 2016-03-31T18:50:49+08:00 ] 10.10.24.237 /index.php/home/staff/storeStatistics
INFO: [ app_init ] --START--
INFO: Run Behavior\BuildLiteBehavior [ RunTime:0.000000s ]
INFO: [ app_init ] --END-- [ RunTime:0.001000s ]
INFO: [ app_begin ] --START--
INFO: Run Behavior\ReadHtmlCacheBehavior [ RunTime:0.000000s ]
INFO: [ app_begin ] --END-- [ RunTime:0.000000s ]
SQL: SHOW COLUMNS FROM `tgyx_order` [ RunTime:0.0070s ]
SQL: SELECT `id`,`order_no`,`total_fee`,`time_end` FROM `tgyx_order` WHERE ( 1=1 AND is_pay=1 AND store_id=11 ) ORDER BY id desc LIMIT 0,10   [ RunTime:0.0020s ]

[ 2016-03-31T18:54:02+08:00 ] 10.10.24.237 /index.php/home/staff/storeStatistics
INFO: [ app_init ] --START--
INFO: Run Behavior\BuildLiteBehavior [ RunTime:0.000000s ]
INFO: [ app_init ] --END-- [ RunTime:0.001000s ]

[ 2016-03-31T18:54:07+08:00 ] 10.10.24.237 /index.php/home/staff/storeStatistics
INFO: [ app_init ] --START--
INFO: Run Behavior\BuildLiteBehavior [ RunTime:0.000000s ]
INFO: [ app_init ] --END-- [ RunTime:0.001000s ]
INFO: [ app_begin ] --START--
INFO: Run Behavior\ReadHtmlCacheBehavior [ RunTime:0.002000s ]
INFO: [ app_begin ] --END-- [ RunTime:0.002000s ]
SQL: SHOW COLUMNS FROM `tgyx_order` [ RunTime:0.0080s ]
SQL: SELECT `id`,`order_no`,`total_fee`,`time_end` FROM `tgyx_order` WHERE ( 1=1 AND is_pay=1 AND store_id=11 ) ORDER BY id desc LIMIT 0,10   [ RunTime:0.0020s ]

[ 2016-03-31T18:54:49+08:00 ] 10.10.24.237 /index.php/home/staff/storeStatistics
INFO: [ app_init ] --START--
INFO: Run Behavior\BuildLiteBehavior [ RunTime:0.000000s ]
INFO: [ app_init ] --END-- [ RunTime:0.001000s ]

[ 2016-03-31T18:54:49+08:00 ] 10.10.24.237 /index.php/home/staff/sign.html
INFO: [ app_init ] --START--
INFO: Run Behavior\BuildLiteBehavior [ RunTime:0.000000s ]
INFO: [ app_init ] --END-- [ RunTime:0.001000s ]

[ 2016-03-31T18:54:50+08:00 ] 10.10.24.237 /index.php/home/staff/storeStatistics
INFO: [ app_init ] --START--
INFO: Run Behavior\BuildLiteBehavior [ RunTime:0.000000s ]
INFO: [ app_init ] --END-- [ RunTime:0.001000s ]

[ 2016-03-31T18:54:50+08:00 ] 10.10.24.237 /index.php/home/staff/login.html
INFO: [ app_init ] --START--
INFO: Run Behavior\BuildLiteBehavior [ RunTime:0.000000s ]
INFO: [ app_init ] --END-- [ RunTime:0.000000s ]

[ 2016-03-31T18:54:55+08:00 ] 10.10.24.237 /index.php/home/staff/storeStatistics
INFO: [ app_init ] --START--
INFO: Run Behavior\BuildLiteBehavior [ RunTime:0.000000s ]
INFO: [ app_init ] --END-- [ RunTime:0.001000s ]
INFO: [ app_begin ] --START--
INFO: Run Behavior\ReadHtmlCacheBehavior [ RunTime:0.001000s ]
INFO: [ app_begin ] --END-- [ RunTime:0.001000s ]
SQL: SHOW COLUMNS FROM `tgyx_order` [ RunTime:0.0030s ]
SQL: SELECT `id`,`order_no`,`total_fee`,`time_end` FROM `tgyx_order` WHERE ( 1=1 AND is_pay=1 AND store_id=11 ) ORDER BY id desc LIMIT 0,10   [ RunTime:0.0010s ]

[ 2016-03-31T18:55:35+08:00 ] 10.10.24.237 /index.php/home/staff/storeStatistics
INFO: [ app_init ] --START--
INFO: Run Behavior\BuildLiteBehavior [ RunTime:0.000000s ]
INFO: [ app_init ] --END-- [ RunTime:0.001000s ]

[ 2016-03-31T18:55:41+08:00 ] 10.10.24.237 /index.php/home/staff/storeStatistics
INFO: [ app_init ] --START--
INFO: Run Behavior\BuildLiteBehavior [ RunTime:0.000000s ]
INFO: [ app_init ] --END-- [ RunTime:0.000000s ]
INFO: [ app_begin ] --START--
INFO: Run Behavior\ReadHtmlCacheBehavior [ RunTime:0.001000s ]
INFO: [ app_begin ] --END-- [ RunTime:0.001000s ]
SQL: SHOW COLUMNS FROM `tgyx_order` [ RunTime:0.0070s ]
SQL: SELECT `id`,`order_no`,`total_fee`,`time_end` FROM `tgyx_order` WHERE ( 1=1 AND is_pay=1 AND store_id=11 ) ORDER BY id desc LIMIT 0,10   [ RunTime:0.0010s ]

[ 2016-03-31T18:56:28+08:00 ] 10.10.24.237 /index.php/home/staff/storeStatistics
INFO: [ app_init ] --START--
INFO: Run Behavior\BuildLiteBehavior [ RunTime:0.000000s ]
INFO: [ app_init ] --END-- [ RunTime:0.001000s ]

[ 2016-03-31T18:56:30+08:00 ] 10.10.24.237 /index.php/home/staff/storeStatistics
INFO: [ app_init ] --START--
INFO: Run Behavior\BuildLiteBehavior [ RunTime:0.000000s ]
INFO: [ app_init ] --END-- [ RunTime:0.001000s ]
INFO: [ app_begin ] --START--
INFO: Run Behavior\ReadHtmlCacheBehavior [ RunTime:0.001000s ]
INFO: [ app_begin ] --END-- [ RunTime:0.001000s ]
SQL: SHOW COLUMNS FROM `tgyx_order` [ RunTime:0.0060s ]
SQL: SELECT `id`,`order_no`,`total_fee`,`time_end` FROM `tgyx_order` WHERE ( 1=1 AND is_pay=1 AND store_id=11 ) ORDER BY id desc LIMIT 0,10   [ RunTime:0.0020s ]

[ 2016-03-31T18:56:43+08:00 ] 10.10.24.237 /index.php/home/staff/storeStatistics
INFO: [ app_init ] --START--
INFO: Run Behavior\BuildLiteBehavior [ RunTime:0.000000s ]
INFO: [ app_init ] --END-- [ RunTime:0.000000s ]

[ 2016-03-31T18:56:53+08:00 ] 10.10.24.237 /index.php/home/staff/storeStatistics
INFO: [ app_init ] --START--
INFO: Run Behavior\BuildLiteBehavior [ RunTime:0.000000s ]
INFO: [ app_init ] --END-- [ RunTime:0.001000s ]
INFO: [ app_begin ] --START--
INFO: Run Behavior\ReadHtmlCacheBehavior [ RunTime:0.002000s ]
INFO: [ app_begin ] --END-- [ RunTime:0.002000s ]
SQL: SHOW COLUMNS FROM `tgyx_order` [ RunTime:0.0070s ]
SQL: SELECT `id`,`order_no`,`total_fee`,`time_end` FROM `tgyx_order` WHERE ( 1=1 AND is_pay=1 AND store_id=11 ) ORDER BY id desc LIMIT 0,10   [ RunTime:0.0020s ]

[ 2016-03-31T18:57:45+08:00 ] 10.10.24.237 /index.php/home/staff/storeStatistics
INFO: [ app_init ] --START--
INFO: Run Behavior\BuildLiteBehavior [ RunTime:0.000000s ]
INFO: [ app_init ] --END-- [ RunTime:0.001000s ]

[ 2016-03-31T18:57:51+08:00 ] 10.10.24.237 /index.php/home/staff/storeStatistics
INFO: [ app_init ] --START--
INFO: Run Behavior\BuildLiteBehavior [ RunTime:0.000000s ]
INFO: [ app_init ] --END-- [ RunTime:0.001000s ]
INFO: [ app_begin ] --START--
INFO: Run Behavior\ReadHtmlCacheBehavior [ RunTime:0.001000s ]
INFO: [ app_begin ] --END-- [ RunTime:0.001000s ]
SQL: SHOW COLUMNS FROM `tgyx_order` [ RunTime:0.0040s ]
SQL: SELECT `id`,`order_no`,`total_fee`,`time_end` FROM `tgyx_order` WHERE ( 1=1 AND is_pay=1 AND store_id=11 ) ORDER BY id desc LIMIT 0,10   [ RunTime:0.0010s ]

[ 2016-03-31T18:57:57+08:00 ] 10.10.24.237 /index.php/home/staff/storeStatistics
INFO: [ app_init ] --START--
INFO: Run Behavior\BuildLiteBehavior [ RunTime:0.000000s ]
INFO: [ app_init ] --END-- [ RunTime:0.001000s ]
INFO: [ app_begin ] --START--
INFO: Run Behavior\ReadHtmlCacheBehavior [ RunTime:0.001000s ]
INFO: [ app_begin ] --END-- [ RunTime:0.001000s ]
SQL: SHOW COLUMNS FROM `tgyx_order` [ RunTime:0.0070s ]
SQL: SELECT `id`,`order_no`,`total_fee`,`time_end` FROM `tgyx_order` WHERE ( 1=1 AND is_pay=1 AND store_id=11 ) ORDER BY id desc LIMIT 10,10   [ RunTime:0.0030s ]

[ 2016-03-31T18:58:11+08:00 ] 10.10.24.237 /index.php/home/staff/storeStatistics
INFO: [ app_init ] --START--
INFO: Run Behavior\BuildLiteBehavior [ RunTime:0.000000s ]
INFO: [ app_init ] --END-- [ RunTime:0.001000s ]

[ 2016-03-31T18:58:18+08:00 ] 10.10.24.237 /index.php/home/staff/storeStatistics
INFO: [ app_init ] --START--
INFO: Run Behavior\BuildLiteBehavior [ RunTime:0.001000s ]
INFO: [ app_init ] --END-- [ RunTime:0.001000s ]
INFO: [ app_begin ] --START--
INFO: Run Behavior\ReadHtmlCacheBehavior [ RunTime:0.001000s ]
INFO: [ app_begin ] --END-- [ RunTime:0.001000s ]
SQL: SHOW COLUMNS FROM `tgyx_order` [ RunTime:0.0070s ]
SQL: SELECT `id`,`order_no`,`total_fee`,`time_end` FROM `tgyx_order` WHERE ( 1=1 AND is_pay=1 AND store_id=11 ) ORDER BY id desc LIMIT 0,10   [ RunTime:0.0020s ]

[ 2016-03-31T18:59:15+08:00 ] 10.10.24.237 /index.php/home/staff/storeStatistics
INFO: [ app_init ] --START--
INFO: Run Behavior\BuildLiteBehavior [ RunTime:0.000000s ]
INFO: [ app_init ] --END-- [ RunTime:0.001000s ]

[ 2016-03-31T18:59:20+08:00 ] 10.10.24.237 /index.php/home/staff/storeStatistics
INFO: [ app_init ] --START--
INFO: Run Behavior\BuildLiteBehavior [ RunTime:0.000000s ]
INFO: [ app_init ] --END-- [ RunTime:0.001000s ]
INFO: [ app_begin ] --START--
INFO: Run Behavior\ReadHtmlCacheBehavior [ RunTime:0.001000s ]
INFO: [ app_begin ] --END-- [ RunTime:0.001000s ]
SQL: SHOW COLUMNS FROM `tgyx_order` [ RunTime:0.0070s ]
SQL: SELECT `id`,`order_no`,`total_fee`,`time_end` FROM `tgyx_order` WHERE ( 1=1 AND is_pay=1 AND store_id=11 ) ORDER BY id desc LIMIT 0,10   [ RunTime:0.0020s ]

[ 2016-03-31T18:59:31+08:00 ] 10.10.24.237 /index.php/home/staff/storeStatistics
INFO: [ app_init ] --START--
INFO: Run Behavior\BuildLiteBehavior [ RunTime:0.000000s ]
INFO: [ app_init ] --END-- [ RunTime:0.000000s ]
INFO: [ app_begin ] --START--
INFO: Run Behavior\ReadHtmlCacheBehavior [ RunTime:0.001000s ]
INFO: [ app_begin ] --END-- [ RunTime:0.001000s ]
SQL: SHOW COLUMNS FROM `tgyx_order` [ RunTime:0.0080s ]
SQL: SELECT `id`,`order_no`,`total_fee`,`time_end` FROM `tgyx_order` WHERE ( 1=1 AND is_pay=1 AND store_id=11 ) ORDER BY id desc LIMIT 10,10   [ RunTime:0.0010s ]

