[ 2016-04-05T08:36:36+08:00 ] ::1 /
INFO: [ app_init ] --START--
INFO: Run Behavior\BuildLiteBehavior [ RunTime:0.000000s ]
INFO: [ app_init ] --END-- [ RunTime:0.000000s ]

[ 2016-04-05T08:36:38+08:00 ] ::1 /Index.php/Home/Index/login
INFO: [ app_init ] --START--
INFO: Run Behavior\BuildLiteBehavior [ RunTime:0.000000s ]
INFO: [ app_init ] --END-- [ RunTime:0.000000s ]

[ 2016-04-05T08:36:38+08:00 ] ::1 /Index.php/home/index/verify
INFO: [ app_init ] --START--
INFO: Run Behavior\BuildLiteBehavior [ RunTime:0.000000s ]
INFO: [ app_init ] --END-- [ RunTime:0.000000s ]

[ 2016-04-05T08:36:46+08:00 ] ::1 /Index.php/home/index/login
INFO: [ app_init ] --START--
INFO: Run Behavior\BuildLiteBehavior [ RunTime:0.000000s ]
INFO: [ app_init ] --END-- [ RunTime:0.000000s ]

[ 2016-04-05T08:41:36+08:00 ] ::1 /index.php/Home/Index/logout
INFO: [ app_init ] --START--
INFO: Run Behavior\BuildLiteBehavior [ RunTime:0.000000s ]
INFO: [ app_init ] --END-- [ RunTime:0.000000s ]

[ 2016-04-05T08:41:36+08:00 ] ::1 /index.php/home/index/login.html
INFO: [ app_init ] --START--
INFO: Run Behavior\BuildLiteBehavior [ RunTime:0.000000s ]
INFO: [ app_init ] --END-- [ RunTime:0.000000s ]

[ 2016-04-05T08:41:36+08:00 ] ::1 /index.php/home/index/verify
INFO: [ app_init ] --START--
INFO: Run Behavior\BuildLiteBehavior [ RunTime:0.000000s ]
INFO: [ app_init ] --END-- [ RunTime:0.000000s ]

[ 2016-04-05T08:41:46+08:00 ] ::1 /index.php/home/index/login
INFO: [ app_init ] --START--
INFO: Run Behavior\BuildLiteBehavior [ RunTime:0.000000s ]
INFO: [ app_init ] --END-- [ RunTime:0.000000s ]

[ 2016-04-05T08:42:28+08:00 ] 10.10.24.237 /index.php/Home/Pay/wechatPay?mid=6&store_id=15
INFO: [ app_init ] --START--
INFO: Run Behavior\BuildLiteBehavior [ RunTime:0.000000s ]
INFO: [ app_init ] --END-- [ RunTime:0.000000s ]

[ 2016-04-05T08:42:53+08:00 ] 10.10.24.237 /
INFO: [ app_init ] --START--
INFO: Run Behavior\BuildLiteBehavior [ RunTime:0.000000s ]
INFO: [ app_init ] --END-- [ RunTime:0.000000s ]

[ 2016-04-05T08:42:53+08:00 ] 10.10.24.237 /
INFO: [ app_init ] --START--
INFO: Run Behavior\BuildLiteBehavior [ RunTime:0.000000s ]
INFO: [ app_init ] --END-- [ RunTime:0.000000s ]

[ 2016-04-05T08:42:53+08:00 ] 10.10.24.237 /index.php/Home/Pay/wechatPay?mid=6&store_id=15
INFO: [ app_init ] --START--
INFO: Run Behavior\BuildLiteBehavior [ RunTime:0.000000s ]
INFO: [ app_init ] --END-- [ RunTime:0.000000s ]

[ 2016-04-05T08:44:21+08:00 ] 10.10.24.237 /index.php/home/staff/boundwx?mid=5&store_id=11
INFO: [ app_init ] --START--
INFO: Run Behavior\BuildLiteBehavior [ RunTime:0.000000s ]
INFO: [ app_init ] --END-- [ RunTime:0.001000s ]

[ 2016-04-05T08:46:33+08:00 ] 10.10.24.237 /index.php/home/staff/boundwx?mid=5&store_id=11&code=0114f5f6aa0e243ca3dd5eb1ad105fez&state=wxpay
INFO: [ app_init ] --START--
INFO: Run Behavior\BuildLiteBehavior [ RunTime:0.000000s ]
INFO: [ app_init ] --END-- [ RunTime:0.001000s ]

[ 2016-04-05T08:46:36+08:00 ] 10.10.24.237 /index.php/home/staff/sign
INFO: [ app_init ] --START--
INFO: Run Behavior\BuildLiteBehavior [ RunTime:0.000000s ]
INFO: [ app_init ] --END-- [ RunTime:0.000000s ]

[ 2016-04-05T08:46:50+08:00 ] 10.10.24.237 /index.php/home/pay/wechatpay?mid=5&store_id=11
INFO: [ app_init ] --START--
INFO: Run Behavior\BuildLiteBehavior [ RunTime:0.000000s ]
INFO: [ app_init ] --END-- [ RunTime:0.001000s ]

[ 2016-04-05T08:47:00+08:00 ] 10.10.24.237 /index.php/home/pay/wechatpay?mid=5&amp;store_id=11
INFO: [ app_init ] --START--
INFO: Run Behavior\BuildLiteBehavior [ RunTime:0.000000s ]
INFO: [ app_init ] --END-- [ RunTime:0.001000s ]
INFO: [ app_begin ] --START--
INFO: Run Behavior\ReadHtmlCacheBehavior [ RunTime:0.001000s ]
INFO: [ app_begin ] --END-- [ RunTime:0.001000s ]
SQL: SHOW COLUMNS FROM `tgyx_lijian` [ RunTime:0.0050s ]
SQL: SELECT * FROM `tgyx_lijian` WHERE ( mid = '5' AND status = 1 ) LIMIT 1   [ RunTime:0.0020s ]
NOTIC: [8] Undefined offset: -1 E:\PhpstormProjects\pay\pay\Home\Controller\PayController.class.php 第 108 行.
NOTIC: [8] Undefined offset: -1 E:\PhpstormProjects\pay\pay\Home\Controller\PayController.class.php 第 109 行.
SQL: SHOW COLUMNS FROM `tgyx_wxcoupon_receive` [ RunTime:0.0180s ]
SQL: SELECT * FROM `tgyx_wxcoupon_receive` WHERE ( openid='okmiKuISCOGhOnAhUW2n4Jewg5Xs' AND mid=5 ) LIMIT 1   [ RunTime:0.0030s ]
SQL: SHOW COLUMNS FROM `tgyx_fans` [ RunTime:0.0060s ]
SQL: SELECT * FROM `tgyx_fans` WHERE ( openid = 'okmiKuISCOGhOnAhUW2n4Jewg5Xs' and mid = '5' ) LIMIT 1   [ RunTime:0.0020s ]
NOTIC: [8] Undefined index: goods_name E:\PhpstormProjects\pay\pay\Home\Controller\PayController.class.php 第 145 行.
SQL: SHOW COLUMNS FROM `tgyx_order` [ RunTime:0.0060s ]
SQL: INSERT INTO `tgyx_order` (`lijian_fee`,`order_no`,`mid`,`pmid`,`pay_way`,`pay_type`,`store_id`,`goods_name`,`total_fee`,`create_time`,`fans_id`,`fans_name`,`openid`,`is_subscribe`) VALUES (NULL,'201604050846593489468655','5','0','weixin','JSAPI','11','自定义扫码支付','100','1459817219','2','滔','okmiKuISCOGhOnAhUW2n4Jewg5Xs','Y') [ RunTime:0.0490s ]
SQL: SHOW COLUMNS FROM `tgyx_merchant` [ RunTime:0.0020s ]
SQL: SHOW COLUMNS FROM `tgyx_payconfig` [ RunTime:0.0010s ]
SQL: SELECT `id`,`pid` FROM `tgyx_merchant` WHERE ( id = '5' ) LIMIT 1   [ RunTime:0.0010s ]
SQL: SELECT `config` FROM `tgyx_payconfig` WHERE ( mid = '5' ) LIMIT 1   [ RunTime:0.0000s ]
NOTIC: [8] Use of undefined constant mid - assumed 'mid' E:\PhpstormProjects\pay\pay\Home\Controller\PayController.class.php 第 155 行.
NOTIC: [8] curl_setopt(): CURLOPT_SSL_VERIFYHOST no longer accepts the value 1, value 2 will be used instead E:\PhpstormProjects\pay\pay\Util\CommonUtil.class.php 第 136 行.

[ 2016-04-05T08:47:14+08:00 ] 10.10.24.237 /index.php/home/pay/wechatpay?mid=5&amp;store_id=11
INFO: [ app_init ] --START--
INFO: Run Behavior\BuildLiteBehavior [ RunTime:0.000000s ]
INFO: [ app_init ] --END-- [ RunTime:0.001000s ]
INFO: [ app_begin ] --START--
INFO: Run Behavior\ReadHtmlCacheBehavior [ RunTime:0.001000s ]
INFO: [ app_begin ] --END-- [ RunTime:0.001000s ]
SQL: SHOW COLUMNS FROM `tgyx_lijian` [ RunTime:0.0050s ]
SQL: SELECT * FROM `tgyx_lijian` WHERE ( mid = '5' AND status = 1 ) LIMIT 1   [ RunTime:0.0010s ]
SQL: SHOW COLUMNS FROM `tgyx_wxcoupon_receive` [ RunTime:0.0050s ]
SQL: SELECT * FROM `tgyx_wxcoupon_receive` WHERE ( openid='okmiKuISCOGhOnAhUW2n4Jewg5Xs' AND mid=5 ) LIMIT 1   [ RunTime:0.0020s ]
NOTIC: [8] Undefined index: goods_name E:\PhpstormProjects\pay\pay\Home\Controller\PayController.class.php 第 145 行.
SQL: SHOW COLUMNS FROM `tgyx_order` [ RunTime:0.0050s ]
SQL: INSERT INTO `tgyx_order` (`lijian_fee`,`order_no`,`mid`,`pmid`,`pay_way`,`pay_type`,`store_id`,`goods_name`,`total_fee`,`create_time`,`fans_id`,`fans_name`,`openid`,`is_subscribe`) VALUES ('312','201604050847140970522827','5','0','weixin','JSAPI','11','自定义扫码支付','888','1459817234','2','滔','okmiKuISCOGhOnAhUW2n4Jewg5Xs','Y') [ RunTime:0.0580s ]
SQL: SHOW COLUMNS FROM `tgyx_merchant` [ RunTime:0.0040s ]
SQL: SHOW COLUMNS FROM `tgyx_payconfig` [ RunTime:0.0060s ]
SQL: SELECT `id`,`pid` FROM `tgyx_merchant` WHERE ( id = '5' ) LIMIT 1   [ RunTime:0.0020s ]
SQL: SELECT `config` FROM `tgyx_payconfig` WHERE ( mid = '5' ) LIMIT 1   [ RunTime:0.0000s ]
NOTIC: [8] Use of undefined constant mid - assumed 'mid' E:\PhpstormProjects\pay\pay\Home\Controller\PayController.class.php 第 155 行.
NOTIC: [8] curl_setopt(): CURLOPT_SSL_VERIFYHOST no longer accepts the value 1, value 2 will be used instead E:\PhpstormProjects\pay\pay\Util\CommonUtil.class.php 第 136 行.

[ 2016-04-05T08:49:48+08:00 ] 10.10.24.237 /index.php/home/pay/wechatpay?mid=5&amp;store_id=11
INFO: [ app_init ] --START--
INFO: Run Behavior\BuildLiteBehavior [ RunTime:0.000000s ]
INFO: [ app_init ] --END-- [ RunTime:0.001000s ]
INFO: [ app_begin ] --START--
INFO: Run Behavior\ReadHtmlCacheBehavior [ RunTime:0.001001s ]
INFO: [ app_begin ] --END-- [ RunTime:0.001001s ]

[ 2016-04-05T08:50:08+08:00 ] 10.10.24.237 /index.php/home/pay/wechatpay?mid=5&amp;store_id=11
INFO: [ app_init ] --START--
INFO: Run Behavior\BuildLiteBehavior [ RunTime:0.000000s ]
INFO: [ app_init ] --END-- [ RunTime:0.001000s ]
INFO: [ app_begin ] --START--
INFO: Run Behavior\ReadHtmlCacheBehavior [ RunTime:0.001000s ]
INFO: [ app_begin ] --END-- [ RunTime:0.001000s ]

[ 2016-04-05T08:50:23+08:00 ] 10.10.24.237 /index.php/home/pay/wechatpay?mid=5&amp;store_id=11
INFO: [ app_init ] --START--
INFO: Run Behavior\BuildLiteBehavior [ RunTime:0.000000s ]
INFO: [ app_init ] --END-- [ RunTime:0.001000s ]
INFO: [ app_begin ] --START--
INFO: Run Behavior\ReadHtmlCacheBehavior [ RunTime:0.001001s ]
INFO: [ app_begin ] --END-- [ RunTime:0.001001s ]

[ 2016-04-05T08:50:46+08:00 ] 10.10.24.237 /index.php/home/pay/wechatpay?mid=5&amp;store_id=11
INFO: [ app_init ] --START--
INFO: Run Behavior\BuildLiteBehavior [ RunTime:0.000000s ]
INFO: [ app_init ] --END-- [ RunTime:0.002000s ]
INFO: [ app_begin ] --START--
INFO: Run Behavior\ReadHtmlCacheBehavior [ RunTime:0.001000s ]
INFO: [ app_begin ] --END-- [ RunTime:0.002000s ]

[ 2016-04-05T08:51:01+08:00 ] 10.10.24.237 /index.php/home/pay/wechatpay?mid=5&amp;store_id=11
INFO: [ app_init ] --START--
INFO: Run Behavior\BuildLiteBehavior [ RunTime:0.000000s ]
INFO: [ app_init ] --END-- [ RunTime:0.001000s ]
INFO: [ app_begin ] --START--
INFO: Run Behavior\ReadHtmlCacheBehavior [ RunTime:0.002000s ]
INFO: [ app_begin ] --END-- [ RunTime:0.002000s ]

[ 2016-04-05T08:51:09+08:00 ] 10.10.24.237 /index.php/home/pay/wechatpay?mid=5&amp;store_id=11
INFO: [ app_init ] --START--
INFO: Run Behavior\BuildLiteBehavior [ RunTime:0.000000s ]
INFO: [ app_init ] --END-- [ RunTime:0.001000s ]
INFO: [ app_begin ] --START--
INFO: Run Behavior\ReadHtmlCacheBehavior [ RunTime:0.000000s ]
INFO: [ app_begin ] --END-- [ RunTime:0.000000s ]

[ 2016-04-05T08:51:24+08:00 ] 10.10.24.237 /index.php/home/pay/wechatpay?mid=5&amp;store_id=11
INFO: [ app_init ] --START--
INFO: Run Behavior\BuildLiteBehavior [ RunTime:0.000000s ]
INFO: [ app_init ] --END-- [ RunTime:0.001000s ]
INFO: [ app_begin ] --START--
INFO: Run Behavior\ReadHtmlCacheBehavior [ RunTime:0.001000s ]
INFO: [ app_begin ] --END-- [ RunTime:0.001000s ]

[ 2016-04-05T08:51:53+08:00 ] 10.10.24.237 /index.php/home/pay/wechatpay?mid=5&amp;store_id=11
INFO: [ app_init ] --START--
INFO: Run Behavior\BuildLiteBehavior [ RunTime:0.000000s ]
INFO: [ app_init ] --END-- [ RunTime:0.001000s ]
INFO: [ app_begin ] --START--
INFO: Run Behavior\ReadHtmlCacheBehavior [ RunTime:0.001000s ]
INFO: [ app_begin ] --END-- [ RunTime:0.001000s ]
SQL: SHOW COLUMNS FROM `tgyx_lijian` [ RunTime:0.0060s ]
SQL: SELECT * FROM `tgyx_lijian` WHERE ( mid = '5' AND status = 1 ) LIMIT 1   [ RunTime:0.0020s ]
SQL: SHOW COLUMNS FROM `tgyx_wxcoupon_receive` [ RunTime:0.0050s ]
SQL: SELECT * FROM `tgyx_wxcoupon_receive` WHERE ( openid='okmiKuISCOGhOnAhUW2n4Jewg5Xs' AND mid=5 ) LIMIT 1   [ RunTime:0.0020s ]
NOTIC: [8] Undefined index: goods_name E:\PhpstormProjects\pay\pay\Home\Controller\PayController.class.php 第 147 行.
SQL: SHOW COLUMNS FROM `tgyx_order` [ RunTime:0.0060s ]
SQL: INSERT INTO `tgyx_order` (`lijian_fee`,`order_no`,`mid`,`pmid`,`pay_way`,`pay_type`,`store_id`,`goods_name`,`total_fee`,`create_time`,`fans_id`,`fans_name`,`openid`,`is_subscribe`) VALUES ('312','201604050851529406027931','5','0','weixin','JSAPI','11','自定义扫码支付','888','1459817512','2','滔','okmiKuISCOGhOnAhUW2n4Jewg5Xs','Y') [ RunTime:0.0340s ]
SQL: SHOW COLUMNS FROM `tgyx_merchant` [ RunTime:0.0060s ]
SQL: SHOW COLUMNS FROM `tgyx_payconfig` [ RunTime:0.0070s ]
SQL: SELECT `id`,`pid` FROM `tgyx_merchant` WHERE ( id = '5' ) LIMIT 1   [ RunTime:0.0020s ]
SQL: SELECT `config` FROM `tgyx_payconfig` WHERE ( mid = '5' ) LIMIT 1   [ RunTime:0.0000s ]
NOTIC: [8] Use of undefined constant mid - assumed 'mid' E:\PhpstormProjects\pay\pay\Home\Controller\PayController.class.php 第 157 行.
NOTIC: [8] curl_setopt(): CURLOPT_SSL_VERIFYHOST no longer accepts the value 1, value 2 will be used instead E:\PhpstormProjects\pay\pay\Util\CommonUtil.class.php 第 136 行.

[ 2016-04-05T08:52:02+08:00 ] 10.10.24.237 /index.php/home/pay/wechatpay?mid=5&amp;store_id=11
INFO: [ app_init ] --START--
INFO: Run Behavior\BuildLiteBehavior [ RunTime:0.000000s ]
INFO: [ app_init ] --END-- [ RunTime:0.001000s ]
INFO: [ app_begin ] --START--
INFO: Run Behavior\ReadHtmlCacheBehavior [ RunTime:0.002001s ]
INFO: [ app_begin ] --END-- [ RunTime:0.002001s ]

[ 2016-04-05T08:52:47+08:00 ] 10.10.24.237 /index.php/home/pay/wechatpay?mid=5&amp;store_id=11
INFO: [ app_init ] --START--
INFO: Run Behavior\BuildLiteBehavior [ RunTime:0.000000s ]
INFO: [ app_init ] --END-- [ RunTime:0.001000s ]
INFO: [ app_begin ] --START--
INFO: Run Behavior\ReadHtmlCacheBehavior [ RunTime:0.000000s ]
INFO: [ app_begin ] --END-- [ RunTime:0.000000s ]
SQL: SHOW COLUMNS FROM `tgyx_lijian` [ RunTime:0.0020s ]
SQL: SELECT * FROM `tgyx_lijian` WHERE ( mid = '5' AND status = 1 ) LIMIT 1   [ RunTime:0.0000s ]
SQL: SHOW COLUMNS FROM `tgyx_wxcoupon_receive` [ RunTime:0.0020s ]
SQL: SELECT * FROM `tgyx_wxcoupon_receive` WHERE ( openid='okmiKuISCOGhOnAhUW2n4Jewg5Xs' AND mid=5 ) LIMIT 1   [ RunTime:0.0000s ]
NOTIC: [8] Undefined index: goods_name E:\PhpstormProjects\pay\pay\Home\Controller\PayController.class.php 第 147 行.
SQL: SHOW COLUMNS FROM `tgyx_order` [ RunTime:0.0020s ]
SQL: INSERT INTO `tgyx_order` (`lijian_fee`,`order_no`,`mid`,`pmid`,`pay_way`,`pay_type`,`store_id`,`goods_name`,`total_fee`,`create_time`,`fans_id`,`fans_name`,`openid`,`is_subscribe`) VALUES ('312','201604050852460936284719','5','0','weixin','JSAPI','11','自定义扫码支付','888','1459817566','2','滔','okmiKuISCOGhOnAhUW2n4Jewg5Xs','Y') [ RunTime:0.0530s ]
SQL: SHOW COLUMNS FROM `tgyx_merchant` [ RunTime:0.0020s ]
SQL: SHOW COLUMNS FROM `tgyx_payconfig` [ RunTime:0.0020s ]
SQL: SELECT `id`,`pid` FROM `tgyx_merchant` WHERE ( id = '5' ) LIMIT 1   [ RunTime:0.0000s ]
SQL: SELECT `config` FROM `tgyx_payconfig` WHERE ( mid = '5' ) LIMIT 1   [ RunTime:0.0000s ]
NOTIC: [8] Use of undefined constant mid - assumed 'mid' E:\PhpstormProjects\pay\pay\Home\Controller\PayController.class.php 第 157 行.
NOTIC: [8] curl_setopt(): CURLOPT_SSL_VERIFYHOST no longer accepts the value 1, value 2 will be used instead E:\PhpstormProjects\pay\pay\Util\CommonUtil.class.php 第 136 行.

[ 2016-04-05T08:57:19+08:00 ] 10.10.24.237 /index.php/home/pay/wechatpay?mid=6&store_id=15
INFO: [ app_init ] --START--
INFO: Run Behavior\BuildLiteBehavior [ RunTime:0.000000s ]
INFO: [ app_init ] --END-- [ RunTime:0.000000s ]

[ 2016-04-05T08:57:27+08:00 ] 10.10.24.237 /index.php/home/pay/wechatpay?mid=6&amp;store_id=15
INFO: [ app_init ] --START--
INFO: Run Behavior\BuildLiteBehavior [ RunTime:0.000000s ]
INFO: [ app_init ] --END-- [ RunTime:0.000000s ]
INFO: [ app_begin ] --START--
INFO: Run Behavior\ReadHtmlCacheBehavior [ RunTime:0.000000s ]
INFO: [ app_begin ] --END-- [ RunTime:0.000000s ]
SQL: SHOW COLUMNS FROM `tgyx_lijian` [ RunTime:0.0050s ]
SQL: SELECT * FROM `tgyx_lijian` WHERE ( mid = '6' AND status = 1 ) LIMIT 1   [ RunTime:0.0020s ]
SQL: SHOW COLUMNS FROM `tgyx_wxcoupon_receive` [ RunTime:0.0040s ]
SQL: SELECT * FROM `tgyx_wxcoupon_receive` WHERE ( openid='okmiKuISCOGhOnAhUW2n4Jewg5Xs' AND mid=6 ) LIMIT 1   [ RunTime:0.0020s ]
SQL: SHOW COLUMNS FROM `tgyx_fans` [ RunTime:0.0050s ]
SQL: SELECT * FROM `tgyx_fans` WHERE ( openid = 'okmiKuISCOGhOnAhUW2n4Jewg5Xs' and mid = '6' ) LIMIT 1   [ RunTime:0.0020s ]
SQL: SHOW COLUMNS FROM `tgyx_merchant` [ RunTime:0.0050s ]
SQL: SELECT * FROM `tgyx_merchant` WHERE ( id = '6' ) LIMIT 1   [ RunTime:0.0010s ]
NOTIC: [8] Undefined index: goods_name E:\PhpstormProjects\pay\pay\Home\Controller\PayController.class.php 第 147 行.
SQL: SHOW COLUMNS FROM `tgyx_order` [ RunTime:0.0050s ]
SQL: INSERT INTO `tgyx_order` (`lijian_fee`,`order_no`,`mid`,`pmid`,`pay_way`,`pay_type`,`store_id`,`goods_name`,`total_fee`,`create_time`,`fans_id`,`fans_name`,`openid`,`is_subscribe`) VALUES ('0','201604050857269572510695','6','5','weixin','JSAPI','15','自定义扫码支付','100','1459817846','3','滔','okmiKuISCOGhOnAhUW2n4Jewg5Xs','Y') [ RunTime:0.0450s ]
SQL: SHOW COLUMNS FROM `tgyx_payconfig` [ RunTime:0.0060s ]
SQL: SELECT `id`,`pid` FROM `tgyx_merchant` WHERE ( id = '6' ) LIMIT 1   [ RunTime:0.0020s ]
SQL: SELECT `config` FROM `tgyx_payconfig` WHERE ( mid = '6' ) LIMIT 1   [ RunTime:0.0000s ]
SQL: SELECT `id`,`pid` FROM `tgyx_merchant` WHERE ( id = '5' ) LIMIT 1   [ RunTime:0.0000s ]
SQL: SELECT `config` FROM `tgyx_payconfig` WHERE ( mid = '5' ) LIMIT 1   [ RunTime:0.0010s ]
NOTIC: [8] Use of undefined constant mid - assumed 'mid' E:\PhpstormProjects\pay\pay\Home\Controller\PayController.class.php 第 157 行.
NOTIC: [8] curl_setopt(): CURLOPT_SSL_VERIFYHOST no longer accepts the value 1, value 2 will be used instead E:\PhpstormProjects\pay\pay\Util\CommonUtil.class.php 第 136 行.

[ 2016-04-05T09:44:40+08:00 ] 10.10.24.237 /
INFO: [ app_init ] --START--
INFO: Run Behavior\BuildLiteBehavior [ RunTime:0.000000s ]
INFO: [ app_init ] --END-- [ RunTime:0.001000s ]

[ 2016-04-05T09:44:47+08:00 ] 10.10.24.237 /index.php/Home/Pay/wechatPay?mid=6&store_id=15
INFO: [ app_init ] --START--
INFO: Run Behavior\BuildLiteBehavior [ RunTime:0.000000s ]
INFO: [ app_init ] --END-- [ RunTime:0.001000s ]

[ 2016-04-05T09:44:49+08:00 ] 10.10.24.237 /index.php/Home/Pay/wechatPay?mid=6&store_id=15&code=011f11b3604db53eec8c8a44381257eB&state=wxpay
INFO: [ app_init ] --START--
INFO: Run Behavior\BuildLiteBehavior [ RunTime:0.000000s ]
INFO: [ app_init ] --END-- [ RunTime:0.000000s ]

[ 2016-04-05T09:45:00+08:00 ] 10.10.24.237 /index.php/Home/Pay/wechatPay?mid=6&amp;store_id=15&amp;code=011f11b3604db53eec8c8a44381257eB&amp;state=wxpay
INFO: [ app_init ] --START--
INFO: Run Behavior\BuildLiteBehavior [ RunTime:0.000000s ]
INFO: [ app_init ] --END-- [ RunTime:0.001000s ]
INFO: [ app_begin ] --START--
INFO: Run Behavior\ReadHtmlCacheBehavior [ RunTime:0.002000s ]
INFO: [ app_begin ] --END-- [ RunTime:0.002000s ]
SQL: SHOW COLUMNS FROM `tgyx_lijian` [ RunTime:0.0050s ]
SQL: SELECT * FROM `tgyx_lijian` WHERE ( mid = '6' AND status = 1 ) LIMIT 1   [ RunTime:0.0020s ]
SQL: SHOW COLUMNS FROM `tgyx_wxcoupon_receive` [ RunTime:0.0050s ]
SQL: SELECT * FROM `tgyx_wxcoupon_receive` WHERE ( openid='okmiKuISCOGhOnAhUW2n4Jewg5Xs' AND mid=6 ) LIMIT 1   [ RunTime:0.0020s ]
SQL: SHOW COLUMNS FROM `tgyx_fans` [ RunTime:0.0050s ]
SQL: SELECT * FROM `tgyx_fans` WHERE ( openid = 'okmiKuISCOGhOnAhUW2n4Jewg5Xs' and mid = '6' ) LIMIT 1   [ RunTime:0.0010s ]
NOTIC: [8] Undefined index: goods_name E:\PhpstormProjects\pay\pay\Home\Controller\PayController.class.php 第 147 行.
SQL: SHOW COLUMNS FROM `tgyx_order` [ RunTime:0.0050s ]
SQL: INSERT INTO `tgyx_order` (`lijian_fee`,`order_no`,`mid`,`pmid`,`pay_way`,`pay_type`,`store_id`,`goods_name`,`total_fee`,`create_time`,`fans_id`,`fans_name`,`openid`,`is_subscribe`) VALUES ('0','201604050945002011635631','6','5','weixin','JSAPI','15','自定义扫码支付','100','1459820700','3','滔','okmiKuISCOGhOnAhUW2n4Jewg5Xs','Y') [ RunTime:0.0390s ]
SQL: SHOW COLUMNS FROM `tgyx_merchant` [ RunTime:0.0050s ]
SQL: SHOW COLUMNS FROM `tgyx_payconfig` [ RunTime:0.0060s ]
SQL: SELECT `id`,`pid` FROM `tgyx_merchant` WHERE ( id = '6' ) LIMIT 1   [ RunTime:0.0020s ]
SQL: SELECT `config` FROM `tgyx_payconfig` WHERE ( mid = '6' ) LIMIT 1   [ RunTime:0.0000s ]
SQL: SELECT `id`,`pid` FROM `tgyx_merchant` WHERE ( id = '5' ) LIMIT 1   [ RunTime:0.0000s ]
SQL: SELECT `config` FROM `tgyx_payconfig` WHERE ( mid = '5' ) LIMIT 1   [ RunTime:0.0000s ]
NOTIC: [8] Use of undefined constant mid - assumed 'mid' E:\PhpstormProjects\pay\pay\Home\Controller\PayController.class.php 第 157 行.
NOTIC: [8192] Function eregi() is deprecated E:\PhpstormProjects\pay\pay\Util\WeChatUtil.class.php 第 109 行.
NOTIC: [8] curl_setopt(): CURLOPT_SSL_VERIFYHOST no longer accepts the value 1, value 2 will be used instead E:\PhpstormProjects\pay\pay\Util\CommonUtil.class.php 第 136 行.

[ 2016-04-05T09:51:48+08:00 ] 10.10.24.237 /index.php/Home/Pay/wechatPay?mid=6&store_id=15
INFO: [ app_init ] --START--
INFO: Run Behavior\BuildLiteBehavior [ RunTime:0.000000s ]
INFO: [ app_init ] --END-- [ RunTime:0.001000s ]

[ 2016-04-05T09:52:03+08:00 ] 10.10.24.237 /index.php/Home/Pay/wechatPay?mid=6&amp;store_id=15
INFO: [ app_init ] --START--
INFO: Run Behavior\BuildLiteBehavior [ RunTime:0.000000s ]
INFO: [ app_init ] --END-- [ RunTime:0.001000s ]
INFO: [ app_begin ] --START--
INFO: Run Behavior\ReadHtmlCacheBehavior [ RunTime:0.001000s ]
INFO: [ app_begin ] --END-- [ RunTime:0.001000s ]
SQL: SHOW COLUMNS FROM `tgyx_lijian` [ RunTime:0.0050s ]
SQL: SELECT * FROM `tgyx_lijian` WHERE ( mid = '6' AND status = 1 ) LIMIT 1   [ RunTime:0.0020s ]
SQL: SHOW COLUMNS FROM `tgyx_wxcoupon_receive` [ RunTime:0.0050s ]
SQL: SELECT * FROM `tgyx_wxcoupon_receive` WHERE ( openid='okmiKuISCOGhOnAhUW2n4Jewg5Xs' AND mid=6 ) LIMIT 1   [ RunTime:0.0020s ]
NOTIC: [8] Undefined index: goods_name E:\PhpstormProjects\pay\pay\Home\Controller\PayController.class.php 第 147 行.
SQL: SHOW COLUMNS FROM `tgyx_order` [ RunTime:0.0060s ]
SQL: INSERT INTO `tgyx_order` (`lijian_fee`,`order_no`,`mid`,`pmid`,`pay_way`,`pay_type`,`store_id`,`goods_name`,`total_fee`,`create_time`,`fans_id`,`fans_name`,`openid`,`is_subscribe`) VALUES ('0','201604050952022413242969','6','5','weixin','JSAPI','15','自定义扫码支付','100','1459821122','3','滔','okmiKuISCOGhOnAhUW2n4Jewg5Xs','Y') [ RunTime:0.0430s ]
SQL: SHOW COLUMNS FROM `tgyx_merchant` [ RunTime:0.0060s ]
SQL: SHOW COLUMNS FROM `tgyx_payconfig` [ RunTime:0.0070s ]
SQL: SELECT `id`,`pid` FROM `tgyx_merchant` WHERE ( id = '6' ) LIMIT 1   [ RunTime:0.0020s ]
SQL: SELECT `config` FROM `tgyx_payconfig` WHERE ( mid = '6' ) LIMIT 1   [ RunTime:0.0010s ]
SQL: SELECT `id`,`pid` FROM `tgyx_merchant` WHERE ( id = '5' ) LIMIT 1   [ RunTime:0.0000s ]
SQL: SELECT `config` FROM `tgyx_payconfig` WHERE ( mid = '5' ) LIMIT 1   [ RunTime:0.0000s ]
NOTIC: [8] Use of undefined constant mid - assumed 'mid' E:\PhpstormProjects\pay\pay\Home\Controller\PayController.class.php 第 157 行.
NOTIC: [8192] Function eregi() is deprecated E:\PhpstormProjects\pay\pay\Util\WeChatUtil.class.php 第 109 行.
NOTIC: [8] curl_setopt(): CURLOPT_SSL_VERIFYHOST no longer accepts the value 1, value 2 will be used instead E:\PhpstormProjects\pay\pay\Util\CommonUtil.class.php 第 136 行.

[ 2016-04-05T09:52:12+08:00 ] 10.10.24.237 /index.php/Home/Pay/wechatPay?mid=6&amp;store_id=15
INFO: [ app_init ] --START--
INFO: Run Behavior\BuildLiteBehavior [ RunTime:0.000000s ]
INFO: [ app_init ] --END-- [ RunTime:0.002000s ]
INFO: [ app_begin ] --START--
INFO: Run Behavior\ReadHtmlCacheBehavior [ RunTime:0.001000s ]
INFO: [ app_begin ] --END-- [ RunTime:0.001000s ]
SQL: SHOW COLUMNS FROM `tgyx_lijian` [ RunTime:0.0050s ]
SQL: SELECT * FROM `tgyx_lijian` WHERE ( mid = '6' AND status = 1 ) LIMIT 1   [ RunTime:0.0020s ]
SQL: SHOW COLUMNS FROM `tgyx_wxcoupon_receive` [ RunTime:0.0050s ]
SQL: SELECT * FROM `tgyx_wxcoupon_receive` WHERE ( openid='okmiKuISCOGhOnAhUW2n4Jewg5Xs' AND mid=6 ) LIMIT 1   [ RunTime:0.0020s ]
NOTIC: [8] Undefined index: goods_name E:\PhpstormProjects\pay\pay\Home\Controller\PayController.class.php 第 147 行.
SQL: SHOW COLUMNS FROM `tgyx_order` [ RunTime:0.0070s ]
SQL: INSERT INTO `tgyx_order` (`lijian_fee`,`order_no`,`mid`,`pmid`,`pay_way`,`pay_type`,`store_id`,`goods_name`,`total_fee`,`create_time`,`fans_id`,`fans_name`,`openid`,`is_subscribe`) VALUES ('0','201604050952119317103656','6','5','weixin','JSAPI','15','自定义扫码支付','100','1459821131','3','滔','okmiKuISCOGhOnAhUW2n4Jewg5Xs','Y') [ RunTime:0.0490s ]
SQL: SHOW COLUMNS FROM `tgyx_merchant` [ RunTime:0.0060s ]
SQL: SHOW COLUMNS FROM `tgyx_payconfig` [ RunTime:0.0060s ]
SQL: SELECT `id`,`pid` FROM `tgyx_merchant` WHERE ( id = '6' ) LIMIT 1   [ RunTime:0.0020s ]
SQL: SELECT `config` FROM `tgyx_payconfig` WHERE ( mid = '6' ) LIMIT 1   [ RunTime:0.0000s ]
SQL: SELECT `id`,`pid` FROM `tgyx_merchant` WHERE ( id = '5' ) LIMIT 1   [ RunTime:0.0000s ]
SQL: SELECT `config` FROM `tgyx_payconfig` WHERE ( mid = '5' ) LIMIT 1   [ RunTime:0.0000s ]
NOTIC: [8] Use of undefined constant mid - assumed 'mid' E:\PhpstormProjects\pay\pay\Home\Controller\PayController.class.php 第 157 行.
NOTIC: [8192] Function eregi() is deprecated E:\PhpstormProjects\pay\pay\Util\WeChatUtil.class.php 第 109 行.
NOTIC: [8] curl_setopt(): CURLOPT_SSL_VERIFYHOST no longer accepts the value 1, value 2 will be used instead E:\PhpstormProjects\pay\pay\Util\CommonUtil.class.php 第 136 行.

[ 2016-04-05T10:10:50+08:00 ] 10.10.24.237 /
INFO: [ app_init ] --START--
INFO: Run Behavior\BuildLiteBehavior [ RunTime:0.000000s ]
INFO: [ app_init ] --END-- [ RunTime:0.000000s ]

[ 2016-04-05T14:24:36+08:00 ] ::1 /index.php/Home/Index/logout
INFO: [ app_init ] --START--
INFO: Run Behavior\BuildLiteBehavior [ RunTime:0.000000s ]
INFO: [ app_init ] --END-- [ RunTime:0.000000s ]

[ 2016-04-05T14:24:36+08:00 ] ::1 /index.php/home/index/login.html
INFO: [ app_init ] --START--
INFO: Run Behavior\BuildLiteBehavior [ RunTime:0.000000s ]
INFO: [ app_init ] --END-- [ RunTime:0.000000s ]

[ 2016-04-05T14:24:37+08:00 ] ::1 /index.php/home/index/verify
INFO: [ app_init ] --START--
INFO: Run Behavior\BuildLiteBehavior [ RunTime:0.000000s ]
INFO: [ app_init ] --END-- [ RunTime:0.000000s ]

[ 2016-04-05T14:24:47+08:00 ] ::1 /index.php/home/index/verify?t=Tue%20Apr%2005%202016%2014:24:47%20GMT+0800
INFO: [ app_init ] --START--
INFO: Run Behavior\BuildLiteBehavior [ RunTime:0.000000s ]
INFO: [ app_init ] --END-- [ RunTime:0.001000s ]

[ 2016-04-05T14:24:54+08:00 ] ::1 /index.php/home/index/login
INFO: [ app_init ] --START--
INFO: Run Behavior\BuildLiteBehavior [ RunTime:0.000000s ]
INFO: [ app_init ] --END-- [ RunTime:0.001000s ]

[ 2016-04-05T14:37:09+08:00 ] 10.10.24.237 /index.php/home/staff/signout
INFO: [ app_init ] --START--
INFO: Run Behavior\BuildLiteBehavior [ RunTime:0.000000s ]
INFO: [ app_init ] --END-- [ RunTime:0.001000s ]

[ 2016-04-05T14:37:09+08:00 ] 10.10.24.237 /
INFO: [ app_init ] --START--
INFO: Run Behavior\BuildLiteBehavior [ RunTime:0.000000s ]
INFO: [ app_init ] --END-- [ RunTime:0.001000s ]

[ 2016-04-05T14:37:09+08:00 ] 10.10.24.237 /
INFO: [ app_init ] --START--
INFO: Run Behavior\BuildLiteBehavior [ RunTime:0.000000s ]
INFO: [ app_init ] --END-- [ RunTime:0.000000s ]

[ 2016-04-05T14:37:09+08:00 ] 10.10.24.237 /index.php/home/staff/login.html
INFO: [ app_init ] --START--
INFO: Run Behavior\BuildLiteBehavior [ RunTime:0.000000s ]
INFO: [ app_init ] --END-- [ RunTime:0.001000s ]

[ 2016-04-05T14:37:30+08:00 ] 10.10.24.237 /index.php/home/staff/login
INFO: [ app_init ] --START--
INFO: Run Behavior\BuildLiteBehavior [ RunTime:0.001000s ]
INFO: [ app_init ] --END-- [ RunTime:0.002000s ]

[ 2016-04-05T14:37:33+08:00 ] 10.10.24.237 /index.php/home/staff/boundwx?mid=5&store_id=11
INFO: [ app_init ] --START--
INFO: Run Behavior\BuildLiteBehavior [ RunTime:0.000000s ]
INFO: [ app_init ] --END-- [ RunTime:0.001000s ]

[ 2016-04-05T14:37:34+08:00 ] 10.10.24.237 /
INFO: [ app_init ] --START--
INFO: Run Behavior\BuildLiteBehavior [ RunTime:0.000000s ]
INFO: [ app_init ] --END-- [ RunTime:0.001000s ]

[ 2016-04-05T14:37:35+08:00 ] 10.10.24.237 /index.php/home/staff/boundwx?mid=5&store_id=11&code=04188fbc5ae0d14a38d765b93a18ab2n&state=wxpay
INFO: [ app_init ] --START--
INFO: Run Behavior\BuildLiteBehavior [ RunTime:0.000000s ]
INFO: [ app_init ] --END-- [ RunTime:0.001000s ]

[ 2016-04-05T14:37:37+08:00 ] 10.10.24.237 /index.php/home/staff/sign
INFO: [ app_init ] --START--
INFO: Run Behavior\BuildLiteBehavior [ RunTime:0.000000s ]
INFO: [ app_init ] --END-- [ RunTime:0.001000s ]

[ 2016-04-05T14:37:45+08:00 ] 10.10.24.237 /index.php/home/staff/signout
INFO: [ app_init ] --START--
INFO: Run Behavior\BuildLiteBehavior [ RunTime:0.000000s ]
INFO: [ app_init ] --END-- [ RunTime:0.001000s ]

[ 2016-04-05T14:37:50+08:00 ] 10.10.24.237 /index.php/home/staff/sign
INFO: [ app_init ] --START--
INFO: Run Behavior\BuildLiteBehavior [ RunTime:0.000000s ]
INFO: [ app_init ] --END-- [ RunTime:0.001000s ]

[ 2016-04-05T14:38:20+08:00 ] 10.10.24.237 /index.php/home/staff/signout
INFO: [ app_init ] --START--
INFO: Run Behavior\BuildLiteBehavior [ RunTime:0.000000s ]
INFO: [ app_init ] --END-- [ RunTime:0.001000s ]

[ 2016-04-05T14:38:43+08:00 ] 10.10.24.237 /index.php/home/staff/storestatistics
INFO: [ app_init ] --START--
INFO: Run Behavior\BuildLiteBehavior [ RunTime:0.000000s ]
INFO: [ app_init ] --END-- [ RunTime:0.000000s ]

[ 2016-04-05T14:38:45+08:00 ] 10.10.24.237 /index.php/home/staff/storeStatistics
INFO: [ app_init ] --START--
INFO: Run Behavior\BuildLiteBehavior [ RunTime:0.000000s ]
INFO: [ app_init ] --END-- [ RunTime:0.001000s ]
INFO: [ app_begin ] --START--
INFO: Run Behavior\ReadHtmlCacheBehavior [ RunTime:0.002001s ]
INFO: [ app_begin ] --END-- [ RunTime:0.002001s ]
SQL: SHOW COLUMNS FROM `tgyx_order` [ RunTime:0.0020s ]
SQL: SELECT `id`,`order_no`,`total_fee`,`time_end` FROM `tgyx_order` WHERE ( 1=1 AND is_pay=1 AND store_id=11 ) ORDER BY id desc LIMIT 0,10   [ RunTime:0.0010s ]

[ 2016-04-05T14:38:49+08:00 ] 10.10.24.237 /index.php/home/staff/storeStatistics
INFO: [ app_init ] --START--
INFO: Run Behavior\BuildLiteBehavior [ RunTime:0.000000s ]
INFO: [ app_init ] --END-- [ RunTime:0.001000s ]
INFO: [ app_begin ] --START--
INFO: Run Behavior\ReadHtmlCacheBehavior [ RunTime:0.001001s ]
INFO: [ app_begin ] --END-- [ RunTime:0.001001s ]
SQL: SHOW COLUMNS FROM `tgyx_order` [ RunTime:0.0080s ]
SQL: SELECT `id`,`order_no`,`total_fee`,`time_end` FROM `tgyx_order` WHERE ( 1=1 AND is_pay=1 AND store_id=11 ) ORDER BY id desc LIMIT 10,10   [ RunTime:0.0020s ]

[ 2016-04-05T14:46:46+08:00 ] ::1 /index.php/Home/Index/logout
INFO: [ app_init ] --START--
INFO: Run Behavior\BuildLiteBehavior [ RunTime:0.000000s ]
INFO: [ app_init ] --END-- [ RunTime:0.001000s ]

[ 2016-04-05T14:46:46+08:00 ] ::1 /index.php/home/index/login.html
INFO: [ app_init ] --START--
INFO: Run Behavior\BuildLiteBehavior [ RunTime:0.000000s ]
INFO: [ app_init ] --END-- [ RunTime:0.000000s ]

[ 2016-04-05T14:46:47+08:00 ] ::1 /index.php/home/index/verify
INFO: [ app_init ] --START--
INFO: Run Behavior\BuildLiteBehavior [ RunTime:0.000000s ]
INFO: [ app_init ] --END-- [ RunTime:0.000000s ]

[ 2016-04-05T14:47:07+08:00 ] ::1 /index.php/home/index/login.html
INFO: [ app_init ] --START--
INFO: Run Behavior\BuildLiteBehavior [ RunTime:0.000000s ]
INFO: [ app_init ] --END-- [ RunTime:0.000000s ]

[ 2016-04-05T14:47:08+08:00 ] ::1 /index.php/home/index/verify
INFO: [ app_init ] --START--
INFO: Run Behavior\BuildLiteBehavior [ RunTime:0.000000s ]
INFO: [ app_init ] --END-- [ RunTime:0.000000s ]

[ 2016-04-05T14:47:28+08:00 ] ::1 /index.php/home/index/login.html
INFO: [ app_init ] --START--
INFO: Run Behavior\BuildLiteBehavior [ RunTime:0.000000s ]
INFO: [ app_init ] --END-- [ RunTime:0.001001s ]

[ 2016-04-05T14:47:28+08:00 ] ::1 /index.php/home/index/verify
INFO: [ app_init ] --START--
INFO: Run Behavior\BuildLiteBehavior [ RunTime:0.000000s ]
INFO: [ app_init ] --END-- [ RunTime:0.000000s ]

[ 2016-04-05T14:47:59+08:00 ] ::1 /index.php/home/index/login.html
INFO: [ app_init ] --START--
INFO: Run Behavior\BuildLiteBehavior [ RunTime:0.000000s ]
INFO: [ app_init ] --END-- [ RunTime:0.001001s ]

[ 2016-04-05T14:47:59+08:00 ] ::1 /index.php/home/index/verify
INFO: [ app_init ] --START--
INFO: Run Behavior\BuildLiteBehavior [ RunTime:0.000000s ]
INFO: [ app_init ] --END-- [ RunTime:0.001000s ]

[ 2016-04-05T14:48:29+08:00 ] ::1 /index.php/home/index/login.html
INFO: [ app_init ] --START--
INFO: Run Behavior\BuildLiteBehavior [ RunTime:0.000000s ]
INFO: [ app_init ] --END-- [ RunTime:0.001000s ]

[ 2016-04-05T14:48:30+08:00 ] ::1 /index.php/home/index/verify
INFO: [ app_init ] --START--
INFO: Run Behavior\BuildLiteBehavior [ RunTime:0.000000s ]
INFO: [ app_init ] --END-- [ RunTime:0.001000s ]

[ 2016-04-05T14:48:46+08:00 ] ::1 /index.php/home/index/login
INFO: [ app_init ] --START--
INFO: Run Behavior\BuildLiteBehavior [ RunTime:0.000000s ]
INFO: [ app_init ] --END-- [ RunTime:0.000000s ]

[ 2016-04-05T14:59:42+08:00 ] ::1 /index.php/Home/Index/logout
INFO: [ app_init ] --START--
INFO: Run Behavior\BuildLiteBehavior [ RunTime:0.000000s ]
INFO: [ app_init ] --END-- [ RunTime:0.001000s ]
INFO: [ app_begin ] --START--
INFO: Run Behavior\ReadHtmlCacheBehavior [ RunTime:0.001000s ]
INFO: [ app_begin ] --END-- [ RunTime:0.001000s ]

[ 2016-04-05T14:59:42+08:00 ] ::1 /index.php/home/index/login.html
INFO: [ app_init ] --START--
INFO: Run Behavior\BuildLiteBehavior [ RunTime:0.000000s ]
INFO: [ app_init ] --END-- [ RunTime:0.001000s ]
INFO: [ app_begin ] --START--
INFO: Run Behavior\ReadHtmlCacheBehavior [ RunTime:0.000000s ]
INFO: [ app_begin ] --END-- [ RunTime:0.000000s ]
INFO: [ view_parse ] --START--
INFO: [ template_filter ] --START--
INFO: Run Behavior\ContentReplaceBehavior [ RunTime:0.000000s ]
INFO: [ template_filter ] --END-- [ RunTime:0.001000s ]
INFO: Run Behavior\ParseTemplateBehavior [ RunTime:0.007000s ]
INFO: [ view_parse ] --END-- [ RunTime:0.007000s ]
INFO: [ view_filter ] --START--
INFO: Run Behavior\WriteHtmlCacheBehavior [ RunTime:0.000000s ]
INFO: [ view_filter ] --END-- [ RunTime:0.000000s ]
INFO: [ app_end ] --START--
INFO: Run Behavior\ShowPageTraceBehavior [ RunTime:0.001000s ]
INFO: [ app_end ] --END-- [ RunTime:0.001000s ]

[ 2016-04-05T14:59:42+08:00 ] ::1 /index.php/home/index/verify
INFO: [ app_init ] --START--
INFO: Run Behavior\BuildLiteBehavior [ RunTime:0.000000s ]
INFO: [ app_init ] --END-- [ RunTime:0.000000s ]
INFO: [ app_begin ] --START--
INFO: Run Behavior\ReadHtmlCacheBehavior [ RunTime:0.000000s ]
INFO: [ app_begin ] --END-- [ RunTime:0.000000s ]
INFO: [ app_end ] --START--
INFO: Run Behavior\ShowPageTraceBehavior [ RunTime:0.000000s ]
INFO: [ app_end ] --END-- [ RunTime:0.000000s ]

[ 2016-04-05T14:59:53+08:00 ] ::1 /index.php/home/index/login
INFO: [ app_init ] --START--
INFO: Run Behavior\BuildLiteBehavior [ RunTime:0.000000s ]
INFO: [ app_init ] --END-- [ RunTime:0.001000s ]
INFO: [ app_begin ] --START--
INFO: Run Behavior\ReadHtmlCacheBehavior [ RunTime:0.001000s ]
INFO: [ app_begin ] --END-- [ RunTime:0.001000s ]
SQL: SHOW COLUMNS FROM `tgyx_merchant` [ RunTime:0.0060s ]
SQL: SELECT * FROM `tgyx_merchant` WHERE ( username='admin' ) LIMIT 1   [ RunTime:0.0020s ]
INFO: [ view_parse ] --START--
INFO: [ template_filter ] --START--
INFO: Run Behavior\ContentReplaceBehavior [ RunTime:0.000000s ]
INFO: [ template_filter ] --END-- [ RunTime:0.000000s ]
INFO: Run Behavior\ParseTemplateBehavior [ RunTime:0.015000s ]
INFO: [ view_parse ] --END-- [ RunTime:0.015000s ]
INFO: [ view_filter ] --START--
INFO: Run Behavior\WriteHtmlCacheBehavior [ RunTime:0.001000s ]
INFO: [ view_filter ] --END-- [ RunTime:0.001000s ]

[ 2016-04-05T15:00:45+08:00 ] ::1 /index.php/Home/Index/logout
INFO: [ app_init ] --START--
INFO: Run Behavior\BuildLiteBehavior [ RunTime:0.000000s ]
INFO: [ app_init ] --END-- [ RunTime:0.001000s ]
INFO: [ app_begin ] --START--
INFO: Run Behavior\ReadHtmlCacheBehavior [ RunTime:0.001000s ]
INFO: [ app_begin ] --END-- [ RunTime:0.001000s ]

[ 2016-04-05T15:00:45+08:00 ] ::1 /index.php/home/index/login.html
INFO: [ app_init ] --START--
INFO: Run Behavior\BuildLiteBehavior [ RunTime:0.000000s ]
INFO: [ app_init ] --END-- [ RunTime:0.001000s ]
INFO: [ app_begin ] --START--
INFO: Run Behavior\ReadHtmlCacheBehavior [ RunTime:0.001000s ]
INFO: [ app_begin ] --END-- [ RunTime:0.001000s ]
INFO: [ view_parse ] --START--
INFO: [ template_filter ] --START--
INFO: Run Behavior\ContentReplaceBehavior [ RunTime:0.000000s ]
INFO: [ template_filter ] --END-- [ RunTime:0.000000s ]
INFO: Run Behavior\ParseTemplateBehavior [ RunTime:0.005000s ]
INFO: [ view_parse ] --END-- [ RunTime:0.005000s ]
INFO: [ view_filter ] --START--
INFO: Run Behavior\WriteHtmlCacheBehavior [ RunTime:0.000000s ]
INFO: [ view_filter ] --END-- [ RunTime:0.000000s ]
INFO: [ app_end ] --START--
INFO: Run Behavior\ShowPageTraceBehavior [ RunTime:0.001000s ]
INFO: [ app_end ] --END-- [ RunTime:0.001000s ]

[ 2016-04-05T15:00:46+08:00 ] ::1 /index.php/home/index/verify
INFO: [ app_init ] --START--
INFO: Run Behavior\BuildLiteBehavior [ RunTime:0.000000s ]
INFO: [ app_init ] --END-- [ RunTime:0.001000s ]
INFO: [ app_begin ] --START--
INFO: Run Behavior\ReadHtmlCacheBehavior [ RunTime:0.001000s ]
INFO: [ app_begin ] --END-- [ RunTime:0.001000s ]
INFO: [ app_end ] --START--
INFO: Run Behavior\ShowPageTraceBehavior [ RunTime:0.001001s ]
INFO: [ app_end ] --END-- [ RunTime:0.001001s ]

[ 2016-04-05T15:00:51+08:00 ] ::1 /index.php/home/index/login
INFO: [ app_init ] --START--
INFO: Run Behavior\BuildLiteBehavior [ RunTime:0.000000s ]
INFO: [ app_init ] --END-- [ RunTime:0.000000s ]
INFO: [ app_begin ] --START--
INFO: Run Behavior\ReadHtmlCacheBehavior [ RunTime:0.001000s ]
INFO: [ app_begin ] --END-- [ RunTime:0.001000s ]
INFO: [ view_parse ] --START--
INFO: [ template_filter ] --START--
INFO: Run Behavior\ContentReplaceBehavior [ RunTime:0.000000s ]
INFO: [ template_filter ] --END-- [ RunTime:0.000000s ]
INFO: Run Behavior\ParseTemplateBehavior [ RunTime:0.004000s ]
INFO: [ view_parse ] --END-- [ RunTime:0.004000s ]
INFO: [ view_filter ] --START--
INFO: Run Behavior\WriteHtmlCacheBehavior [ RunTime:0.001000s ]
INFO: [ view_filter ] --END-- [ RunTime:0.001000s ]

[ 2016-04-05T15:00:54+08:00 ] ::1 /index.php/home/index/login
INFO: [ app_init ] --START--
INFO: Run Behavior\BuildLiteBehavior [ RunTime:0.000000s ]
INFO: [ app_init ] --END-- [ RunTime:0.001000s ]
INFO: [ app_begin ] --START--
INFO: Run Behavior\ReadHtmlCacheBehavior [ RunTime:0.001000s ]
INFO: [ app_begin ] --END-- [ RunTime:0.001000s ]
INFO: [ view_parse ] --START--
INFO: [ template_filter ] --START--
INFO: Run Behavior\ContentReplaceBehavior [ RunTime:0.000000s ]
INFO: [ template_filter ] --END-- [ RunTime:0.000000s ]
INFO: Run Behavior\ParseTemplateBehavior [ RunTime:0.004000s ]
INFO: [ view_parse ] --END-- [ RunTime:0.004000s ]
INFO: [ view_filter ] --START--
INFO: Run Behavior\WriteHtmlCacheBehavior [ RunTime:0.000000s ]
INFO: [ view_filter ] --END-- [ RunTime:0.000000s ]
INFO: [ app_end ] --START--
INFO: Run Behavior\ShowPageTraceBehavior [ RunTime:0.000000s ]
INFO: [ app_end ] --END-- [ RunTime:0.000000s ]

[ 2016-04-05T15:00:55+08:00 ] ::1 /index.php/home/index/verify
INFO: [ app_init ] --START--
INFO: Run Behavior\BuildLiteBehavior [ RunTime:0.000000s ]
INFO: [ app_init ] --END-- [ RunTime:0.001000s ]
INFO: [ app_begin ] --START--
INFO: Run Behavior\ReadHtmlCacheBehavior [ RunTime:0.001001s ]
INFO: [ app_begin ] --END-- [ RunTime:0.001001s ]
INFO: [ app_end ] --START--
INFO: Run Behavior\ShowPageTraceBehavior [ RunTime:0.001000s ]
INFO: [ app_end ] --END-- [ RunTime:0.001000s ]

[ 2016-04-05T15:01:02+08:00 ] ::1 /index.php/home/index/login
INFO: [ app_init ] --START--
INFO: Run Behavior\BuildLiteBehavior [ RunTime:0.000000s ]
INFO: [ app_init ] --END-- [ RunTime:0.000000s ]
INFO: [ app_begin ] --START--
INFO: Run Behavior\ReadHtmlCacheBehavior [ RunTime:0.001000s ]
INFO: [ app_begin ] --END-- [ RunTime:0.001000s ]
SQL: SHOW COLUMNS FROM `tgyx_merchant` [ RunTime:0.0070s ]
SQL: SELECT * FROM `tgyx_merchant` WHERE ( username='admin' ) LIMIT 1   [ RunTime:0.0020s ]
INFO: [ view_parse ] --START--
INFO: [ template_filter ] --START--
INFO: Run Behavior\ContentReplaceBehavior [ RunTime:0.001000s ]
INFO: [ template_filter ] --END-- [ RunTime:0.001000s ]
INFO: Run Behavior\ParseTemplateBehavior [ RunTime:0.015001s ]
INFO: [ view_parse ] --END-- [ RunTime:0.015001s ]
INFO: [ view_filter ] --START--
INFO: Run Behavior\WriteHtmlCacheBehavior [ RunTime:0.001000s ]
INFO: [ view_filter ] --END-- [ RunTime:0.001000s ]

[ 2016-04-05T15:01:39+08:00 ] 10.10.24.237 /
INFO: [ app_init ] --START--
INFO: Run Behavior\BuildLiteBehavior [ RunTime:0.000000s ]
INFO: [ app_init ] --END-- [ RunTime:0.000000s ]
INFO: [ app_begin ] --START--
INFO: Run Behavior\ReadHtmlCacheBehavior [ RunTime:0.001000s ]
INFO: [ app_begin ] --END-- [ RunTime:0.001000s ]
INFO: [ view_parse ] --START--
INFO: [ template_filter ] --START--
INFO: Run Behavior\ContentReplaceBehavior [ RunTime:0.000000s ]
INFO: [ template_filter ] --END-- [ RunTime:0.001000s ]
INFO: Run Behavior\ParseTemplateBehavior [ RunTime:0.004000s ]
INFO: [ view_parse ] --END-- [ RunTime:0.004000s ]
INFO: [ view_filter ] --START--
INFO: Run Behavior\WriteHtmlCacheBehavior [ RunTime:0.001000s ]
INFO: [ view_filter ] --END-- [ RunTime:0.001000s ]
INFO: [ app_end ] --START--
INFO: Run Behavior\ShowPageTraceBehavior [ RunTime:0.000000s ]
INFO: [ app_end ] --END-- [ RunTime:0.000000s ]

[ 2016-04-05T15:01:42+08:00 ] 10.10.24.237 /Index.php/Home/Index/login
INFO: [ app_init ] --START--
INFO: Run Behavior\BuildLiteBehavior [ RunTime:0.000000s ]
INFO: [ app_init ] --END-- [ RunTime:0.001000s ]
INFO: [ app_begin ] --START--
INFO: Run Behavior\ReadHtmlCacheBehavior [ RunTime:0.001000s ]
INFO: [ app_begin ] --END-- [ RunTime:0.001000s ]
INFO: [ view_parse ] --START--
INFO: [ template_filter ] --START--
INFO: Run Behavior\ContentReplaceBehavior [ RunTime:0.000000s ]
INFO: [ template_filter ] --END-- [ RunTime:0.000000s ]
INFO: Run Behavior\ParseTemplateBehavior [ RunTime:0.008000s ]
INFO: [ view_parse ] --END-- [ RunTime:0.008000s ]
INFO: [ view_filter ] --START--
INFO: Run Behavior\WriteHtmlCacheBehavior [ RunTime:0.000000s ]
INFO: [ view_filter ] --END-- [ RunTime:0.000000s ]
INFO: [ app_end ] --START--
INFO: Run Behavior\ShowPageTraceBehavior [ RunTime:0.001000s ]
INFO: [ app_end ] --END-- [ RunTime:0.001000s ]

[ 2016-04-05T15:01:43+08:00 ] 10.10.24.237 /Index.php/home/index/verify
INFO: [ app_init ] --START--
INFO: Run Behavior\BuildLiteBehavior [ RunTime:0.000000s ]
INFO: [ app_init ] --END-- [ RunTime:0.001000s ]
INFO: [ app_begin ] --START--
INFO: Run Behavior\ReadHtmlCacheBehavior [ RunTime:0.000000s ]
INFO: [ app_begin ] --END-- [ RunTime:0.000000s ]
INFO: [ app_end ] --START--
INFO: Run Behavior\ShowPageTraceBehavior [ RunTime:0.000000s ]
INFO: [ app_end ] --END-- [ RunTime:0.000000s ]

[ 2016-04-05T15:04:50+08:00 ] 10.10.24.237 /Index.php/Home/Index/login
INFO: [ app_init ] --START--
INFO: Run Behavior\BuildLiteBehavior [ RunTime:0.000000s ]
INFO: [ app_init ] --END-- [ RunTime:0.000000s ]
INFO: [ app_begin ] --START--
INFO: Run Behavior\ReadHtmlCacheBehavior [ RunTime:0.001000s ]
INFO: [ app_begin ] --END-- [ RunTime:0.001000s ]
INFO: [ view_parse ] --START--
INFO: [ template_filter ] --START--
INFO: Run Behavior\ContentReplaceBehavior [ RunTime:0.000000s ]
INFO: [ template_filter ] --END-- [ RunTime:0.000000s ]
INFO: Run Behavior\ParseTemplateBehavior [ RunTime:0.007000s ]
INFO: [ view_parse ] --END-- [ RunTime:0.008000s ]
INFO: [ view_filter ] --START--
INFO: Run Behavior\WriteHtmlCacheBehavior [ RunTime:0.000000s ]
INFO: [ view_filter ] --END-- [ RunTime:0.000000s ]
INFO: [ app_end ] --START--
INFO: Run Behavior\ShowPageTraceBehavior [ RunTime:0.001000s ]
INFO: [ app_end ] --END-- [ RunTime:0.001000s ]

[ 2016-04-05T15:04:50+08:00 ] 10.10.24.237 /Index.php/home/index/verify
INFO: [ app_init ] --START--
INFO: Run Behavior\BuildLiteBehavior [ RunTime:0.000000s ]
INFO: [ app_init ] --END-- [ RunTime:0.001001s ]
INFO: [ app_begin ] --START--
INFO: Run Behavior\ReadHtmlCacheBehavior [ RunTime:0.001000s ]
INFO: [ app_begin ] --END-- [ RunTime:0.001000s ]
INFO: [ app_end ] --START--
INFO: Run Behavior\ShowPageTraceBehavior [ RunTime:0.000000s ]
INFO: [ app_end ] --END-- [ RunTime:0.001000s ]

[ 2016-04-05T15:04:58+08:00 ] 10.10.24.237 /Index.php/Home/Index/login
INFO: [ app_init ] --START--
INFO: Run Behavior\BuildLiteBehavior [ RunTime:0.000000s ]
INFO: [ app_init ] --END-- [ RunTime:0.001000s ]
INFO: [ app_begin ] --START--
INFO: Run Behavior\ReadHtmlCacheBehavior [ RunTime:0.001000s ]
INFO: [ app_begin ] --END-- [ RunTime:0.001000s ]
INFO: [ view_parse ] --START--
INFO: [ template_filter ] --START--
INFO: Run Behavior\ContentReplaceBehavior [ RunTime:0.000000s ]
INFO: [ template_filter ] --END-- [ RunTime:0.000000s ]
INFO: Run Behavior\ParseTemplateBehavior [ RunTime:0.006000s ]
INFO: [ view_parse ] --END-- [ RunTime:0.006000s ]
INFO: [ view_filter ] --START--
INFO: Run Behavior\WriteHtmlCacheBehavior [ RunTime:0.001000s ]
INFO: [ view_filter ] --END-- [ RunTime:0.001000s ]
INFO: [ app_end ] --START--
INFO: Run Behavior\ShowPageTraceBehavior [ RunTime:0.000000s ]
INFO: [ app_end ] --END-- [ RunTime:0.000000s ]

[ 2016-04-05T15:04:58+08:00 ] 10.10.24.237 /Index.php/Home/Index/login
INFO: [ app_init ] --START--
INFO: Run Behavior\BuildLiteBehavior [ RunTime:0.000000s ]
INFO: [ app_init ] --END-- [ RunTime:0.000000s ]
INFO: [ app_begin ] --START--
INFO: Run Behavior\ReadHtmlCacheBehavior [ RunTime:0.001000s ]
INFO: [ app_begin ] --END-- [ RunTime:0.001000s ]
INFO: [ view_parse ] --START--
INFO: [ template_filter ] --START--
INFO: Run Behavior\ContentReplaceBehavior [ RunTime:0.000000s ]
INFO: [ template_filter ] --END-- [ RunTime:0.000000s ]
INFO: Run Behavior\ParseTemplateBehavior [ RunTime:0.007000s ]
INFO: [ view_parse ] --END-- [ RunTime:0.007000s ]
INFO: [ view_filter ] --START--
INFO: Run Behavior\WriteHtmlCacheBehavior [ RunTime:0.001000s ]
INFO: [ view_filter ] --END-- [ RunTime:0.001000s ]
INFO: [ app_end ] --START--
INFO: Run Behavior\ShowPageTraceBehavior [ RunTime:0.001000s ]
INFO: [ app_end ] --END-- [ RunTime:0.001000s ]

[ 2016-04-05T15:04:58+08:00 ] 10.10.24.237 /Index.php/Home/Index/login
INFO: [ app_init ] --START--
INFO: Run Behavior\BuildLiteBehavior [ RunTime:0.000000s ]
INFO: [ app_init ] --END-- [ RunTime:0.001000s ]
INFO: [ app_begin ] --START--
INFO: Run Behavior\ReadHtmlCacheBehavior [ RunTime:0.000000s ]
INFO: [ app_begin ] --END-- [ RunTime:0.001000s ]
INFO: [ view_parse ] --START--
INFO: [ template_filter ] --START--
INFO: Run Behavior\ContentReplaceBehavior [ RunTime:0.000000s ]
INFO: [ template_filter ] --END-- [ RunTime:0.001000s ]
INFO: Run Behavior\ParseTemplateBehavior [ RunTime:0.007000s ]
INFO: [ view_parse ] --END-- [ RunTime:0.007000s ]
INFO: [ view_filter ] --START--
INFO: Run Behavior\WriteHtmlCacheBehavior [ RunTime:0.000000s ]
INFO: [ view_filter ] --END-- [ RunTime:0.000000s ]
INFO: [ app_end ] --START--
INFO: Run Behavior\ShowPageTraceBehavior [ RunTime:0.001001s ]
INFO: [ app_end ] --END-- [ RunTime:0.001001s ]

[ 2016-04-05T15:04:59+08:00 ] 10.10.24.237 /Index.php/Home/Index/login
INFO: [ app_init ] --START--
INFO: Run Behavior\BuildLiteBehavior [ RunTime:0.000000s ]
INFO: [ app_init ] --END-- [ RunTime:0.001000s ]
INFO: [ app_begin ] --START--
INFO: Run Behavior\ReadHtmlCacheBehavior [ RunTime:0.002000s ]
INFO: [ app_begin ] --END-- [ RunTime:0.002000s ]
INFO: [ view_parse ] --START--
INFO: [ template_filter ] --START--
INFO: Run Behavior\ContentReplaceBehavior [ RunTime:0.001000s ]
INFO: [ template_filter ] --END-- [ RunTime:0.001000s ]
INFO: Run Behavior\ParseTemplateBehavior [ RunTime:0.017001s ]
INFO: [ view_parse ] --END-- [ RunTime:0.017001s ]
INFO: [ view_filter ] --START--
INFO: Run Behavior\WriteHtmlCacheBehavior [ RunTime:0.001000s ]
INFO: [ view_filter ] --END-- [ RunTime:0.001000s ]
INFO: [ app_end ] --START--
INFO: Run Behavior\ShowPageTraceBehavior [ RunTime:0.002001s ]
INFO: [ app_end ] --END-- [ RunTime:0.002001s ]

[ 2016-04-05T15:11:24+08:00 ] 10.10.24.237 /Index.php/Home/Index/login
INFO: [ app_init ] --START--
INFO: Run Behavior\BuildLiteBehavior [ RunTime:0.000000s ]
INFO: [ app_init ] --END-- [ RunTime:0.000000s ]
INFO: [ app_begin ] --START--
INFO: Run Behavior\ReadHtmlCacheBehavior [ RunTime:0.001000s ]
INFO: [ app_begin ] --END-- [ RunTime:0.001000s ]
INFO: [ view_parse ] --START--
INFO: [ template_filter ] --START--
INFO: Run Behavior\ContentReplaceBehavior [ RunTime:0.000000s ]
INFO: [ template_filter ] --END-- [ RunTime:0.000000s ]
INFO: Run Behavior\ParseTemplateBehavior [ RunTime:0.004000s ]
INFO: [ view_parse ] --END-- [ RunTime:0.005000s ]
INFO: [ view_filter ] --START--
INFO: Run Behavior\WriteHtmlCacheBehavior [ RunTime:0.000000s ]
INFO: [ view_filter ] --END-- [ RunTime:0.000000s ]
INFO: [ app_end ] --START--
INFO: Run Behavior\ShowPageTraceBehavior [ RunTime:0.001000s ]
INFO: [ app_end ] --END-- [ RunTime:0.001000s ]

[ 2016-04-05T15:11:25+08:00 ] 10.10.24.237 /Index.php/home/index/verify
INFO: [ app_init ] --START--
INFO: Run Behavior\BuildLiteBehavior [ RunTime:0.000000s ]
INFO: [ app_init ] --END-- [ RunTime:0.001000s ]
INFO: [ app_begin ] --START--
INFO: Run Behavior\ReadHtmlCacheBehavior [ RunTime:0.002000s ]
INFO: [ app_begin ] --END-- [ RunTime:0.002000s ]
INFO: [ app_end ] --START--
INFO: Run Behavior\ShowPageTraceBehavior [ RunTime:0.001000s ]
INFO: [ app_end ] --END-- [ RunTime:0.001000s ]

[ 2016-04-05T15:11:54+08:00 ] 10.10.24.237 /Index.php/home/index/login
INFO: [ app_init ] --START--
INFO: Run Behavior\BuildLiteBehavior [ RunTime:0.000000s ]
INFO: [ app_init ] --END-- [ RunTime:0.001000s ]
INFO: [ app_begin ] --START--
INFO: Run Behavior\ReadHtmlCacheBehavior [ RunTime:0.001000s ]
INFO: [ app_begin ] --END-- [ RunTime:0.001000s ]
SQL: SHOW COLUMNS FROM `tgyx_merchant` [ RunTime:0.0050s ]
SQL: SELECT * FROM `tgyx_merchant` WHERE ( username='admin' ) LIMIT 1   [ RunTime:0.0020s ]
INFO: [ view_parse ] --START--
INFO: [ template_filter ] --START--
INFO: Run Behavior\ContentReplaceBehavior [ RunTime:0.001000s ]
INFO: [ template_filter ] --END-- [ RunTime:0.001000s ]
INFO: Run Behavior\ParseTemplateBehavior [ RunTime:0.008001s ]
INFO: [ view_parse ] --END-- [ RunTime:0.008001s ]
INFO: [ view_filter ] --START--
INFO: Run Behavior\WriteHtmlCacheBehavior [ RunTime:0.000000s ]
INFO: [ view_filter ] --END-- [ RunTime:0.000000s ]

[ 2016-04-05T15:16:59+08:00 ] 10.10.24.237 /Index.php/Home/Index/login
INFO: [ app_init ] --START--
INFO: Run Behavior\BuildLiteBehavior [ RunTime:0.000000s ]
INFO: [ app_init ] --END-- [ RunTime:0.001000s ]
INFO: [ app_begin ] --START--
INFO: Run Behavior\ReadHtmlCacheBehavior [ RunTime:0.001000s ]
INFO: [ app_begin ] --END-- [ RunTime:0.001000s ]
INFO: [ view_parse ] --START--
INFO: [ template_filter ] --START--
INFO: Run Behavior\ContentReplaceBehavior [ RunTime:0.000000s ]
INFO: [ template_filter ] --END-- [ RunTime:0.000000s ]
INFO: Run Behavior\ParseTemplateBehavior [ RunTime:0.007001s ]
INFO: [ view_parse ] --END-- [ RunTime:0.007001s ]
INFO: [ view_filter ] --START--
INFO: Run Behavior\WriteHtmlCacheBehavior [ RunTime:0.001000s ]
INFO: [ view_filter ] --END-- [ RunTime:0.001000s ]
INFO: [ app_end ] --START--
INFO: Run Behavior\ShowPageTraceBehavior [ RunTime:0.001000s ]
INFO: [ app_end ] --END-- [ RunTime:0.001000s ]

[ 2016-04-05T15:16:59+08:00 ] 10.10.24.237 /
INFO: [ app_init ] --START--
INFO: Run Behavior\BuildLiteBehavior [ RunTime:0.000000s ]
INFO: [ app_init ] --END-- [ RunTime:0.000000s ]
INFO: [ app_begin ] --START--
INFO: Run Behavior\ReadHtmlCacheBehavior [ RunTime:0.001000s ]
INFO: [ app_begin ] --END-- [ RunTime:0.001000s ]
INFO: [ view_parse ] --START--
INFO: [ template_filter ] --START--
INFO: Run Behavior\ContentReplaceBehavior [ RunTime:0.000000s ]
INFO: [ template_filter ] --END-- [ RunTime:0.000000s ]
INFO: Run Behavior\ParseTemplateBehavior [ RunTime:0.008000s ]
INFO: [ view_parse ] --END-- [ RunTime:0.008000s ]
INFO: [ view_filter ] --START--
INFO: Run Behavior\WriteHtmlCacheBehavior [ RunTime:0.001000s ]
INFO: [ view_filter ] --END-- [ RunTime:0.001000s ]
INFO: [ app_end ] --START--
INFO: Run Behavior\ShowPageTraceBehavior [ RunTime:0.001000s ]
INFO: [ app_end ] --END-- [ RunTime:0.001000s ]

[ 2016-04-05T15:17:00+08:00 ] 10.10.24.237 /Index.php/home/index/verify
INFO: [ app_init ] --START--
INFO: Run Behavior\BuildLiteBehavior [ RunTime:0.000000s ]
INFO: [ app_init ] --END-- [ RunTime:0.001000s ]
INFO: [ app_begin ] --START--
INFO: Run Behavior\ReadHtmlCacheBehavior [ RunTime:0.001000s ]
INFO: [ app_begin ] --END-- [ RunTime:0.001000s ]
INFO: [ app_end ] --START--
INFO: Run Behavior\ShowPageTraceBehavior [ RunTime:0.000000s ]
INFO: [ app_end ] --END-- [ RunTime:0.001000s ]

[ 2016-04-05T15:17:17+08:00 ] 10.10.24.237 /Index.php/home/index/login
INFO: [ app_init ] --START--
INFO: Run Behavior\BuildLiteBehavior [ RunTime:0.000000s ]
INFO: [ app_init ] --END-- [ RunTime:0.001000s ]
INFO: [ app_begin ] --START--
INFO: Run Behavior\ReadHtmlCacheBehavior [ RunTime:0.001000s ]
INFO: [ app_begin ] --END-- [ RunTime:0.001000s ]
SQL: SHOW COLUMNS FROM `tgyx_merchant` [ RunTime:0.0070s ]
SQL: SELECT * FROM `tgyx_merchant` WHERE ( username='admin' ) LIMIT 1   [ RunTime:0.0020s ]
INFO: [ view_parse ] --START--
INFO: [ template_filter ] --START--
INFO: Run Behavior\ContentReplaceBehavior [ RunTime:0.000000s ]
INFO: [ template_filter ] --END-- [ RunTime:0.000000s ]
INFO: Run Behavior\ParseTemplateBehavior [ RunTime:0.013001s ]
INFO: [ view_parse ] --END-- [ RunTime:0.013001s ]
INFO: [ view_filter ] --START--
INFO: Run Behavior\WriteHtmlCacheBehavior [ RunTime:0.001000s ]
INFO: [ view_filter ] --END-- [ RunTime:0.001000s ]

[ 2016-04-05T15:24:01+08:00 ] 10.10.24.237 /Index.php/Home/Index/login
INFO: [ app_init ] --START--
INFO: Run Behavior\BuildLiteBehavior [ RunTime:0.000000s ]
INFO: [ app_init ] --END-- [ RunTime:0.001000s ]
INFO: [ app_begin ] --START--
INFO: Run Behavior\ReadHtmlCacheBehavior [ RunTime:0.001000s ]
INFO: [ app_begin ] --END-- [ RunTime:0.001000s ]
INFO: [ view_parse ] --START--
INFO: [ template_filter ] --START--
INFO: Run Behavior\ContentReplaceBehavior [ RunTime:0.000000s ]
INFO: [ template_filter ] --END-- [ RunTime:0.000000s ]
INFO: Run Behavior\ParseTemplateBehavior [ RunTime:0.007000s ]
INFO: [ view_parse ] --END-- [ RunTime:0.007000s ]
INFO: [ view_filter ] --START--
INFO: Run Behavior\WriteHtmlCacheBehavior [ RunTime:0.001000s ]
INFO: [ view_filter ] --END-- [ RunTime:0.001000s ]
INFO: [ app_end ] --START--
INFO: Run Behavior\ShowPageTraceBehavior [ RunTime:0.001000s ]
INFO: [ app_end ] --END-- [ RunTime:0.001000s ]

[ 2016-04-05T16:55:08+08:00 ] 10.10.24.237 /Index.php/Home/Index/login
INFO: [ app_init ] --START--
INFO: Run Behavior\BuildLiteBehavior [ RunTime:0.000000s ]
INFO: [ app_init ] --END-- [ RunTime:0.000000s ]
INFO: [ app_begin ] --START--
INFO: Run Behavior\ReadHtmlCacheBehavior [ RunTime:0.001000s ]
INFO: [ app_begin ] --END-- [ RunTime:0.001000s ]
INFO: [ view_parse ] --START--
INFO: [ template_filter ] --START--
INFO: Run Behavior\ContentReplaceBehavior [ RunTime:0.000000s ]
INFO: [ template_filter ] --END-- [ RunTime:0.000000s ]
INFO: Run Behavior\ParseTemplateBehavior [ RunTime:0.007000s ]
INFO: [ view_parse ] --END-- [ RunTime:0.007000s ]
INFO: [ view_filter ] --START--
INFO: Run Behavior\WriteHtmlCacheBehavior [ RunTime:0.001000s ]
INFO: [ view_filter ] --END-- [ RunTime:0.001000s ]
INFO: [ app_end ] --START--
INFO: Run Behavior\ShowPageTraceBehavior [ RunTime:0.000000s ]
INFO: [ app_end ] --END-- [ RunTime:0.000000s ]

[ 2016-04-05T16:55:08+08:00 ] 10.10.24.237 /Index.php/home/index/verify
INFO: [ app_init ] --START--
INFO: Run Behavior\BuildLiteBehavior [ RunTime:0.000000s ]
INFO: [ app_init ] --END-- [ RunTime:0.001000s ]
INFO: [ app_begin ] --START--
INFO: Run Behavior\ReadHtmlCacheBehavior [ RunTime:0.000000s ]
INFO: [ app_begin ] --END-- [ RunTime:0.000000s ]
INFO: [ app_end ] --START--
INFO: Run Behavior\ShowPageTraceBehavior [ RunTime:0.000000s ]
INFO: [ app_end ] --END-- [ RunTime:0.000000s ]

[ 2016-04-05T16:55:28+08:00 ] 10.10.24.237 /Index.php/home/index/login
INFO: [ app_init ] --START--
INFO: Run Behavior\BuildLiteBehavior [ RunTime:0.000000s ]
INFO: [ app_init ] --END-- [ RunTime:0.001000s ]
INFO: [ app_begin ] --START--
INFO: Run Behavior\ReadHtmlCacheBehavior [ RunTime:0.001000s ]
INFO: [ app_begin ] --END-- [ RunTime:0.001000s ]
SQL: SHOW COLUMNS FROM `tgyx_merchant` [ RunTime:0.0070s ]
SQL: SELECT * FROM `tgyx_merchant` WHERE ( username='admin' ) LIMIT 1   [ RunTime:0.0020s ]
INFO: [ view_parse ] --START--
INFO: [ template_filter ] --START--
INFO: Run Behavior\ContentReplaceBehavior [ RunTime:0.000000s ]
INFO: [ template_filter ] --END-- [ RunTime:0.000000s ]
INFO: Run Behavior\ParseTemplateBehavior [ RunTime:0.015001s ]
INFO: [ view_parse ] --END-- [ RunTime:0.015001s ]
INFO: [ view_filter ] --START--
INFO: Run Behavior\WriteHtmlCacheBehavior [ RunTime:0.001000s ]
INFO: [ view_filter ] --END-- [ RunTime:0.001000s ]

[ 2016-04-05T17:04:07+08:00 ] 10.10.24.237 /Index.php/Home/Index/login
INFO: [ app_init ] --START--
INFO: Run Behavior\BuildLiteBehavior [ RunTime:0.000000s ]
INFO: [ app_init ] --END-- [ RunTime:0.000000s ]
INFO: [ app_begin ] --START--
INFO: Run Behavior\ReadHtmlCacheBehavior [ RunTime:0.000000s ]
INFO: [ app_begin ] --END-- [ RunTime:0.000000s ]
INFO: [ view_parse ] --START--
INFO: [ template_filter ] --START--
INFO: Run Behavior\ContentReplaceBehavior [ RunTime:0.000000s ]
INFO: [ template_filter ] --END-- [ RunTime:0.000000s ]
INFO: Run Behavior\ParseTemplateBehavior [ RunTime:0.008001s ]
INFO: [ view_parse ] --END-- [ RunTime:0.008001s ]
INFO: [ view_filter ] --START--
INFO: Run Behavior\WriteHtmlCacheBehavior [ RunTime:0.000000s ]
INFO: [ view_filter ] --END-- [ RunTime:0.001000s ]
INFO: [ app_end ] --START--
INFO: Run Behavior\ShowPageTraceBehavior [ RunTime:0.000000s ]
INFO: [ app_end ] --END-- [ RunTime:0.000000s ]

[ 2016-04-05T17:04:07+08:00 ] 10.10.24.237 /Index.php/home/index/verify
INFO: [ app_init ] --START--
INFO: Run Behavior\BuildLiteBehavior [ RunTime:0.000000s ]
INFO: [ app_init ] --END-- [ RunTime:0.000000s ]
INFO: [ app_begin ] --START--
INFO: Run Behavior\ReadHtmlCacheBehavior [ RunTime:0.000000s ]
INFO: [ app_begin ] --END-- [ RunTime:0.000000s ]
INFO: [ app_end ] --START--
INFO: Run Behavior\ShowPageTraceBehavior [ RunTime:0.000000s ]
INFO: [ app_end ] --END-- [ RunTime:0.000000s ]

[ 2016-04-05T17:04:15+08:00 ] 10.10.24.237 /Index.php/home/index/login
INFO: [ app_init ] --START--
INFO: Run Behavior\BuildLiteBehavior [ RunTime:0.000000s ]
INFO: [ app_init ] --END-- [ RunTime:0.001000s ]
INFO: [ app_begin ] --START--
INFO: Run Behavior\ReadHtmlCacheBehavior [ RunTime:0.001000s ]
INFO: [ app_begin ] --END-- [ RunTime:0.001000s ]
SQL: SHOW COLUMNS FROM `tgyx_merchant` [ RunTime:0.0070s ]
SQL: SELECT * FROM `tgyx_merchant` WHERE ( username='admin' ) LIMIT 1   [ RunTime:0.0020s ]
INFO: [ view_parse ] --START--
INFO: [ template_filter ] --START--
INFO: Run Behavior\ContentReplaceBehavior [ RunTime:0.000000s ]
INFO: [ template_filter ] --END-- [ RunTime:0.000000s ]
INFO: Run Behavior\ParseTemplateBehavior [ RunTime:0.015001s ]
INFO: [ view_parse ] --END-- [ RunTime:0.015001s ]
INFO: [ view_filter ] --START--
INFO: Run Behavior\WriteHtmlCacheBehavior [ RunTime:0.001000s ]
INFO: [ view_filter ] --END-- [ RunTime:0.001000s ]

[ 2016-04-05T17:06:21+08:00 ] 10.10.24.237 /index.php/Home/Index/logout
INFO: [ app_init ] --START--
INFO: Run Behavior\BuildLiteBehavior [ RunTime:0.000000s ]
INFO: [ app_init ] --END-- [ RunTime:0.001000s ]
INFO: [ app_begin ] --START--
INFO: Run Behavior\ReadHtmlCacheBehavior [ RunTime:0.001000s ]
INFO: [ app_begin ] --END-- [ RunTime:0.001000s ]

[ 2016-04-05T17:06:21+08:00 ] 10.10.24.237 /index.php/home/index/login.html
INFO: [ app_init ] --START--
INFO: Run Behavior\BuildLiteBehavior [ RunTime:0.000000s ]
INFO: [ app_init ] --END-- [ RunTime:0.002000s ]
INFO: [ app_begin ] --START--
INFO: Run Behavior\ReadHtmlCacheBehavior [ RunTime:0.000000s ]
INFO: [ app_begin ] --END-- [ RunTime:0.000000s ]
INFO: [ view_parse ] --START--
INFO: [ template_filter ] --START--
INFO: Run Behavior\ContentReplaceBehavior [ RunTime:0.000000s ]
INFO: [ template_filter ] --END-- [ RunTime:0.000000s ]
INFO: Run Behavior\ParseTemplateBehavior [ RunTime:0.007001s ]
INFO: [ view_parse ] --END-- [ RunTime:0.007001s ]
INFO: [ view_filter ] --START--
INFO: Run Behavior\WriteHtmlCacheBehavior [ RunTime:0.000000s ]
INFO: [ view_filter ] --END-- [ RunTime:0.001000s ]
INFO: [ app_end ] --START--
INFO: Run Behavior\ShowPageTraceBehavior [ RunTime:0.001000s ]
INFO: [ app_end ] --END-- [ RunTime:0.001000s ]

[ 2016-04-05T17:06:22+08:00 ] 10.10.24.237 /index.php/home/index/verify
INFO: [ app_init ] --START--
INFO: Run Behavior\BuildLiteBehavior [ RunTime:0.000000s ]
INFO: [ app_init ] --END-- [ RunTime:0.001000s ]
INFO: [ app_begin ] --START--
INFO: Run Behavior\ReadHtmlCacheBehavior [ RunTime:0.001000s ]
INFO: [ app_begin ] --END-- [ RunTime:0.001000s ]
INFO: [ app_end ] --START--
INFO: Run Behavior\ShowPageTraceBehavior [ RunTime:0.001000s ]
INFO: [ app_end ] --END-- [ RunTime:0.001000s ]

[ 2016-04-05T17:06:40+08:00 ] 10.10.24.237 /index.php/home/index/verify?t=Tue%20Apr%2005%202016%2017:07:42%20GMT+0800%20(%E4%B8%AD%E5%9B%BD%E6%A0%87%E5%87%86%E6%97%B6%E9%97%B4)
INFO: [ app_init ] --START--
INFO: Run Behavior\BuildLiteBehavior [ RunTime:0.000000s ]
INFO: [ app_init ] --END-- [ RunTime:0.001000s ]
INFO: [ app_begin ] --START--
INFO: Run Behavior\ReadHtmlCacheBehavior [ RunTime:0.001000s ]
INFO: [ app_begin ] --END-- [ RunTime:0.001000s ]
INFO: [ app_end ] --START--
INFO: Run Behavior\ShowPageTraceBehavior [ RunTime:0.000000s ]
INFO: [ app_end ] --END-- [ RunTime:0.000000s ]

[ 2016-04-05T17:06:51+08:00 ] 10.10.24.237 /index.php/home/index/login
INFO: [ app_init ] --START--
INFO: Run Behavior\BuildLiteBehavior [ RunTime:0.000000s ]
INFO: [ app_init ] --END-- [ RunTime:0.002000s ]
INFO: [ app_begin ] --START--
INFO: Run Behavior\ReadHtmlCacheBehavior [ RunTime:0.001000s ]
INFO: [ app_begin ] --END-- [ RunTime:0.002000s ]
SQL: SHOW COLUMNS FROM `tgyx_merchant` [ RunTime:0.0070s ]
SQL: SELECT * FROM `tgyx_merchant` WHERE ( username='kym029' ) LIMIT 1   [ RunTime:0.0020s ]
INFO: [ view_parse ] --START--
INFO: [ template_filter ] --START--
INFO: Run Behavior\ContentReplaceBehavior [ RunTime:0.000000s ]
INFO: [ template_filter ] --END-- [ RunTime:0.000000s ]
INFO: Run Behavior\ParseTemplateBehavior [ RunTime:0.009000s ]
INFO: [ view_parse ] --END-- [ RunTime:0.009000s ]
INFO: [ view_filter ] --START--
INFO: Run Behavior\WriteHtmlCacheBehavior [ RunTime:0.000000s ]
INFO: [ view_filter ] --END-- [ RunTime:0.001001s ]

[ 2016-04-05T17:06:51+08:00 ] 10.10.24.237 /
INFO: [ app_init ] --START--
INFO: Run Behavior\BuildLiteBehavior [ RunTime:0.000000s ]
INFO: [ app_init ] --END-- [ RunTime:0.001000s ]
INFO: [ app_begin ] --START--
INFO: Run Behavior\ReadHtmlCacheBehavior [ RunTime:0.001000s ]
INFO: [ app_begin ] --END-- [ RunTime:0.001000s ]
INFO: [ view_parse ] --START--
INFO: [ template_filter ] --START--
INFO: Run Behavior\ContentReplaceBehavior [ RunTime:0.000000s ]
INFO: [ template_filter ] --END-- [ RunTime:0.000000s ]
INFO: Run Behavior\ParseTemplateBehavior [ RunTime:0.006000s ]
INFO: [ view_parse ] --END-- [ RunTime:0.006000s ]
INFO: [ view_filter ] --START--
INFO: Run Behavior\WriteHtmlCacheBehavior [ RunTime:0.001000s ]
INFO: [ view_filter ] --END-- [ RunTime:0.001000s ]
INFO: [ app_end ] --START--
INFO: Run Behavior\ShowPageTraceBehavior [ RunTime:0.001000s ]
INFO: [ app_end ] --END-- [ RunTime:0.001000s ]

[ 2016-04-05T17:06:52+08:00 ] 10.10.24.237 /
INFO: [ app_init ] --START--
INFO: Run Behavior\BuildLiteBehavior [ RunTime:0.000000s ]
INFO: [ app_init ] --END-- [ RunTime:0.001000s ]
INFO: [ app_begin ] --START--
INFO: Run Behavior\ReadHtmlCacheBehavior [ RunTime:0.001000s ]
INFO: [ app_begin ] --END-- [ RunTime:0.001000s ]
INFO: [ view_parse ] --START--
INFO: [ template_filter ] --START--
INFO: Run Behavior\ContentReplaceBehavior [ RunTime:0.000000s ]
INFO: [ template_filter ] --END-- [ RunTime:0.000000s ]
INFO: Run Behavior\ParseTemplateBehavior [ RunTime:0.005000s ]
INFO: [ view_parse ] --END-- [ RunTime:0.005000s ]
INFO: [ view_filter ] --START--
INFO: Run Behavior\WriteHtmlCacheBehavior [ RunTime:0.000000s ]
INFO: [ view_filter ] --END-- [ RunTime:0.000000s ]
INFO: [ app_end ] --START--
INFO: Run Behavior\ShowPageTraceBehavior [ RunTime:0.000000s ]
INFO: [ app_end ] --END-- [ RunTime:0.000000s ]

[ 2016-04-05T17:07:12+08:00 ] 10.10.24.237 /index.php/Home/Pay/wechatPay?mid=5&store_id=11
INFO: [ app_init ] --START--
INFO: Run Behavior\BuildLiteBehavior [ RunTime:0.000000s ]
INFO: [ app_init ] --END-- [ RunTime:0.000000s ]
INFO: [ app_begin ] --START--
INFO: Run Behavior\ReadHtmlCacheBehavior [ RunTime:0.001000s ]
INFO: [ app_begin ] --END-- [ RunTime:0.001000s ]
SQL: SHOW COLUMNS FROM `tgyx_merchant` [ RunTime:0.0060s ]
SQL: SHOW COLUMNS FROM `tgyx_payconfig` [ RunTime:0.0070s ]
SQL: SELECT `id`,`pid` FROM `tgyx_merchant` WHERE ( id = '5' ) LIMIT 1   [ RunTime:0.0020s ]
SQL: SELECT `config` FROM `tgyx_payconfig` WHERE ( mid = '5' ) LIMIT 1   [ RunTime:0.0000s ]
NOTIC: [8] Use of undefined constant mid - assumed 'mid' E:\PhpstormProjects\pay\pay\Home\Controller\PayController.class.php 第 28 行.

[ 2016-04-05T17:07:16+08:00 ] 10.10.24.237 /index.php/Home/Pay/wechatPay?mid=5&store_id=11&code=03119c1e210dd7b9fac35388d478cdaK&state=wxpay
INFO: [ app_init ] --START--
INFO: Run Behavior\BuildLiteBehavior [ RunTime:0.000000s ]
INFO: [ app_init ] --END-- [ RunTime:0.001000s ]
INFO: [ app_begin ] --START--
INFO: Run Behavior\ReadHtmlCacheBehavior [ RunTime:0.001000s ]
INFO: [ app_begin ] --END-- [ RunTime:0.001000s ]
SQL: SHOW COLUMNS FROM `tgyx_merchant` [ RunTime:0.0070s ]
SQL: SHOW COLUMNS FROM `tgyx_payconfig` [ RunTime:0.0080s ]
SQL: SELECT `id`,`pid` FROM `tgyx_merchant` WHERE ( id = '5' ) LIMIT 1   [ RunTime:0.0020s ]
SQL: SELECT `config` FROM `tgyx_payconfig` WHERE ( mid = '5' ) LIMIT 1   [ RunTime:0.0000s ]
NOTIC: [8] Use of undefined constant mid - assumed 'mid' E:\PhpstormProjects\pay\pay\Home\Controller\PayController.class.php 第 28 行.
NOTIC: [8] curl_setopt(): CURLOPT_SSL_VERIFYHOST no longer accepts the value 1, value 2 will be used instead E:\PhpstormProjects\pay\pay\Util\CommonUtil.class.php 第 136 行.
NOTIC: [8] Undefined index: errcode E:\PhpstormProjects\pay\pay\Util\WeChatUtil.class.php 第 33 行.
NOTIC: [8] curl_setopt(): CURLOPT_SSL_VERIFYHOST no longer accepts the value 1, value 2 will be used instead E:\PhpstormProjects\pay\pay\Util\CommonUtil.class.php 第 136 行.
NOTIC: [8] curl_setopt(): CURLOPT_SSL_VERIFYHOST no longer accepts the value 1, value 2 will be used instead E:\PhpstormProjects\pay\pay\Util\CommonUtil.class.php 第 136 行.
NOTIC: [8] Undefined index: errcode E:\PhpstormProjects\pay\pay\Util\WeChatUtil.class.php 第 72 行.
SQL: SHOW COLUMNS FROM `tgyx_fans` [ RunTime:0.0080s ]
SQL: SELECT `id` FROM `tgyx_fans` WHERE ( openid = 'okmiKuISCOGhOnAhUW2n4Jewg5Xs' and mid = '5' ) LIMIT 1   [ RunTime:0.0030s ]
NOTIC: [2] addslashes() expects parameter 1 to be string, array given E:\PhpstormProjects\pay\ThinkPHP\Library\Think\Db\Driver.class.php 第 1031 行.
SQL: UPDATE `tgyx_fans` SET `openid`='okmiKuISCOGhOnAhUW2n4Jewg5Xs',`nickname`='滔',`sex`='1',`city`='东莞',`province`='广东',`country`='中国',`headimgurl`='http://wx.qlogo.cn/mmopen/OAX6uXbhWl8Hh1rQDuFeZ10OgEVo3XGOAYZHA5NTFia7UKYvtZTmiccOGyJRlnZgSk06f7riaicoObJbdQHJicTy2jm1pRYg40TSe/0',`groupid`='0',`mid`='5',`is_subscribe`='1' WHERE ( id = '' ) [ RunTime:0.0000s ]
SQL: SHOW COLUMNS FROM `tgyx_lijian` [ RunTime:0.0070s ]
SQL: SELECT * FROM `tgyx_lijian` WHERE ( mid = '5' AND status = 1 ) LIMIT 1   [ RunTime:0.0030s ]
SQL: SHOW COLUMNS FROM `tgyx_pageinfo` [ RunTime:0.0060s ]
SQL: SELECT * FROM `tgyx_pageinfo` WHERE ( mid=5 ) LIMIT 1   [ RunTime:0.0010s ]
INFO: [ view_parse ] --START--
INFO: [ template_filter ] --START--
INFO: Run Behavior\ContentReplaceBehavior [ RunTime:0.001000s ]
INFO: [ template_filter ] --END-- [ RunTime:0.001000s ]
INFO: Run Behavior\ParseTemplateBehavior [ RunTime:0.008001s ]
INFO: [ view_parse ] --END-- [ RunTime:0.008001s ]
INFO: [ view_filter ] --START--
INFO: Run Behavior\WriteHtmlCacheBehavior [ RunTime:0.000000s ]
INFO: [ view_filter ] --END-- [ RunTime:0.000000s ]
INFO: [ app_end ] --START--
INFO: Run Behavior\ShowPageTraceBehavior [ RunTime:0.000000s ]
INFO: [ app_end ] --END-- [ RunTime:0.000000s ]

[ 2016-04-05T17:07:54+08:00 ] 10.10.24.237 /index.php/Home/Pay/wechatPay?mid=5&amp;store_id=11&amp;code=03119c1e210dd7b9fac35388d478cdaK&amp;state=wxpay
INFO: [ app_init ] --START--
INFO: Run Behavior\BuildLiteBehavior [ RunTime:0.000000s ]
INFO: [ app_init ] --END-- [ RunTime:0.002000s ]
INFO: [ app_begin ] --START--
INFO: Run Behavior\ReadHtmlCacheBehavior [ RunTime:0.002000s ]
INFO: [ app_begin ] --END-- [ RunTime:0.002000s ]
SQL: SHOW COLUMNS FROM `tgyx_lijian` [ RunTime:0.0060s ]
SQL: SELECT * FROM `tgyx_lijian` WHERE ( mid = '5' AND status = 1 ) LIMIT 1   [ RunTime:0.0020s ]
SQL: SHOW COLUMNS FROM `tgyx_wxcoupon_receive` [ RunTime:0.0070s ]
SQL: SELECT * FROM `tgyx_wxcoupon_receive` WHERE ( openid='okmiKuISCOGhOnAhUW2n4Jewg5Xs' AND mid=5 ) LIMIT 1   [ RunTime:0.0020s ]
SQL: SHOW COLUMNS FROM `tgyx_fans` [ RunTime:0.0070s ]
SQL: SELECT * FROM `tgyx_fans` WHERE ( openid = 'okmiKuISCOGhOnAhUW2n4Jewg5Xs' and mid = '5' ) LIMIT 1   [ RunTime:0.0020s ]
NOTIC: [8] Undefined index: goods_name E:\PhpstormProjects\pay\pay\Home\Controller\PayController.class.php 第 147 行.
SQL: SHOW COLUMNS FROM `tgyx_order` [ RunTime:0.0050s ]
SQL: INSERT INTO `tgyx_order` (`lijian_fee`,`order_no`,`mid`,`pmid`,`pay_way`,`pay_type`,`store_id`,`goods_name`,`total_fee`,`create_time`,`fans_id`,`fans_name`,`openid`,`is_subscribe`) VALUES ('210','201604051707540929589962','5','0','weixin','JSAPI','11','自定义扫码支付','790','1459847274','2','滔','okmiKuISCOGhOnAhUW2n4Jewg5Xs','Y') [ RunTime:0.0380s ]
SQL: SHOW COLUMNS FROM `tgyx_merchant` [ RunTime:0.0050s ]
SQL: SHOW COLUMNS FROM `tgyx_payconfig` [ RunTime:0.0060s ]
SQL: SELECT `id`,`pid` FROM `tgyx_merchant` WHERE ( id = '5' ) LIMIT 1   [ RunTime:0.0020s ]
SQL: SELECT `config` FROM `tgyx_payconfig` WHERE ( mid = '5' ) LIMIT 1   [ RunTime:0.0000s ]
NOTIC: [8] Use of undefined constant mid - assumed 'mid' E:\PhpstormProjects\pay\pay\Home\Controller\PayController.class.php 第 157 行.
NOTIC: [8192] Function eregi() is deprecated E:\PhpstormProjects\pay\pay\Util\WeChatUtil.class.php 第 109 行.
NOTIC: [8] curl_setopt(): CURLOPT_SSL_VERIFYHOST no longer accepts the value 1, value 2 will be used instead E:\PhpstormProjects\pay\pay\Util\CommonUtil.class.php 第 136 行.

